Simulation run on: 28-Feb-2016
Output File name: MeanAllConc_T50-Length4.out
Length of cycle: 4
Run time: 1.044400e+02

 [1  0  0  0] Prob =  1.000000e+00
   562 Plans found:
     1 AM 256 + AM 256 + AM 256 + CPR100 
     2 AM 256 + AM 256 + CPR100 + AM1024 
     3 AM 256 + AM 256 + CPR100 + FEP0.0156 
     4 AM 256 + AM 256 + CPR128 + CPR100 
     5 AM 256 + AM 256 + CTT0.0325 + CPR100 
     6 AM 256 + AM 256 + CTT0.0625 + CPR100 
     7 AM 256 + AM 256 + SAM9.16 + CPR100 
     8 AM 256 + AM 256 + TZP8.128 + CPR100 
     9 AM 256 + AMC8.512 + AM1024 + AM1024 
    10 AM 256 + AMC8.512 + AMC8.1024 + CPR100 
    11 AM 256 + CPR100 + AM1024 + AM1024 
    12 AM 256 + CPR100 + AM1024 + FEP0.0156 
    13 AM 256 + CPR100 + AMC8.1024 + CPR100 
    14 AM 256 + CPR100 + FEP0.0156 + AM1024 
    15 AM 256 + CPR100 + FEP0.0156 + FEP0.0156 
    16 AM 256 + CPR100 + FEP0.0312 + AM1024 
    17 AM 256 + CPR100 + FEP0.0312 + SAM8.32 
    18 AM 256 + CPR128 + AM 256 + CPR100 
    19 AM 256 + CPR128 + CPR100 + AM1024 
    20 AM 256 + CPR128 + CPR100 + FEP0.0156 
    21 AM 256 + CPR128 + CPR128 + CPR100 
    22 AM 256 + CPR128 + CTT0.0325 + CPR100 
    23 AM 256 + CPR128 + CTT0.0625 + CPR100 
    24 AM 256 + CPR128 + SAM9.16 + CPR100 
    25 AM 256 + CPR128 + TZP8.128 + CPR100 
    26 AM 256 + CTT0.0325 + AM 256 + CPR100 
    27 AM 256 + CTT0.0325 + CPR100 + AM1024 
    28 AM 256 + CTT0.0325 + CPR100 + FEP0.0156 
    29 AM 256 + CTT0.0325 + CPR128 + CPR100 
    30 AM 256 + CTT0.0325 + CTT0.0325 + CPR100 
    31 AM 256 + CTT0.0325 + CTT0.0625 + CPR100 
    32 AM 256 + CTT0.0325 + SAM9.16 + CPR100 
    33 AM 256 + CTT0.0325 + TZP8.128 + CPR100 
    34 AM 256 + CTT0.0625 + AM 256 + CPR100 
    35 AM 256 + CTT0.0625 + CPR100 + AM1024 
    36 AM 256 + CTT0.0625 + CPR100 + FEP0.0156 
    37 AM 256 + CTT0.0625 + CPR128 + CPR100 
    38 AM 256 + CTT0.0625 + CTT0.0325 + CPR100 
    39 AM 256 + CTT0.0625 + CTT0.0625 + CPR100 
    40 AM 256 + CTT0.0625 + SAM9.16 + CPR100 
    41 AM 256 + CTT0.0625 + TZP8.128 + CPR100 
    42 AM 256 + CTX0.123 + AM1024 + AM1024 
    43 AM 256 + CTX0.123 + AM1024 + SAM8.32 
    44 AM 256 + CTX0.123 + AMC8.1024 + CPR100 
    45 AM 256 + CTX0.123 + ZOX0.03 + AM1024 
    46 AM 256 + CTX0.123 + ZOX0.03 + SAM8.32 
    47 AM 256 + SAM9.16 + AM 256 + CPR100 
    48 AM 256 + SAM9.16 + CPR100 + AM1024 
    49 AM 256 + SAM9.16 + CPR100 + FEP0.0156 
    50 AM 256 + SAM9.16 + CPR128 + CPR100 
    51 AM 256 + SAM9.16 + CTT0.0325 + CPR100 
    52 AM 256 + SAM9.16 + CTT0.0625 + CPR100 
    53 AM 256 + SAM9.16 + SAM9.16 + CPR100 
    54 AM 256 + SAM9.16 + TZP8.128 + CPR100 
    55 AM 256 + TZP8.128 + AM 256 + CPR100 
    56 AM 256 + TZP8.128 + CPR100 + AM1024 
    57 AM 256 + TZP8.128 + CPR100 + FEP0.0156 
    58 AM 256 + TZP8.128 + CPR128 + CPR100 
    59 AM 256 + TZP8.128 + CTT0.0325 + CPR100 
    60 AM 256 + TZP8.128 + CTT0.0625 + CPR100 
    61 AM 256 + TZP8.128 + SAM9.16 + CPR100 
    62 AM 256 + TZP8.128 + TZP8.128 + CPR100 
    63 AM 256 + ZOX0.02 + AM1024 + AM1024 
    64 AM 256 + ZOX0.02 + AM1024 + SAM8.32 
    65 AM 256 + ZOX0.02 + AMC8.1024 + CPR100 
    66 AM 256 + ZOX0.02 + ZOX0.03 + AM1024 
    67 AM 256 + ZOX0.02 + ZOX0.03 + SAM8.32 
    68 AMC8.512 + AM1024 + AM1024 + AM1024 
    69 AMC8.512 + AM1024 + AM1024 + FEP0.0156 
    70 AMC8.512 + AMC8.1024 + AM 256 + CPR100 
    71 AMC8.512 + AMC8.1024 + CPR100 + AM1024 
    72 AMC8.512 + AMC8.1024 + CPR100 + FEP0.0156 
    73 AMC8.512 + AMC8.1024 + CPR128 + CPR100 
    74 AMC8.512 + AMC8.1024 + CTT0.0325 + CPR100 
    75 AMC8.512 + AMC8.1024 + CTT0.0625 + CPR100 
    76 AMC8.512 + AMC8.1024 + SAM9.16 + CPR100 
    77 AMC8.512 + AMC8.1024 + TZP8.128 + CPR100 
    78 AMC8.512 + FEP0.0156 + AM1024 + AM1024 
    79 AMC8.512 + FEP0.0156 + AMC8.1024 + CPR100 
    80 CPR100 + AM1024 + AM1024 + AM1024 
    81 CPR100 + AM1024 + AM1024 + FEP0.0156 
    82 CPR100 + AM1024 + AMC8.1024 + CPR100 
    83 CPR100 + AM1024 + FEP0.0156 + AM1024 
    84 CPR100 + AM1024 + FEP0.0156 + FEP0.0156 
    85 CPR100 + AM1024 + FEP0.0312 + AM1024 
    86 CPR100 + AM1024 + FEP0.0312 + SAM8.32 
    87 CPR100 + AMC8.1024 + AM 256 + CPR100 
    88 CPR100 + AMC8.1024 + CPR100 + AM1024 
    89 CPR100 + AMC8.1024 + CPR100 + FEP0.0156 
    90 CPR100 + AMC8.1024 + CPR128 + CPR100 
    91 CPR100 + AMC8.1024 + CTT0.0325 + CPR100 
    92 CPR100 + AMC8.1024 + CTT0.0625 + CPR100 
    93 CPR100 + AMC8.1024 + SAM9.16 + CPR100 
    94 CPR100 + AMC8.1024 + TZP8.128 + CPR100 
    95 CPR100 + FEP0.0156 + AM1024 + AM1024 
    96 CPR100 + FEP0.0156 + AM1024 + FEP0.0156 
    97 CPR100 + FEP0.0156 + AMC8.1024 + CPR100 
    98 CPR100 + FEP0.0156 + FEP0.0156 + AM1024 
    99 CPR100 + FEP0.0156 + FEP0.0156 + FEP0.0156 
   100 CPR100 + FEP0.0156 + FEP0.0312 + AM1024 
   101 CPR100 + FEP0.0156 + FEP0.0312 + SAM8.32 
   102 CPR100 + FEP0.0312 + AM 512 + AM1024 
   103 CPR100 + FEP0.0312 + AM 512 + SAM8.32 
   104 CPR100 + FEP0.0312 + AM1024 + AM1024 
   105 CPR100 + FEP0.0312 + AM1024 + FEP0.0156 
   106 CPR100 + FEP0.0312 + CAZ0.125 + AM1024 
   107 CPR100 + FEP0.0312 + CAZ0.125 + SAM8.32 
   108 CPR100 + FEP0.0312 + CTX0.123 + AM1024 
   109 CPR100 + FEP0.0312 + CTX0.123 + SAM8.32 
   110 CPR100 + FEP0.0312 + SAM8.32 + AM1024 
   111 CPR100 + FEP0.0312 + SAM8.32 + FEP0.0156 
   112 CPR128 + AM 256 + AM 256 + CPR100 
   113 CPR128 + AM 256 + CPR100 + AM1024 
   114 CPR128 + AM 256 + CPR100 + FEP0.0156 
   115 CPR128 + AM 256 + CPR128 + CPR100 
   116 CPR128 + AM 256 + CTT0.0325 + CPR100 
   117 CPR128 + AM 256 + CTT0.0625 + CPR100 
   118 CPR128 + AM 256 + SAM9.16 + CPR100 
   119 CPR128 + AM 256 + TZP8.128 + CPR100 
   120 CPR128 + AMC8.512 + AM1024 + AM1024 
   121 CPR128 + AMC8.512 + AMC8.1024 + CPR100 
   122 CPR128 + CPR100 + AM1024 + AM1024 
   123 CPR128 + CPR100 + AM1024 + FEP0.0156 
   124 CPR128 + CPR100 + AMC8.1024 + CPR100 
   125 CPR128 + CPR100 + FEP0.0156 + AM1024 
   126 CPR128 + CPR100 + FEP0.0156 + FEP0.0156 
   127 CPR128 + CPR100 + FEP0.0312 + AM1024 
   128 CPR128 + CPR100 + FEP0.0312 + SAM8.32 
   129 CPR128 + CPR128 + AM 256 + CPR100 
   130 CPR128 + CPR128 + CPR100 + AM1024 
   131 CPR128 + CPR128 + CPR100 + FEP0.0156 
   132 CPR128 + CPR128 + CPR128 + CPR100 
   133 CPR128 + CPR128 + CTT0.0325 + CPR100 
   134 CPR128 + CPR128 + CTT0.0625 + CPR100 
   135 CPR128 + CPR128 + SAM9.16 + CPR100 
   136 CPR128 + CPR128 + TZP8.128 + CPR100 
   137 CPR128 + CTT0.0325 + AM 256 + CPR100 
   138 CPR128 + CTT0.0325 + CPR100 + AM1024 
   139 CPR128 + CTT0.0325 + CPR100 + FEP0.0156 
   140 CPR128 + CTT0.0325 + CPR128 + CPR100 
   141 CPR128 + CTT0.0325 + CTT0.0325 + CPR100 
   142 CPR128 + CTT0.0325 + CTT0.0625 + CPR100 
   143 CPR128 + CTT0.0325 + SAM9.16 + CPR100 
   144 CPR128 + CTT0.0325 + TZP8.128 + CPR100 
   145 CPR128 + CTT0.0625 + AM 256 + CPR100 
   146 CPR128 + CTT0.0625 + CPR100 + AM1024 
   147 CPR128 + CTT0.0625 + CPR100 + FEP0.0156 
   148 CPR128 + CTT0.0625 + CPR128 + CPR100 
   149 CPR128 + CTT0.0625 + CTT0.0325 + CPR100 
   150 CPR128 + CTT0.0625 + CTT0.0625 + CPR100 
   151 CPR128 + CTT0.0625 + SAM9.16 + CPR100 
   152 CPR128 + CTT0.0625 + TZP8.128 + CPR100 
   153 CPR128 + CTX0.123 + AM1024 + AM1024 
   154 CPR128 + CTX0.123 + AM1024 + SAM8.32 
   155 CPR128 + CTX0.123 + AMC8.1024 + CPR100 
   156 CPR128 + CTX0.123 + ZOX0.03 + AM1024 
   157 CPR128 + CTX0.123 + ZOX0.03 + SAM8.32 
   158 CPR128 + SAM9.16 + AM 256 + CPR100 
   159 CPR128 + SAM9.16 + CPR100 + AM1024 
   160 CPR128 + SAM9.16 + CPR100 + FEP0.0156 
   161 CPR128 + SAM9.16 + CPR128 + CPR100 
   162 CPR128 + SAM9.16 + CTT0.0325 + CPR100 
   163 CPR128 + SAM9.16 + CTT0.0625 + CPR100 
   164 CPR128 + SAM9.16 + SAM9.16 + CPR100 
   165 CPR128 + SAM9.16 + TZP8.128 + CPR100 
   166 CPR128 + TZP8.128 + AM 256 + CPR100 
   167 CPR128 + TZP8.128 + CPR100 + AM1024 
   168 CPR128 + TZP8.128 + CPR100 + FEP0.0156 
   169 CPR128 + TZP8.128 + CPR128 + CPR100 
   170 CPR128 + TZP8.128 + CTT0.0325 + CPR100 
   171 CPR128 + TZP8.128 + CTT0.0625 + CPR100 
   172 CPR128 + TZP8.128 + SAM9.16 + CPR100 
   173 CPR128 + TZP8.128 + TZP8.128 + CPR100 
   174 CPR128 + ZOX0.02 + AM1024 + AM1024 
   175 CPR128 + ZOX0.02 + AM1024 + SAM8.32 
   176 CPR128 + ZOX0.02 + AMC8.1024 + CPR100 
   177 CPR128 + ZOX0.02 + ZOX0.03 + AM1024 
   178 CPR128 + ZOX0.02 + ZOX0.03 + SAM8.32 
   179 CTT0.0325 + AM 256 + AM 256 + CPR100 
   180 CTT0.0325 + AM 256 + CPR100 + AM1024 
   181 CTT0.0325 + AM 256 + CPR100 + FEP0.0156 
   182 CTT0.0325 + AM 256 + CPR128 + CPR100 
   183 CTT0.0325 + AM 256 + CTT0.0325 + CPR100 
   184 CTT0.0325 + AM 256 + CTT0.0625 + CPR100 
   185 CTT0.0325 + AM 256 + SAM9.16 + CPR100 
   186 CTT0.0325 + AM 256 + TZP8.128 + CPR100 
   187 CTT0.0325 + AMC8.512 + AM1024 + AM1024 
   188 CTT0.0325 + AMC8.512 + AMC8.1024 + CPR100 
   189 CTT0.0325 + CPR100 + AM1024 + AM1024 
   190 CTT0.0325 + CPR100 + AM1024 + FEP0.0156 
   191 CTT0.0325 + CPR100 + AMC8.1024 + CPR100 
   192 CTT0.0325 + CPR100 + FEP0.0156 + AM1024 
   193 CTT0.0325 + CPR100 + FEP0.0156 + FEP0.0156 
   194 CTT0.0325 + CPR100 + FEP0.0312 + AM1024 
   195 CTT0.0325 + CPR100 + FEP0.0312 + SAM8.32 
   196 CTT0.0325 + CPR128 + AM 256 + CPR100 
   197 CTT0.0325 + CPR128 + CPR100 + AM1024 
   198 CTT0.0325 + CPR128 + CPR100 + FEP0.0156 
   199 CTT0.0325 + CPR128 + CPR128 + CPR100 
   200 CTT0.0325 + CPR128 + CTT0.0325 + CPR100 
   201 CTT0.0325 + CPR128 + CTT0.0625 + CPR100 
   202 CTT0.0325 + CPR128 + SAM9.16 + CPR100 
   203 CTT0.0325 + CPR128 + TZP8.128 + CPR100 
   204 CTT0.0325 + CTT0.0325 + AM 256 + CPR100 
   205 CTT0.0325 + CTT0.0325 + CPR100 + AM1024 
   206 CTT0.0325 + CTT0.0325 + CPR100 + FEP0.0156 
   207 CTT0.0325 + CTT0.0325 + CPR128 + CPR100 
   208 CTT0.0325 + CTT0.0325 + CTT0.0325 + CPR100 
   209 CTT0.0325 + CTT0.0325 + CTT0.0625 + CPR100 
   210 CTT0.0325 + CTT0.0325 + SAM9.16 + CPR100 
   211 CTT0.0325 + CTT0.0325 + TZP8.128 + CPR100 
   212 CTT0.0325 + CTT0.0625 + AM 256 + CPR100 
   213 CTT0.0325 + CTT0.0625 + CPR100 + AM1024 
   214 CTT0.0325 + CTT0.0625 + CPR100 + FEP0.0156 
   215 CTT0.0325 + CTT0.0625 + CPR128 + CPR100 
   216 CTT0.0325 + CTT0.0625 + CTT0.0325 + CPR100 
   217 CTT0.0325 + CTT0.0625 + CTT0.0625 + CPR100 
   218 CTT0.0325 + CTT0.0625 + SAM9.16 + CPR100 
   219 CTT0.0325 + CTT0.0625 + TZP8.128 + CPR100 
   220 CTT0.0325 + CTX0.123 + AM1024 + AM1024 
   221 CTT0.0325 + CTX0.123 + AM1024 + SAM8.32 
   222 CTT0.0325 + CTX0.123 + AMC8.1024 + CPR100 
   223 CTT0.0325 + CTX0.123 + ZOX0.03 + AM1024 
   224 CTT0.0325 + CTX0.123 + ZOX0.03 + SAM8.32 
   225 CTT0.0325 + SAM9.16 + AM 256 + CPR100 
   226 CTT0.0325 + SAM9.16 + CPR100 + AM1024 
   227 CTT0.0325 + SAM9.16 + CPR100 + FEP0.0156 
   228 CTT0.0325 + SAM9.16 + CPR128 + CPR100 
   229 CTT0.0325 + SAM9.16 + CTT0.0325 + CPR100 
   230 CTT0.0325 + SAM9.16 + CTT0.0625 + CPR100 
   231 CTT0.0325 + SAM9.16 + SAM9.16 + CPR100 
   232 CTT0.0325 + SAM9.16 + TZP8.128 + CPR100 
   233 CTT0.0325 + TZP8.128 + AM 256 + CPR100 
   234 CTT0.0325 + TZP8.128 + CPR100 + AM1024 
   235 CTT0.0325 + TZP8.128 + CPR100 + FEP0.0156 
   236 CTT0.0325 + TZP8.128 + CPR128 + CPR100 
   237 CTT0.0325 + TZP8.128 + CTT0.0325 + CPR100 
   238 CTT0.0325 + TZP8.128 + CTT0.0625 + CPR100 
   239 CTT0.0325 + TZP8.128 + SAM9.16 + CPR100 
   240 CTT0.0325 + TZP8.128 + TZP8.128 + CPR100 
   241 CTT0.0325 + ZOX0.02 + AM1024 + AM1024 
   242 CTT0.0325 + ZOX0.02 + AM1024 + SAM8.32 
   243 CTT0.0325 + ZOX0.02 + AMC8.1024 + CPR100 
   244 CTT0.0325 + ZOX0.02 + ZOX0.03 + AM1024 
   245 CTT0.0325 + ZOX0.02 + ZOX0.03 + SAM8.32 
   246 CTT0.0625 + AM 256 + AM 256 + CPR100 
   247 CTT0.0625 + AM 256 + CPR100 + AM1024 
   248 CTT0.0625 + AM 256 + CPR100 + FEP0.0156 
   249 CTT0.0625 + AM 256 + CPR128 + CPR100 
   250 CTT0.0625 + AM 256 + CTT0.0325 + CPR100 
   251 CTT0.0625 + AM 256 + CTT0.0625 + CPR100 
   252 CTT0.0625 + AM 256 + SAM9.16 + CPR100 
   253 CTT0.0625 + AM 256 + TZP8.128 + CPR100 
   254 CTT0.0625 + AMC8.512 + AM1024 + AM1024 
   255 CTT0.0625 + AMC8.512 + AMC8.1024 + CPR100 
   256 CTT0.0625 + CPR100 + AM1024 + AM1024 
   257 CTT0.0625 + CPR100 + AM1024 + FEP0.0156 
   258 CTT0.0625 + CPR100 + AMC8.1024 + CPR100 
   259 CTT0.0625 + CPR100 + FEP0.0156 + AM1024 
   260 CTT0.0625 + CPR100 + FEP0.0156 + FEP0.0156 
   261 CTT0.0625 + CPR100 + FEP0.0312 + AM1024 
   262 CTT0.0625 + CPR100 + FEP0.0312 + SAM8.32 
   263 CTT0.0625 + CPR128 + AM 256 + CPR100 
   264 CTT0.0625 + CPR128 + CPR100 + AM1024 
   265 CTT0.0625 + CPR128 + CPR100 + FEP0.0156 
   266 CTT0.0625 + CPR128 + CPR128 + CPR100 
   267 CTT0.0625 + CPR128 + CTT0.0325 + CPR100 
   268 CTT0.0625 + CPR128 + CTT0.0625 + CPR100 
   269 CTT0.0625 + CPR128 + SAM9.16 + CPR100 
   270 CTT0.0625 + CPR128 + TZP8.128 + CPR100 
   271 CTT0.0625 + CTT0.0325 + AM 256 + CPR100 
   272 CTT0.0625 + CTT0.0325 + CPR100 + AM1024 
   273 CTT0.0625 + CTT0.0325 + CPR100 + FEP0.0156 
   274 CTT0.0625 + CTT0.0325 + CPR128 + CPR100 
   275 CTT0.0625 + CTT0.0325 + CTT0.0325 + CPR100 
   276 CTT0.0625 + CTT0.0325 + CTT0.0625 + CPR100 
   277 CTT0.0625 + CTT0.0325 + SAM9.16 + CPR100 
   278 CTT0.0625 + CTT0.0325 + TZP8.128 + CPR100 
   279 CTT0.0625 + CTT0.0625 + AM 256 + CPR100 
   280 CTT0.0625 + CTT0.0625 + CPR100 + AM1024 
   281 CTT0.0625 + CTT0.0625 + CPR100 + FEP0.0156 
   282 CTT0.0625 + CTT0.0625 + CPR128 + CPR100 
   283 CTT0.0625 + CTT0.0625 + CTT0.0325 + CPR100 
   284 CTT0.0625 + CTT0.0625 + CTT0.0625 + CPR100 
   285 CTT0.0625 + CTT0.0625 + SAM9.16 + CPR100 
   286 CTT0.0625 + CTT0.0625 + TZP8.128 + CPR100 
   287 CTT0.0625 + CTX0.123 + AM1024 + AM1024 
   288 CTT0.0625 + CTX0.123 + AM1024 + SAM8.32 
   289 CTT0.0625 + CTX0.123 + AMC8.1024 + CPR100 
   290 CTT0.0625 + CTX0.123 + ZOX0.03 + AM1024 
   291 CTT0.0625 + CTX0.123 + ZOX0.03 + SAM8.32 
   292 CTT0.0625 + SAM9.16 + AM 256 + CPR100 
   293 CTT0.0625 + SAM9.16 + CPR100 + AM1024 
   294 CTT0.0625 + SAM9.16 + CPR100 + FEP0.0156 
   295 CTT0.0625 + SAM9.16 + CPR128 + CPR100 
   296 CTT0.0625 + SAM9.16 + CTT0.0325 + CPR100 
   297 CTT0.0625 + SAM9.16 + CTT0.0625 + CPR100 
   298 CTT0.0625 + SAM9.16 + SAM9.16 + CPR100 
   299 CTT0.0625 + SAM9.16 + TZP8.128 + CPR100 
   300 CTT0.0625 + TZP8.128 + AM 256 + CPR100 
   301 CTT0.0625 + TZP8.128 + CPR100 + AM1024 
   302 CTT0.0625 + TZP8.128 + CPR100 + FEP0.0156 
   303 CTT0.0625 + TZP8.128 + CPR128 + CPR100 
   304 CTT0.0625 + TZP8.128 + CTT0.0325 + CPR100 
   305 CTT0.0625 + TZP8.128 + CTT0.0625 + CPR100 
   306 CTT0.0625 + TZP8.128 + SAM9.16 + CPR100 
   307 CTT0.0625 + TZP8.128 + TZP8.128 + CPR100 
   308 CTT0.0625 + ZOX0.02 + AM1024 + AM1024 
   309 CTT0.0625 + ZOX0.02 + AM1024 + SAM8.32 
   310 CTT0.0625 + ZOX0.02 + AMC8.1024 + CPR100 
   311 CTT0.0625 + ZOX0.02 + ZOX0.03 + AM1024 
   312 CTT0.0625 + ZOX0.02 + ZOX0.03 + SAM8.32 
   313 CTX0.123 + AM1024 + AM 512 + AM1024 
   314 CTX0.123 + AM1024 + AM 512 + SAM8.32 
   315 CTX0.123 + AM1024 + AM1024 + AM1024 
   316 CTX0.123 + AM1024 + AM1024 + FEP0.0156 
   317 CTX0.123 + AM1024 + CAZ0.125 + AM1024 
   318 CTX0.123 + AM1024 + CAZ0.125 + SAM8.32 
   319 CTX0.123 + AM1024 + CTX0.123 + AM1024 
   320 CTX0.123 + AM1024 + CTX0.123 + SAM8.32 
   321 CTX0.123 + AM1024 + SAM8.32 + AM1024 
   322 CTX0.123 + AM1024 + SAM8.32 + FEP0.0156 
   323 CTX0.123 + AMC8.1024 + AM 256 + CPR100 
   324 CTX0.123 + AMC8.1024 + CPR100 + AM1024 
   325 CTX0.123 + AMC8.1024 + CPR100 + FEP0.0156 
   326 CTX0.123 + AMC8.1024 + CPR128 + CPR100 
   327 CTX0.123 + AMC8.1024 + CTT0.0325 + CPR100 
   328 CTX0.123 + AMC8.1024 + CTT0.0625 + CPR100 
   329 CTX0.123 + AMC8.1024 + SAM9.16 + CPR100 
   330 CTX0.123 + AMC8.1024 + TZP8.128 + CPR100 
   331 CTX0.123 + CPD 2 + AM1024 + AM1024 
   332 CTX0.123 + CPD 2 + AM1024 + SAM8.32 
   333 CTX0.123 + CPD 2 + AMC8.1024 + CPR100 
   334 CTX0.123 + CPD 2 + ZOX0.03 + AM1024 
   335 CTX0.123 + CPD 2 + ZOX0.03 + SAM8.32 
   336 CTX0.123 + CRO 0.045 + AM1024 + AM1024 
   337 CTX0.123 + CRO 0.045 + AM1024 + SAM8.32 
   338 CTX0.123 + CRO 0.045 + AMC8.1024 + CPR100 
   339 CTX0.123 + CRO 0.045 + ZOX0.03 + AM1024 
   340 CTX0.123 + CRO 0.045 + ZOX0.03 + SAM8.32 
   341 CTX0.123 + CTX0.05 + AM1024 + AM1024 
   342 CTX0.123 + CTX0.05 + AM1024 + SAM8.32 
   343 CTX0.123 + CTX0.05 + AMC8.1024 + CPR100 
   344 CTX0.123 + CTX0.05 + ZOX0.03 + AM1024 
   345 CTX0.123 + CTX0.05 + ZOX0.03 + SAM8.32 
   346 CTX0.123 + CTX0.06 + AM1024 + AM1024 
   347 CTX0.123 + CTX0.06 + AM1024 + SAM8.32 
   348 CTX0.123 + CTX0.06 + AMC8.1024 + CPR100 
   349 CTX0.123 + CTX0.06 + ZOX0.03 + AM1024 
   350 CTX0.123 + CTX0.06 + ZOX0.03 + SAM8.32 
   351 CTX0.123 + FEP0.0156 + AM1024 + AM1024 
   352 CTX0.123 + FEP0.0156 + AM1024 + SAM8.32 
   353 CTX0.123 + FEP0.0156 + AMC8.1024 + CPR100 
   354 CTX0.123 + FEP0.0156 + ZOX0.03 + AM1024 
   355 CTX0.123 + FEP0.0156 + ZOX0.03 + SAM8.32 
   356 CTX0.123 + ZOX0.03 + AM 512 + AM1024 
   357 CTX0.123 + ZOX0.03 + AM 512 + SAM8.32 
   358 CTX0.123 + ZOX0.03 + AM1024 + AM1024 
   359 CTX0.123 + ZOX0.03 + AM1024 + FEP0.0156 
   360 CTX0.123 + ZOX0.03 + CAZ0.125 + AM1024 
   361 CTX0.123 + ZOX0.03 + CAZ0.125 + SAM8.32 
   362 CTX0.123 + ZOX0.03 + CTX0.123 + AM1024 
   363 CTX0.123 + ZOX0.03 + CTX0.123 + SAM8.32 
   364 CTX0.123 + ZOX0.03 + SAM8.32 + AM1024 
   365 CTX0.123 + ZOX0.03 + SAM8.32 + FEP0.0156 
   366 CTX0.123 + ZOX0.02 + AM1024 + AM1024 
   367 CTX0.123 + ZOX0.02 + AM1024 + SAM8.32 
   368 CTX0.123 + ZOX0.02 + AMC8.1024 + CPR100 
   369 CTX0.123 + ZOX0.02 + ZOX0.03 + AM1024 
   370 CTX0.123 + ZOX0.02 + ZOX0.03 + SAM8.32 
   371 SAM9.16 + AM 256 + AM 256 + CPR100 
   372 SAM9.16 + AM 256 + CPR100 + AM1024 
   373 SAM9.16 + AM 256 + CPR100 + FEP0.0156 
   374 SAM9.16 + AM 256 + CPR128 + CPR100 
   375 SAM9.16 + AM 256 + CTT0.0325 + CPR100 
   376 SAM9.16 + AM 256 + CTT0.0625 + CPR100 
   377 SAM9.16 + AM 256 + SAM9.16 + CPR100 
   378 SAM9.16 + AM 256 + TZP8.128 + CPR100 
   379 SAM9.16 + AMC8.512 + AM1024 + AM1024 
   380 SAM9.16 + AMC8.512 + AMC8.1024 + CPR100 
   381 SAM9.16 + CPR100 + AM1024 + AM1024 
   382 SAM9.16 + CPR100 + AM1024 + FEP0.0156 
   383 SAM9.16 + CPR100 + AMC8.1024 + CPR100 
   384 SAM9.16 + CPR100 + FEP0.0156 + AM1024 
   385 SAM9.16 + CPR100 + FEP0.0156 + FEP0.0156 
   386 SAM9.16 + CPR100 + FEP0.0312 + AM1024 
   387 SAM9.16 + CPR100 + FEP0.0312 + SAM8.32 
   388 SAM9.16 + CPR128 + AM 256 + CPR100 
   389 SAM9.16 + CPR128 + CPR100 + AM1024 
   390 SAM9.16 + CPR128 + CPR100 + FEP0.0156 
   391 SAM9.16 + CPR128 + CPR128 + CPR100 
   392 SAM9.16 + CPR128 + CTT0.0325 + CPR100 
   393 SAM9.16 + CPR128 + CTT0.0625 + CPR100 
   394 SAM9.16 + CPR128 + SAM9.16 + CPR100 
   395 SAM9.16 + CPR128 + TZP8.128 + CPR100 
   396 SAM9.16 + CTT0.0325 + AM 256 + CPR100 
   397 SAM9.16 + CTT0.0325 + CPR100 + AM1024 
   398 SAM9.16 + CTT0.0325 + CPR100 + FEP0.0156 
   399 SAM9.16 + CTT0.0325 + CPR128 + CPR100 
   400 SAM9.16 + CTT0.0325 + CTT0.0325 + CPR100 
   401 SAM9.16 + CTT0.0325 + CTT0.0625 + CPR100 
   402 SAM9.16 + CTT0.0325 + SAM9.16 + CPR100 
   403 SAM9.16 + CTT0.0325 + TZP8.128 + CPR100 
   404 SAM9.16 + CTT0.0625 + AM 256 + CPR100 
   405 SAM9.16 + CTT0.0625 + CPR100 + AM1024 
   406 SAM9.16 + CTT0.0625 + CPR100 + FEP0.0156 
   407 SAM9.16 + CTT0.0625 + CPR128 + CPR100 
   408 SAM9.16 + CTT0.0625 + CTT0.0325 + CPR100 
   409 SAM9.16 + CTT0.0625 + CTT0.0625 + CPR100 
   410 SAM9.16 + CTT0.0625 + SAM9.16 + CPR100 
   411 SAM9.16 + CTT0.0625 + TZP8.128 + CPR100 
   412 SAM9.16 + CTX0.123 + AM1024 + AM1024 
   413 SAM9.16 + CTX0.123 + AM1024 + SAM8.32 
   414 SAM9.16 + CTX0.123 + AMC8.1024 + CPR100 
   415 SAM9.16 + CTX0.123 + ZOX0.03 + AM1024 
   416 SAM9.16 + CTX0.123 + ZOX0.03 + SAM8.32 
   417 SAM9.16 + SAM9.16 + AM 256 + CPR100 
   418 SAM9.16 + SAM9.16 + CPR100 + AM1024 
   419 SAM9.16 + SAM9.16 + CPR100 + FEP0.0156 
   420 SAM9.16 + SAM9.16 + CPR128 + CPR100 
   421 SAM9.16 + SAM9.16 + CTT0.0325 + CPR100 
   422 SAM9.16 + SAM9.16 + CTT0.0625 + CPR100 
   423 SAM9.16 + SAM9.16 + SAM9.16 + CPR100 
   424 SAM9.16 + SAM9.16 + TZP8.128 + CPR100 
   425 SAM9.16 + TZP8.128 + AM 256 + CPR100 
   426 SAM9.16 + TZP8.128 + CPR100 + AM1024 
   427 SAM9.16 + TZP8.128 + CPR100 + FEP0.0156 
   428 SAM9.16 + TZP8.128 + CPR128 + CPR100 
   429 SAM9.16 + TZP8.128 + CTT0.0325 + CPR100 
   430 SAM9.16 + TZP8.128 + CTT0.0625 + CPR100 
   431 SAM9.16 + TZP8.128 + SAM9.16 + CPR100 
   432 SAM9.16 + TZP8.128 + TZP8.128 + CPR100 
   433 SAM9.16 + ZOX0.02 + AM1024 + AM1024 
   434 SAM9.16 + ZOX0.02 + AM1024 + SAM8.32 
   435 SAM9.16 + ZOX0.02 + AMC8.1024 + CPR100 
   436 SAM9.16 + ZOX0.02 + ZOX0.03 + AM1024 
   437 SAM9.16 + ZOX0.02 + ZOX0.03 + SAM8.32 
   438 TZP8.128 + AM 256 + AM 256 + CPR100 
   439 TZP8.128 + AM 256 + CPR100 + AM1024 
   440 TZP8.128 + AM 256 + CPR100 + FEP0.0156 
   441 TZP8.128 + AM 256 + CPR128 + CPR100 
   442 TZP8.128 + AM 256 + CTT0.0325 + CPR100 
   443 TZP8.128 + AM 256 + CTT0.0625 + CPR100 
   444 TZP8.128 + AM 256 + SAM9.16 + CPR100 
   445 TZP8.128 + AM 256 + TZP8.128 + CPR100 
   446 TZP8.128 + AMC8.512 + AM1024 + AM1024 
   447 TZP8.128 + AMC8.512 + AMC8.1024 + CPR100 
   448 TZP8.128 + CPR100 + AM1024 + AM1024 
   449 TZP8.128 + CPR100 + AM1024 + FEP0.0156 
   450 TZP8.128 + CPR100 + AMC8.1024 + CPR100 
   451 TZP8.128 + CPR100 + FEP0.0156 + AM1024 
   452 TZP8.128 + CPR100 + FEP0.0156 + FEP0.0156 
   453 TZP8.128 + CPR100 + FEP0.0312 + AM1024 
   454 TZP8.128 + CPR100 + FEP0.0312 + SAM8.32 
   455 TZP8.128 + CPR128 + AM 256 + CPR100 
   456 TZP8.128 + CPR128 + CPR100 + AM1024 
   457 TZP8.128 + CPR128 + CPR100 + FEP0.0156 
   458 TZP8.128 + CPR128 + CPR128 + CPR100 
   459 TZP8.128 + CPR128 + CTT0.0325 + CPR100 
   460 TZP8.128 + CPR128 + CTT0.0625 + CPR100 
   461 TZP8.128 + CPR128 + SAM9.16 + CPR100 
   462 TZP8.128 + CPR128 + TZP8.128 + CPR100 
   463 TZP8.128 + CTT0.0325 + AM 256 + CPR100 
   464 TZP8.128 + CTT0.0325 + CPR100 + AM1024 
   465 TZP8.128 + CTT0.0325 + CPR100 + FEP0.0156 
   466 TZP8.128 + CTT0.0325 + CPR128 + CPR100 
   467 TZP8.128 + CTT0.0325 + CTT0.0325 + CPR100 
   468 TZP8.128 + CTT0.0325 + CTT0.0625 + CPR100 
   469 TZP8.128 + CTT0.0325 + SAM9.16 + CPR100 
   470 TZP8.128 + CTT0.0325 + TZP8.128 + CPR100 
   471 TZP8.128 + CTT0.0625 + AM 256 + CPR100 
   472 TZP8.128 + CTT0.0625 + CPR100 + AM1024 
   473 TZP8.128 + CTT0.0625 + CPR100 + FEP0.0156 
   474 TZP8.128 + CTT0.0625 + CPR128 + CPR100 
   475 TZP8.128 + CTT0.0625 + CTT0.0325 + CPR100 
   476 TZP8.128 + CTT0.0625 + CTT0.0625 + CPR100 
   477 TZP8.128 + CTT0.0625 + SAM9.16 + CPR100 
   478 TZP8.128 + CTT0.0625 + TZP8.128 + CPR100 
   479 TZP8.128 + CTX0.123 + AM1024 + AM1024 
   480 TZP8.128 + CTX0.123 + AM1024 + SAM8.32 
   481 TZP8.128 + CTX0.123 + AMC8.1024 + CPR100 
   482 TZP8.128 + CTX0.123 + ZOX0.03 + AM1024 
   483 TZP8.128 + CTX0.123 + ZOX0.03 + SAM8.32 
   484 TZP8.128 + SAM9.16 + AM 256 + CPR100 
   485 TZP8.128 + SAM9.16 + CPR100 + AM1024 
   486 TZP8.128 + SAM9.16 + CPR100 + FEP0.0156 
   487 TZP8.128 + SAM9.16 + CPR128 + CPR100 
   488 TZP8.128 + SAM9.16 + CTT0.0325 + CPR100 
   489 TZP8.128 + SAM9.16 + CTT0.0625 + CPR100 
   490 TZP8.128 + SAM9.16 + SAM9.16 + CPR100 
   491 TZP8.128 + SAM9.16 + TZP8.128 + CPR100 
   492 TZP8.128 + TZP8.128 + AM 256 + CPR100 
   493 TZP8.128 + TZP8.128 + CPR100 + AM1024 
   494 TZP8.128 + TZP8.128 + CPR100 + FEP0.0156 
   495 TZP8.128 + TZP8.128 + CPR128 + CPR100 
   496 TZP8.128 + TZP8.128 + CTT0.0325 + CPR100 
   497 TZP8.128 + TZP8.128 + CTT0.0625 + CPR100 
   498 TZP8.128 + TZP8.128 + SAM9.16 + CPR100 
   499 TZP8.128 + TZP8.128 + TZP8.128 + CPR100 
   500 TZP8.128 + ZOX0.02 + AM1024 + AM1024 
   501 TZP8.128 + ZOX0.02 + AM1024 + SAM8.32 
   502 TZP8.128 + ZOX0.02 + AMC8.1024 + CPR100 
   503 TZP8.128 + ZOX0.02 + ZOX0.03 + AM1024 
   504 TZP8.128 + ZOX0.02 + ZOX0.03 + SAM8.32 
   505 ZOX0.02 + AM1024 + AM 512 + AM1024 
   506 ZOX0.02 + AM1024 + AM 512 + SAM8.32 
   507 ZOX0.02 + AM1024 + AM1024 + AM1024 
   508 ZOX0.02 + AM1024 + AM1024 + FEP0.0156 
   509 ZOX0.02 + AM1024 + CAZ0.125 + AM1024 
   510 ZOX0.02 + AM1024 + CAZ0.125 + SAM8.32 
   511 ZOX0.02 + AM1024 + CTX0.123 + AM1024 
   512 ZOX0.02 + AM1024 + CTX0.123 + SAM8.32 
   513 ZOX0.02 + AM1024 + SAM8.32 + AM1024 
   514 ZOX0.02 + AM1024 + SAM8.32 + FEP0.0156 
   515 ZOX0.02 + AMC8.1024 + AM 256 + CPR100 
   516 ZOX0.02 + AMC8.1024 + CPR100 + AM1024 
   517 ZOX0.02 + AMC8.1024 + CPR100 + FEP0.0156 
   518 ZOX0.02 + AMC8.1024 + CPR128 + CPR100 
   519 ZOX0.02 + AMC8.1024 + CTT0.0325 + CPR100 
   520 ZOX0.02 + AMC8.1024 + CTT0.0625 + CPR100 
   521 ZOX0.02 + AMC8.1024 + SAM9.16 + CPR100 
   522 ZOX0.02 + AMC8.1024 + TZP8.128 + CPR100 
   523 ZOX0.02 + CPD 2 + AM1024 + AM1024 
   524 ZOX0.02 + CPD 2 + AM1024 + SAM8.32 
   525 ZOX0.02 + CPD 2 + AMC8.1024 + CPR100 
   526 ZOX0.02 + CPD 2 + ZOX0.03 + AM1024 
   527 ZOX0.02 + CPD 2 + ZOX0.03 + SAM8.32 
   528 ZOX0.02 + CRO 0.045 + AM1024 + AM1024 
   529 ZOX0.02 + CRO 0.045 + AM1024 + SAM8.32 
   530 ZOX0.02 + CRO 0.045 + AMC8.1024 + CPR100 
   531 ZOX0.02 + CRO 0.045 + ZOX0.03 + AM1024 
   532 ZOX0.02 + CRO 0.045 + ZOX0.03 + SAM8.32 
   533 ZOX0.02 + CTX0.05 + AM1024 + AM1024 
   534 ZOX0.02 + CTX0.05 + AM1024 + SAM8.32 
   535 ZOX0.02 + CTX0.05 + AMC8.1024 + CPR100 
   536 ZOX0.02 + CTX0.05 + ZOX0.03 + AM1024 
   537 ZOX0.02 + CTX0.05 + ZOX0.03 + SAM8.32 
   538 ZOX0.02 + CTX0.06 + AM1024 + AM1024 
   539 ZOX0.02 + CTX0.06 + AM1024 + SAM8.32 
   540 ZOX0.02 + CTX0.06 + AMC8.1024 + CPR100 
   541 ZOX0.02 + CTX0.06 + ZOX0.03 + AM1024 
   542 ZOX0.02 + CTX0.06 + ZOX0.03 + SAM8.32 
   543 ZOX0.02 + FEP0.0156 + AM1024 + AM1024 
   544 ZOX0.02 + FEP0.0156 + AM1024 + SAM8.32 
   545 ZOX0.02 + FEP0.0156 + AMC8.1024 + CPR100 
   546 ZOX0.02 + FEP0.0156 + ZOX0.03 + AM1024 
   547 ZOX0.02 + FEP0.0156 + ZOX0.03 + SAM8.32 
   548 ZOX0.02 + ZOX0.03 + AM 512 + AM1024 
   549 ZOX0.02 + ZOX0.03 + AM 512 + SAM8.32 
   550 ZOX0.02 + ZOX0.03 + AM1024 + AM1024 
   551 ZOX0.02 + ZOX0.03 + AM1024 + FEP0.0156 
   552 ZOX0.02 + ZOX0.03 + CAZ0.125 + AM1024 
   553 ZOX0.02 + ZOX0.03 + CAZ0.125 + SAM8.32 
   554 ZOX0.02 + ZOX0.03 + CTX0.123 + AM1024 
   555 ZOX0.02 + ZOX0.03 + CTX0.123 + SAM8.32 
   556 ZOX0.02 + ZOX0.03 + SAM8.32 + AM1024 
   557 ZOX0.02 + ZOX0.03 + SAM8.32 + FEP0.0156 
   558 ZOX0.02 + ZOX0.02 + AM1024 + AM1024 
   559 ZOX0.02 + ZOX0.02 + AM1024 + SAM8.32 
   560 ZOX0.02 + ZOX0.02 + AMC8.1024 + CPR100 
   561 ZOX0.02 + ZOX0.02 + ZOX0.03 + AM1024 
   562 ZOX0.02 + ZOX0.02 + ZOX0.03 + SAM8.32 

 [0  1  0  0] Prob =  1.000000e+00
   276 Plans found:
     1 AM 256 + CPD 2 + CAZ0.125 + AM1024 
     2 AM 256 + CPD 2 + CAZ0.125 + SAM8.32 
     3 AM 256 + CPR128 + CAZ0.125 + AM1024 
     4 AM 256 + CPR128 + CAZ0.125 + SAM8.32 
     5 AM 256 + CTT0.125 + CAZ0.125 + AM1024 
     6 AM 256 + CTT0.125 + CAZ0.125 + SAM8.32 
     7 AM 256 + CTX0.04 + CAZ0.125 + AM1024 
     8 AM 256 + CTX0.04 + CAZ0.125 + SAM8.32 
     9 AM 256 + CTX0.05 + CAZ0.125 + AM1024 
    10 AM 256 + CTX0.05 + CAZ0.125 + SAM8.32 
    11 AM 256 + CTX0.06 + CAZ0.125 + AM1024 
    12 AM 256 + CTX0.06 + CAZ0.125 + SAM8.32 
    13 AMC8.512 + CPD 2 + CAZ0.125 + AM1024 
    14 AMC8.512 + CPD 2 + CAZ0.125 + SAM8.32 
    15 AMC8.512 + CPR128 + CAZ0.125 + AM1024 
    16 AMC8.512 + CPR128 + CAZ0.125 + SAM8.32 
    17 AMC8.512 + CTT0.125 + CAZ0.125 + AM1024 
    18 AMC8.512 + CTT0.125 + CAZ0.125 + SAM8.32 
    19 AMC8.512 + CTX0.04 + CAZ0.125 + AM1024 
    20 AMC8.512 + CTX0.04 + CAZ0.125 + SAM8.32 
    21 AMC8.512 + CTX0.05 + CAZ0.125 + AM1024 
    22 AMC8.512 + CTX0.05 + CAZ0.125 + SAM8.32 
    23 AMC8.512 + CTX0.06 + CAZ0.125 + AM1024 
    24 AMC8.512 + CTX0.06 + CAZ0.125 + SAM8.32 
    25 AMP1024 + CPD 2 + CAZ0.125 + AM1024 
    26 AMP1024 + CPD 2 + CAZ0.125 + SAM8.32 
    27 AMP1024 + CPR128 + CAZ0.125 + AM1024 
    28 AMP1024 + CPR128 + CAZ0.125 + SAM8.32 
    29 AMP1024 + CTT0.125 + CAZ0.125 + AM1024 
    30 AMP1024 + CTT0.125 + CAZ0.125 + SAM8.32 
    31 AMP1024 + CTX0.04 + CAZ0.125 + AM1024 
    32 AMP1024 + CTX0.04 + CAZ0.125 + SAM8.32 
    33 AMP1024 + CTX0.05 + CAZ0.125 + AM1024 
    34 AMP1024 + CTX0.05 + CAZ0.125 + SAM8.32 
    35 AMP1024 + CTX0.06 + CAZ0.125 + AM1024 
    36 AMP1024 + CTX0.06 + CAZ0.125 + SAM8.32 
    37 CEC 1 + CPD 2 + CAZ0.125 + AM1024 
    38 CEC 1 + CPD 2 + CAZ0.125 + SAM8.32 
    39 CEC 1 + CPR128 + CAZ0.125 + AM1024 
    40 CEC 1 + CPR128 + CAZ0.125 + SAM8.32 
    41 CEC 1 + CTT0.125 + CAZ0.125 + AM1024 
    42 CEC 1 + CTT0.125 + CAZ0.125 + SAM8.32 
    43 CEC 1 + CTX0.04 + CAZ0.125 + AM1024 
    44 CEC 1 + CTX0.04 + CAZ0.125 + SAM8.32 
    45 CEC 1 + CTX0.05 + CAZ0.125 + AM1024 
    46 CEC 1 + CTX0.05 + CAZ0.125 + SAM8.32 
    47 CEC 1 + CTX0.06 + CAZ0.125 + AM1024 
    48 CEC 1 + CTX0.06 + CAZ0.125 + SAM8.32 
    49 CPD 2 + AMC8.1024 + CAZ0.125 + AM1024 
    50 CPD 2 + AMC8.1024 + CAZ0.125 + SAM8.32 
    51 CPD 2 + AMP2048 + CAZ0.125 + AM1024 
    52 CPD 2 + AMP2048 + CAZ0.125 + SAM8.32 
    53 CPD 2 + CAZ0.1 + CAZ0.125 + AM1024 
    54 CPD 2 + CAZ0.1 + CAZ0.125 + SAM8.32 
    55 CPD 2 + CAZ0.125 + AM 512 + AM1024 
    56 CPD 2 + CAZ0.125 + AM 512 + SAM8.32 
    57 CPD 2 + CAZ0.125 + AM1024 + AM1024 
    58 CPD 2 + CAZ0.125 + AM1024 + FEP0.0156 
    59 CPD 2 + CAZ0.125 + CAZ0.125 + AM1024 
    60 CPD 2 + CAZ0.125 + CAZ0.125 + SAM8.32 
    61 CPD 2 + CAZ0.125 + CTX0.123 + AM1024 
    62 CPD 2 + CAZ0.125 + CTX0.123 + SAM8.32 
    63 CPD 2 + CAZ0.125 + SAM8.32 + AM1024 
    64 CPD 2 + CAZ0.125 + SAM8.32 + FEP0.0156 
    65 CPD 2 + CPR100 + CAZ0.125 + AM1024 
    66 CPD 2 + CPR100 + CAZ0.125 + SAM8.32 
    67 CPD 2 + CPR128 + CAZ0.125 + AM1024 
    68 CPD 2 + CPR128 + CAZ0.125 + SAM8.32 
    69 CPD 2 + CTT0.125 + CAZ0.125 + AM1024 
    70 CPD 2 + CTT0.125 + CAZ0.125 + SAM8.32 
    71 CPD 2 + CTX0.05 + CAZ0.125 + AM1024 
    72 CPD 2 + CTX0.05 + CAZ0.125 + SAM8.32 
    73 CPD 2 + TZP8.256 + CAZ0.125 + AM1024 
    74 CPD 2 + TZP8.256 + CAZ0.125 + SAM8.32 
    75 CPR80 + CPD 2 + CAZ0.125 + AM1024 
    76 CPR80 + CPD 2 + CAZ0.125 + SAM8.32 
    77 CPR80 + CPR128 + CAZ0.125 + AM1024 
    78 CPR80 + CPR128 + CAZ0.125 + SAM8.32 
    79 CPR80 + CTT0.125 + CAZ0.125 + AM1024 
    80 CPR80 + CTT0.125 + CAZ0.125 + SAM8.32 
    81 CPR80 + CTX0.04 + CAZ0.125 + AM1024 
    82 CPR80 + CTX0.04 + CAZ0.125 + SAM8.32 
    83 CPR80 + CTX0.05 + CAZ0.125 + AM1024 
    84 CPR80 + CTX0.05 + CAZ0.125 + SAM8.32 
    85 CPR80 + CTX0.06 + CAZ0.125 + AM1024 
    86 CPR80 + CTX0.06 + CAZ0.125 + SAM8.32 
    87 CPR128 + AMC8.1024 + CAZ0.125 + AM1024 
    88 CPR128 + AMC8.1024 + CAZ0.125 + SAM8.32 
    89 CPR128 + AMP2048 + CAZ0.125 + AM1024 
    90 CPR128 + AMP2048 + CAZ0.125 + SAM8.32 
    91 CPR128 + CAZ0.1 + CAZ0.125 + AM1024 
    92 CPR128 + CAZ0.1 + CAZ0.125 + SAM8.32 
    93 CPR128 + CAZ0.125 + AM 512 + AM1024 
    94 CPR128 + CAZ0.125 + AM 512 + SAM8.32 
    95 CPR128 + CAZ0.125 + AM1024 + AM1024 
    96 CPR128 + CAZ0.125 + AM1024 + FEP0.0156 
    97 CPR128 + CAZ0.125 + CAZ0.125 + AM1024 
    98 CPR128 + CAZ0.125 + CAZ0.125 + SAM8.32 
    99 CPR128 + CAZ0.125 + CTX0.123 + AM1024 
   100 CPR128 + CAZ0.125 + CTX0.123 + SAM8.32 
   101 CPR128 + CAZ0.125 + SAM8.32 + AM1024 
   102 CPR128 + CAZ0.125 + SAM8.32 + FEP0.0156 
   103 CPR128 + CPR100 + CAZ0.125 + AM1024 
   104 CPR128 + CPR100 + CAZ0.125 + SAM8.32 
   105 CPR128 + CPR128 + CAZ0.125 + AM1024 
   106 CPR128 + CPR128 + CAZ0.125 + SAM8.32 
   107 CPR128 + CTT0.125 + CAZ0.125 + AM1024 
   108 CPR128 + CTT0.125 + CAZ0.125 + SAM8.32 
   109 CPR128 + CTX0.05 + CAZ0.125 + AM1024 
   110 CPR128 + CTX0.05 + CAZ0.125 + SAM8.32 
   111 CPR128 + TZP8.256 + CAZ0.125 + AM1024 
   112 CPR128 + TZP8.256 + CAZ0.125 + SAM8.32 
   113 CRO 0.045 + CPD 2 + CAZ0.125 + AM1024 
   114 CRO 0.045 + CPD 2 + CAZ0.125 + SAM8.32 
   115 CRO 0.045 + CPR128 + CAZ0.125 + AM1024 
   116 CRO 0.045 + CPR128 + CAZ0.125 + SAM8.32 
   117 CRO 0.045 + CTT0.125 + CAZ0.125 + AM1024 
   118 CRO 0.045 + CTT0.125 + CAZ0.125 + SAM8.32 
   119 CRO 0.045 + CTX0.04 + CAZ0.125 + AM1024 
   120 CRO 0.045 + CTX0.04 + CAZ0.125 + SAM8.32 
   121 CRO 0.045 + CTX0.05 + CAZ0.125 + AM1024 
   122 CRO 0.045 + CTX0.05 + CAZ0.125 + SAM8.32 
   123 CRO 0.045 + CTX0.06 + CAZ0.125 + AM1024 
   124 CRO 0.045 + CTX0.06 + CAZ0.125 + SAM8.32 
   125 CTT0.0325 + CPD 2 + CAZ0.125 + AM1024 
   126 CTT0.0325 + CPD 2 + CAZ0.125 + SAM8.32 
   127 CTT0.0325 + CPR128 + CAZ0.125 + AM1024 
   128 CTT0.0325 + CPR128 + CAZ0.125 + SAM8.32 
   129 CTT0.0325 + CTT0.125 + CAZ0.125 + AM1024 
   130 CTT0.0325 + CTT0.125 + CAZ0.125 + SAM8.32 
   131 CTT0.0325 + CTX0.04 + CAZ0.125 + AM1024 
   132 CTT0.0325 + CTX0.04 + CAZ0.125 + SAM8.32 
   133 CTT0.0325 + CTX0.05 + CAZ0.125 + AM1024 
   134 CTT0.0325 + CTX0.05 + CAZ0.125 + SAM8.32 
   135 CTT0.0325 + CTX0.06 + CAZ0.125 + AM1024 
   136 CTT0.0325 + CTX0.06 + CAZ0.125 + SAM8.32 
   137 CTT0.125 + AMC8.1024 + CAZ0.125 + AM1024 
   138 CTT0.125 + AMC8.1024 + CAZ0.125 + SAM8.32 
   139 CTT0.125 + AMP2048 + CAZ0.125 + AM1024 
   140 CTT0.125 + AMP2048 + CAZ0.125 + SAM8.32 
   141 CTT0.125 + CAZ0.1 + CAZ0.125 + AM1024 
   142 CTT0.125 + CAZ0.1 + CAZ0.125 + SAM8.32 
   143 CTT0.125 + CAZ0.125 + AM 512 + AM1024 
   144 CTT0.125 + CAZ0.125 + AM 512 + SAM8.32 
   145 CTT0.125 + CAZ0.125 + AM1024 + AM1024 
   146 CTT0.125 + CAZ0.125 + AM1024 + FEP0.0156 
   147 CTT0.125 + CAZ0.125 + CAZ0.125 + AM1024 
   148 CTT0.125 + CAZ0.125 + CAZ0.125 + SAM8.32 
   149 CTT0.125 + CAZ0.125 + CTX0.123 + AM1024 
   150 CTT0.125 + CAZ0.125 + CTX0.123 + SAM8.32 
   151 CTT0.125 + CAZ0.125 + SAM8.32 + AM1024 
   152 CTT0.125 + CAZ0.125 + SAM8.32 + FEP0.0156 
   153 CTT0.125 + CPR100 + CAZ0.125 + AM1024 
   154 CTT0.125 + CPR100 + CAZ0.125 + SAM8.32 
   155 CTT0.125 + CPR128 + CAZ0.125 + AM1024 
   156 CTT0.125 + CPR128 + CAZ0.125 + SAM8.32 
   157 CTT0.125 + CTT0.125 + CAZ0.125 + AM1024 
   158 CTT0.125 + CTT0.125 + CAZ0.125 + SAM8.32 
   159 CTT0.125 + CTX0.05 + CAZ0.125 + AM1024 
   160 CTT0.125 + CTX0.05 + CAZ0.125 + SAM8.32 
   161 CTT0.125 + TZP8.256 + CAZ0.125 + AM1024 
   162 CTT0.125 + TZP8.256 + CAZ0.125 + SAM8.32 
   163 CTX0.04 + AMC8.1024 + CAZ0.125 + AM1024 
   164 CTX0.04 + AMC8.1024 + CAZ0.125 + SAM8.32 
   165 CTX0.04 + AMP2048 + CAZ0.125 + AM1024 
   166 CTX0.04 + AMP2048 + CAZ0.125 + SAM8.32 
   167 CTX0.04 + CAZ0.1 + CAZ0.125 + AM1024 
   168 CTX0.04 + CAZ0.1 + CAZ0.125 + SAM8.32 
   169 CTX0.04 + CAZ0.125 + AM 512 + AM1024 
   170 CTX0.04 + CAZ0.125 + AM 512 + SAM8.32 
   171 CTX0.04 + CAZ0.125 + AM1024 + AM1024 
   172 CTX0.04 + CAZ0.125 + AM1024 + FEP0.0156 
   173 CTX0.04 + CAZ0.125 + CAZ0.125 + AM1024 
   174 CTX0.04 + CAZ0.125 + CAZ0.125 + SAM8.32 
   175 CTX0.04 + CAZ0.125 + CTX0.123 + AM1024 
   176 CTX0.04 + CAZ0.125 + CTX0.123 + SAM8.32 
   177 CTX0.04 + CAZ0.125 + SAM8.32 + AM1024 
   178 CTX0.04 + CAZ0.125 + SAM8.32 + FEP0.0156 
   179 CTX0.04 + CPR100 + CAZ0.125 + AM1024 
   180 CTX0.04 + CPR100 + CAZ0.125 + SAM8.32 
   181 CTX0.04 + CPR128 + CAZ0.125 + AM1024 
   182 CTX0.04 + CPR128 + CAZ0.125 + SAM8.32 
   183 CTX0.04 + CTT0.125 + CAZ0.125 + AM1024 
   184 CTX0.04 + CTT0.125 + CAZ0.125 + SAM8.32 
   185 CTX0.04 + CTX0.05 + CAZ0.125 + AM1024 
   186 CTX0.04 + CTX0.05 + CAZ0.125 + SAM8.32 
   187 CTX0.04 + TZP8.256 + CAZ0.125 + AM1024 
   188 CTX0.04 + TZP8.256 + CAZ0.125 + SAM8.32 
   189 CTX0.05 + AMC8.1024 + CAZ0.125 + AM1024 
   190 CTX0.05 + AMC8.1024 + CAZ0.125 + SAM8.32 
   191 CTX0.05 + AMP2048 + CAZ0.125 + AM1024 
   192 CTX0.05 + AMP2048 + CAZ0.125 + SAM8.32 
   193 CTX0.05 + CAZ0.1 + CAZ0.125 + AM1024 
   194 CTX0.05 + CAZ0.1 + CAZ0.125 + SAM8.32 
   195 CTX0.05 + CAZ0.125 + AM 512 + AM1024 
   196 CTX0.05 + CAZ0.125 + AM 512 + SAM8.32 
   197 CTX0.05 + CAZ0.125 + AM1024 + AM1024 
   198 CTX0.05 + CAZ0.125 + AM1024 + FEP0.0156 
   199 CTX0.05 + CAZ0.125 + CAZ0.125 + AM1024 
   200 CTX0.05 + CAZ0.125 + CAZ0.125 + SAM8.32 
   201 CTX0.05 + CAZ0.125 + CTX0.123 + AM1024 
   202 CTX0.05 + CAZ0.125 + CTX0.123 + SAM8.32 
   203 CTX0.05 + CAZ0.125 + SAM8.32 + AM1024 
   204 CTX0.05 + CAZ0.125 + SAM8.32 + FEP0.0156 
   205 CTX0.05 + CPR100 + CAZ0.125 + AM1024 
   206 CTX0.05 + CPR100 + CAZ0.125 + SAM8.32 
   207 CTX0.05 + CPR128 + CAZ0.125 + AM1024 
   208 CTX0.05 + CPR128 + CAZ0.125 + SAM8.32 
   209 CTX0.05 + CTT0.125 + CAZ0.125 + AM1024 
   210 CTX0.05 + CTT0.125 + CAZ0.125 + SAM8.32 
   211 CTX0.05 + CTX0.05 + CAZ0.125 + AM1024 
   212 CTX0.05 + CTX0.05 + CAZ0.125 + SAM8.32 
   213 CTX0.05 + TZP8.256 + CAZ0.125 + AM1024 
   214 CTX0.05 + TZP8.256 + CAZ0.125 + SAM8.32 
   215 CTX0.06 + AMC8.1024 + CAZ0.125 + AM1024 
   216 CTX0.06 + AMC8.1024 + CAZ0.125 + SAM8.32 
   217 CTX0.06 + AMP2048 + CAZ0.125 + AM1024 
   218 CTX0.06 + AMP2048 + CAZ0.125 + SAM8.32 
   219 CTX0.06 + CAZ0.1 + CAZ0.125 + AM1024 
   220 CTX0.06 + CAZ0.1 + CAZ0.125 + SAM8.32 
   221 CTX0.06 + CAZ0.125 + AM 512 + AM1024 
   222 CTX0.06 + CAZ0.125 + AM 512 + SAM8.32 
   223 CTX0.06 + CAZ0.125 + AM1024 + AM1024 
   224 CTX0.06 + CAZ0.125 + AM1024 + FEP0.0156 
   225 CTX0.06 + CAZ0.125 + CAZ0.125 + AM1024 
   226 CTX0.06 + CAZ0.125 + CAZ0.125 + SAM8.32 
   227 CTX0.06 + CAZ0.125 + CTX0.123 + AM1024 
   228 CTX0.06 + CAZ0.125 + CTX0.123 + SAM8.32 
   229 CTX0.06 + CAZ0.125 + SAM8.32 + AM1024 
   230 CTX0.06 + CAZ0.125 + SAM8.32 + FEP0.0156 
   231 CTX0.06 + CPR100 + CAZ0.125 + AM1024 
   232 CTX0.06 + CPR100 + CAZ0.125 + SAM8.32 
   233 CTX0.06 + CPR128 + CAZ0.125 + AM1024 
   234 CTX0.06 + CPR128 + CAZ0.125 + SAM8.32 
   235 CTX0.06 + CTT0.125 + CAZ0.125 + AM1024 
   236 CTX0.06 + CTT0.125 + CAZ0.125 + SAM8.32 
   237 CTX0.06 + CTX0.05 + CAZ0.125 + AM1024 
   238 CTX0.06 + CTX0.05 + CAZ0.125 + SAM8.32 
   239 CTX0.06 + TZP8.256 + CAZ0.125 + AM1024 
   240 CTX0.06 + TZP8.256 + CAZ0.125 + SAM8.32 
   241 CXM1.5 + CPD 2 + CAZ0.125 + AM1024 
   242 CXM1.5 + CPD 2 + CAZ0.125 + SAM8.32 
   243 CXM1.5 + CPR128 + CAZ0.125 + AM1024 
   244 CXM1.5 + CPR128 + CAZ0.125 + SAM8.32 
   245 CXM1.5 + CTT0.125 + CAZ0.125 + AM1024 
   246 CXM1.5 + CTT0.125 + CAZ0.125 + SAM8.32 
   247 CXM1.5 + CTX0.04 + CAZ0.125 + AM1024 
   248 CXM1.5 + CTX0.04 + CAZ0.125 + SAM8.32 
   249 CXM1.5 + CTX0.05 + CAZ0.125 + AM1024 
   250 CXM1.5 + CTX0.05 + CAZ0.125 + SAM8.32 
   251 CXM1.5 + CTX0.06 + CAZ0.125 + AM1024 
   252 CXM1.5 + CTX0.06 + CAZ0.125 + SAM8.32 
   253 SAM9.16 + CPD 2 + CAZ0.125 + AM1024 
   254 SAM9.16 + CPD 2 + CAZ0.125 + SAM8.32 
   255 SAM9.16 + CPR128 + CAZ0.125 + AM1024 
   256 SAM9.16 + CPR128 + CAZ0.125 + SAM8.32 
   257 SAM9.16 + CTT0.125 + CAZ0.125 + AM1024 
   258 SAM9.16 + CTT0.125 + CAZ0.125 + SAM8.32 
   259 SAM9.16 + CTX0.04 + CAZ0.125 + AM1024 
   260 SAM9.16 + CTX0.04 + CAZ0.125 + SAM8.32 
   261 SAM9.16 + CTX0.05 + CAZ0.125 + AM1024 
   262 SAM9.16 + CTX0.05 + CAZ0.125 + SAM8.32 
   263 SAM9.16 + CTX0.06 + CAZ0.125 + AM1024 
   264 SAM9.16 + CTX0.06 + CAZ0.125 + SAM8.32 
   265 ZOX0.02 + CPD 2 + CAZ0.125 + AM1024 
   266 ZOX0.02 + CPD 2 + CAZ0.125 + SAM8.32 
   267 ZOX0.02 + CPR128 + CAZ0.125 + AM1024 
   268 ZOX0.02 + CPR128 + CAZ0.125 + SAM8.32 
   269 ZOX0.02 + CTT0.125 + CAZ0.125 + AM1024 
   270 ZOX0.02 + CTT0.125 + CAZ0.125 + SAM8.32 
   271 ZOX0.02 + CTX0.04 + CAZ0.125 + AM1024 
   272 ZOX0.02 + CTX0.04 + CAZ0.125 + SAM8.32 
   273 ZOX0.02 + CTX0.05 + CAZ0.125 + AM1024 
   274 ZOX0.02 + CTX0.05 + CAZ0.125 + SAM8.32 
   275 ZOX0.02 + CTX0.06 + CAZ0.125 + AM1024 
   276 ZOX0.02 + CTX0.06 + CAZ0.125 + SAM8.32 

 [0  0  1  0] Prob =  1.000000e+00
    18 Plans found:
     1 AM 512 + SAM8.8 + AM1024 + AM1024 
     2 AM 512 + SAM8.8 + AMC8.1024 + CPR100 
     3 CAZ0.125 + SAM8.8 + AM1024 + AM1024 
     4 CAZ0.125 + SAM8.8 + AMC8.1024 + CPR100 
     5 CTX0.123 + SAM8.8 + AM1024 + AM1024 
     6 CTX0.123 + SAM8.8 + AMC8.1024 + CPR100 
     7 SAM8.8 + AM1024 + AM1024 + AM1024 
     8 SAM8.8 + AM1024 + AM1024 + FEP0.0156 
     9 SAM8.8 + AMC8.1024 + AM 256 + CPR100 
    10 SAM8.8 + AMC8.1024 + CPR100 + AM1024 
    11 SAM8.8 + AMC8.1024 + CPR100 + FEP0.0156 
    12 SAM8.8 + AMC8.1024 + CPR128 + CPR100 
    13 SAM8.8 + AMC8.1024 + CTT0.0325 + CPR100 
    14 SAM8.8 + AMC8.1024 + CTT0.0625 + CPR100 
    15 SAM8.8 + AMC8.1024 + SAM9.16 + CPR100 
    16 SAM8.8 + AMC8.1024 + TZP8.128 + CPR100 
    17 SAM8.8 + FEP0.0156 + AM1024 + AM1024 
    18 SAM8.8 + FEP0.0156 + AMC8.1024 + CPR100 

 [0  0  0  1] Prob =  1.000000e+00
   264 Plans found:
     1 AMP1024 + CAZ0.0625 + CAZ0.125 + AM1024 
     2 AMP1024 + CAZ0.0625 + CAZ0.125 + SAM8.32 
     3 AMP1024 + CAZ0.0625 + CTT0.125 + AM1024 
     4 AMP1024 + CAZ0.0625 + CTT0.125 + SAM8.32 
     5 AMP1024 + CAZ0.0625 + CTX0.123 + AM1024 
     6 AMP1024 + CAZ0.0625 + CTX0.123 + SAM8.32 
     7 AMP1024 + SAM9.16 + CAZ0.125 + AM1024 
     8 AMP1024 + SAM9.16 + CAZ0.125 + SAM8.32 
     9 AMP1024 + SAM9.16 + CTT0.125 + AM1024 
    10 AMP1024 + SAM9.16 + CTT0.125 + SAM8.32 
    11 AMP1024 + SAM9.16 + CTX0.123 + AM1024 
    12 AMP1024 + SAM9.16 + CTX0.123 + SAM8.32 
    13 CAZ0.0625 + AM 256 + CAZ0.125 + AM1024 
    14 CAZ0.0625 + AM 256 + CAZ0.125 + SAM8.32 
    15 CAZ0.0625 + AM 256 + CTT0.125 + AM1024 
    16 CAZ0.0625 + AM 256 + CTT0.125 + SAM8.32 
    17 CAZ0.0625 + AM 256 + CTX0.123 + AM1024 
    18 CAZ0.0625 + AM 256 + CTX0.123 + SAM8.32 
    19 CAZ0.0625 + AMP512 + CAZ0.125 + AM1024 
    20 CAZ0.0625 + AMP512 + CAZ0.125 + SAM8.32 
    21 CAZ0.0625 + AMP512 + CTT0.125 + AM1024 
    22 CAZ0.0625 + AMP512 + CTT0.125 + SAM8.32 
    23 CAZ0.0625 + AMP512 + CTX0.123 + AM1024 
    24 CAZ0.0625 + AMP512 + CTX0.123 + SAM8.32 
    25 CAZ0.0625 + AMP2048 + CAZ0.125 + AM1024 
    26 CAZ0.0625 + AMP2048 + CAZ0.125 + SAM8.32 
    27 CAZ0.0625 + AMP2048 + CTT0.125 + AM1024 
    28 CAZ0.0625 + AMP2048 + CTT0.125 + SAM8.32 
    29 CAZ0.0625 + AMP2048 + CTX0.123 + AM1024 
    30 CAZ0.0625 + AMP2048 + CTX0.123 + SAM8.32 
    31 CAZ0.0625 + CAZ0.1 + CAZ0.125 + AM1024 
    32 CAZ0.0625 + CAZ0.1 + CAZ0.125 + SAM8.32 
    33 CAZ0.0625 + CAZ0.1 + CTT0.125 + AM1024 
    34 CAZ0.0625 + CAZ0.1 + CTT0.125 + SAM8.32 
    35 CAZ0.0625 + CAZ0.1 + CTX0.123 + AM1024 
    36 CAZ0.0625 + CAZ0.1 + CTX0.123 + SAM8.32 
    37 CAZ0.0625 + CAZ0.125 + AM 512 + AM1024 
    38 CAZ0.0625 + CAZ0.125 + AM 512 + SAM8.32 
    39 CAZ0.0625 + CAZ0.125 + AM1024 + AM1024 
    40 CAZ0.0625 + CAZ0.125 + AM1024 + FEP0.0156 
    41 CAZ0.0625 + CAZ0.125 + CAZ0.125 + AM1024 
    42 CAZ0.0625 + CAZ0.125 + CAZ0.125 + SAM8.32 
    43 CAZ0.0625 + CAZ0.125 + CTX0.123 + AM1024 
    44 CAZ0.0625 + CAZ0.125 + CTX0.123 + SAM8.32 
    45 CAZ0.0625 + CAZ0.125 + SAM8.32 + AM1024 
    46 CAZ0.0625 + CAZ0.125 + SAM8.32 + FEP0.0156 
    47 CAZ0.0625 + CEC 1 + CAZ0.125 + AM1024 
    48 CAZ0.0625 + CEC 1 + CAZ0.125 + SAM8.32 
    49 CAZ0.0625 + CEC 1 + CTT0.125 + AM1024 
    50 CAZ0.0625 + CEC 1 + CTT0.125 + SAM8.32 
    51 CAZ0.0625 + CEC 1 + CTX0.123 + AM1024 
    52 CAZ0.0625 + CEC 1 + CTX0.123 + SAM8.32 
    53 CAZ0.0625 + CPR100 + CAZ0.125 + AM1024 
    54 CAZ0.0625 + CPR100 + CAZ0.125 + SAM8.32 
    55 CAZ0.0625 + CPR100 + CTT0.125 + AM1024 
    56 CAZ0.0625 + CPR100 + CTT0.125 + SAM8.32 
    57 CAZ0.0625 + CPR100 + CTX0.123 + AM1024 
    58 CAZ0.0625 + CPR100 + CTX0.123 + SAM8.32 
    59 CAZ0.0625 + CPR128 + CAZ0.125 + AM1024 
    60 CAZ0.0625 + CPR128 + CAZ0.125 + SAM8.32 
    61 CAZ0.0625 + CPR128 + CTT0.125 + AM1024 
    62 CAZ0.0625 + CPR128 + CTT0.125 + SAM8.32 
    63 CAZ0.0625 + CPR128 + CTX0.123 + AM1024 
    64 CAZ0.0625 + CPR128 + CTX0.123 + SAM8.32 
    65 CAZ0.0625 + CRO 0.045 + CAZ0.125 + AM1024 
    66 CAZ0.0625 + CRO 0.045 + CAZ0.125 + SAM8.32 
    67 CAZ0.0625 + CRO 0.045 + CTT0.125 + AM1024 
    68 CAZ0.0625 + CRO 0.045 + CTT0.125 + SAM8.32 
    69 CAZ0.0625 + CRO 0.045 + CTX0.123 + AM1024 
    70 CAZ0.0625 + CRO 0.045 + CTX0.123 + SAM8.32 
    71 CAZ0.0625 + CTT0.125 + AM 512 + AM1024 
    72 CAZ0.0625 + CTT0.125 + AM 512 + SAM8.32 
    73 CAZ0.0625 + CTT0.125 + AM1024 + AM1024 
    74 CAZ0.0625 + CTT0.125 + AM1024 + FEP0.0156 
    75 CAZ0.0625 + CTT0.125 + CAZ0.125 + AM1024 
    76 CAZ0.0625 + CTT0.125 + CAZ0.125 + SAM8.32 
    77 CAZ0.0625 + CTT0.125 + CTX0.123 + AM1024 
    78 CAZ0.0625 + CTT0.125 + CTX0.123 + SAM8.32 
    79 CAZ0.0625 + CTT0.125 + SAM8.32 + AM1024 
    80 CAZ0.0625 + CTT0.125 + SAM8.32 + FEP0.0156 
    81 CAZ0.0625 + CTX0.05 + CAZ0.125 + AM1024 
    82 CAZ0.0625 + CTX0.05 + CAZ0.125 + SAM8.32 
    83 CAZ0.0625 + CTX0.05 + CTT0.125 + AM1024 
    84 CAZ0.0625 + CTX0.05 + CTT0.125 + SAM8.32 
    85 CAZ0.0625 + CTX0.05 + CTX0.123 + AM1024 
    86 CAZ0.0625 + CTX0.05 + CTX0.123 + SAM8.32 
    87 CAZ0.0625 + CTX0.06 + CAZ0.125 + AM1024 
    88 CAZ0.0625 + CTX0.06 + CAZ0.125 + SAM8.32 
    89 CAZ0.0625 + CTX0.06 + CTT0.125 + AM1024 
    90 CAZ0.0625 + CTX0.06 + CTT0.125 + SAM8.32 
    91 CAZ0.0625 + CTX0.06 + CTX0.123 + AM1024 
    92 CAZ0.0625 + CTX0.06 + CTX0.123 + SAM8.32 
    93 CAZ0.0625 + CTX0.123 + AM 512 + AM1024 
    94 CAZ0.0625 + CTX0.123 + AM 512 + SAM8.32 
    95 CAZ0.0625 + CTX0.123 + AM1024 + AM1024 
    96 CAZ0.0625 + CTX0.123 + AM1024 + FEP0.0156 
    97 CAZ0.0625 + CTX0.123 + CAZ0.125 + AM1024 
    98 CAZ0.0625 + CTX0.123 + CAZ0.125 + SAM8.32 
    99 CAZ0.0625 + CTX0.123 + CTX0.123 + AM1024 
   100 CAZ0.0625 + CTX0.123 + CTX0.123 + SAM8.32 
   101 CAZ0.0625 + CTX0.123 + SAM8.32 + AM1024 
   102 CAZ0.0625 + CTX0.123 + SAM8.32 + FEP0.0156 
   103 CAZ0.0625 + FEP0.0156 + CAZ0.125 + AM1024 
   104 CAZ0.0625 + FEP0.0156 + CAZ0.125 + SAM8.32 
   105 CAZ0.0625 + FEP0.0156 + CTT0.125 + AM1024 
   106 CAZ0.0625 + FEP0.0156 + CTT0.125 + SAM8.32 
   107 CAZ0.0625 + FEP0.0156 + CTX0.123 + AM1024 
   108 CAZ0.0625 + FEP0.0156 + CTX0.123 + SAM8.32 
   109 CAZ0.0625 + SAM9.16 + CAZ0.125 + AM1024 
   110 CAZ0.0625 + SAM9.16 + CAZ0.125 + SAM8.32 
   111 CAZ0.0625 + SAM9.16 + CTT0.125 + AM1024 
   112 CAZ0.0625 + SAM9.16 + CTT0.125 + SAM8.32 
   113 CAZ0.0625 + SAM9.16 + CTX0.123 + AM1024 
   114 CAZ0.0625 + SAM9.16 + CTX0.123 + SAM8.32 
   115 CAZ0.0625 + ZOX0.02 + CAZ0.125 + AM1024 
   116 CAZ0.0625 + ZOX0.02 + CAZ0.125 + SAM8.32 
   117 CAZ0.0625 + ZOX0.02 + CTT0.125 + AM1024 
   118 CAZ0.0625 + ZOX0.02 + CTT0.125 + SAM8.32 
   119 CAZ0.0625 + ZOX0.02 + CTX0.123 + AM1024 
   120 CAZ0.0625 + ZOX0.02 + CTX0.123 + SAM8.32 
   121 CTX0.04 + CAZ0.0625 + CAZ0.125 + AM1024 
   122 CTX0.04 + CAZ0.0625 + CAZ0.125 + SAM8.32 
   123 CTX0.04 + CAZ0.0625 + CTT0.125 + AM1024 
   124 CTX0.04 + CAZ0.0625 + CTT0.125 + SAM8.32 
   125 CTX0.04 + CAZ0.0625 + CTX0.123 + AM1024 
   126 CTX0.04 + CAZ0.0625 + CTX0.123 + SAM8.32 
   127 CTX0.04 + SAM9.16 + CAZ0.125 + AM1024 
   128 CTX0.04 + SAM9.16 + CAZ0.125 + SAM8.32 
   129 CTX0.04 + SAM9.16 + CTT0.125 + AM1024 
   130 CTX0.04 + SAM9.16 + CTT0.125 + SAM8.32 
   131 CTX0.04 + SAM9.16 + CTX0.123 + AM1024 
   132 CTX0.04 + SAM9.16 + CTX0.123 + SAM8.32 
   133 SAM9.16 + AM 256 + CAZ0.125 + AM1024 
   134 SAM9.16 + AM 256 + CAZ0.125 + SAM8.32 
   135 SAM9.16 + AM 256 + CTT0.125 + AM1024 
   136 SAM9.16 + AM 256 + CTT0.125 + SAM8.32 
   137 SAM9.16 + AM 256 + CTX0.123 + AM1024 
   138 SAM9.16 + AM 256 + CTX0.123 + SAM8.32 
   139 SAM9.16 + AMP512 + CAZ0.125 + AM1024 
   140 SAM9.16 + AMP512 + CAZ0.125 + SAM8.32 
   141 SAM9.16 + AMP512 + CTT0.125 + AM1024 
   142 SAM9.16 + AMP512 + CTT0.125 + SAM8.32 
   143 SAM9.16 + AMP512 + CTX0.123 + AM1024 
   144 SAM9.16 + AMP512 + CTX0.123 + SAM8.32 
   145 SAM9.16 + AMP2048 + CAZ0.125 + AM1024 
   146 SAM9.16 + AMP2048 + CAZ0.125 + SAM8.32 
   147 SAM9.16 + AMP2048 + CTT0.125 + AM1024 
   148 SAM9.16 + AMP2048 + CTT0.125 + SAM8.32 
   149 SAM9.16 + AMP2048 + CTX0.123 + AM1024 
   150 SAM9.16 + AMP2048 + CTX0.123 + SAM8.32 
   151 SAM9.16 + CAZ0.1 + CAZ0.125 + AM1024 
   152 SAM9.16 + CAZ0.1 + CAZ0.125 + SAM8.32 
   153 SAM9.16 + CAZ0.1 + CTT0.125 + AM1024 
   154 SAM9.16 + CAZ0.1 + CTT0.125 + SAM8.32 
   155 SAM9.16 + CAZ0.1 + CTX0.123 + AM1024 
   156 SAM9.16 + CAZ0.1 + CTX0.123 + SAM8.32 
   157 SAM9.16 + CAZ0.125 + AM 512 + AM1024 
   158 SAM9.16 + CAZ0.125 + AM 512 + SAM8.32 
   159 SAM9.16 + CAZ0.125 + AM1024 + AM1024 
   160 SAM9.16 + CAZ0.125 + AM1024 + FEP0.0156 
   161 SAM9.16 + CAZ0.125 + CAZ0.125 + AM1024 
   162 SAM9.16 + CAZ0.125 + CAZ0.125 + SAM8.32 
   163 SAM9.16 + CAZ0.125 + CTX0.123 + AM1024 
   164 SAM9.16 + CAZ0.125 + CTX0.123 + SAM8.32 
   165 SAM9.16 + CAZ0.125 + SAM8.32 + AM1024 
   166 SAM9.16 + CAZ0.125 + SAM8.32 + FEP0.0156 
   167 SAM9.16 + CEC 1 + CAZ0.125 + AM1024 
   168 SAM9.16 + CEC 1 + CAZ0.125 + SAM8.32 
   169 SAM9.16 + CEC 1 + CTT0.125 + AM1024 
   170 SAM9.16 + CEC 1 + CTT0.125 + SAM8.32 
   171 SAM9.16 + CEC 1 + CTX0.123 + AM1024 
   172 SAM9.16 + CEC 1 + CTX0.123 + SAM8.32 
   173 SAM9.16 + CPR100 + CAZ0.125 + AM1024 
   174 SAM9.16 + CPR100 + CAZ0.125 + SAM8.32 
   175 SAM9.16 + CPR100 + CTT0.125 + AM1024 
   176 SAM9.16 + CPR100 + CTT0.125 + SAM8.32 
   177 SAM9.16 + CPR100 + CTX0.123 + AM1024 
   178 SAM9.16 + CPR100 + CTX0.123 + SAM8.32 
   179 SAM9.16 + CPR128 + CAZ0.125 + AM1024 
   180 SAM9.16 + CPR128 + CAZ0.125 + SAM8.32 
   181 SAM9.16 + CPR128 + CTT0.125 + AM1024 
   182 SAM9.16 + CPR128 + CTT0.125 + SAM8.32 
   183 SAM9.16 + CPR128 + CTX0.123 + AM1024 
   184 SAM9.16 + CPR128 + CTX0.123 + SAM8.32 
   185 SAM9.16 + CRO 0.045 + CAZ0.125 + AM1024 
   186 SAM9.16 + CRO 0.045 + CAZ0.125 + SAM8.32 
   187 SAM9.16 + CRO 0.045 + CTT0.125 + AM1024 
   188 SAM9.16 + CRO 0.045 + CTT0.125 + SAM8.32 
   189 SAM9.16 + CRO 0.045 + CTX0.123 + AM1024 
   190 SAM9.16 + CRO 0.045 + CTX0.123 + SAM8.32 
   191 SAM9.16 + CTT0.125 + AM 512 + AM1024 
   192 SAM9.16 + CTT0.125 + AM 512 + SAM8.32 
   193 SAM9.16 + CTT0.125 + AM1024 + AM1024 
   194 SAM9.16 + CTT0.125 + AM1024 + FEP0.0156 
   195 SAM9.16 + CTT0.125 + CAZ0.125 + AM1024 
   196 SAM9.16 + CTT0.125 + CAZ0.125 + SAM8.32 
   197 SAM9.16 + CTT0.125 + CTX0.123 + AM1024 
   198 SAM9.16 + CTT0.125 + CTX0.123 + SAM8.32 
   199 SAM9.16 + CTT0.125 + SAM8.32 + AM1024 
   200 SAM9.16 + CTT0.125 + SAM8.32 + FEP0.0156 
   201 SAM9.16 + CTX0.05 + CAZ0.125 + AM1024 
   202 SAM9.16 + CTX0.05 + CAZ0.125 + SAM8.32 
   203 SAM9.16 + CTX0.05 + CTT0.125 + AM1024 
   204 SAM9.16 + CTX0.05 + CTT0.125 + SAM8.32 
   205 SAM9.16 + CTX0.05 + CTX0.123 + AM1024 
   206 SAM9.16 + CTX0.05 + CTX0.123 + SAM8.32 
   207 SAM9.16 + CTX0.06 + CAZ0.125 + AM1024 
   208 SAM9.16 + CTX0.06 + CAZ0.125 + SAM8.32 
   209 SAM9.16 + CTX0.06 + CTT0.125 + AM1024 
   210 SAM9.16 + CTX0.06 + CTT0.125 + SAM8.32 
   211 SAM9.16 + CTX0.06 + CTX0.123 + AM1024 
   212 SAM9.16 + CTX0.06 + CTX0.123 + SAM8.32 
   213 SAM9.16 + CTX0.123 + AM 512 + AM1024 
   214 SAM9.16 + CTX0.123 + AM 512 + SAM8.32 
   215 SAM9.16 + CTX0.123 + AM1024 + AM1024 
   216 SAM9.16 + CTX0.123 + AM1024 + FEP0.0156 
   217 SAM9.16 + CTX0.123 + CAZ0.125 + AM1024 
   218 SAM9.16 + CTX0.123 + CAZ0.125 + SAM8.32 
   219 SAM9.16 + CTX0.123 + CTX0.123 + AM1024 
   220 SAM9.16 + CTX0.123 + CTX0.123 + SAM8.32 
   221 SAM9.16 + CTX0.123 + SAM8.32 + AM1024 
   222 SAM9.16 + CTX0.123 + SAM8.32 + FEP0.0156 
   223 SAM9.16 + FEP0.0156 + CAZ0.125 + AM1024 
   224 SAM9.16 + FEP0.0156 + CAZ0.125 + SAM8.32 
   225 SAM9.16 + FEP0.0156 + CTT0.125 + AM1024 
   226 SAM9.16 + FEP0.0156 + CTT0.125 + SAM8.32 
   227 SAM9.16 + FEP0.0156 + CTX0.123 + AM1024 
   228 SAM9.16 + FEP0.0156 + CTX0.123 + SAM8.32 
   229 SAM9.16 + SAM9.16 + CAZ0.125 + AM1024 
   230 SAM9.16 + SAM9.16 + CAZ0.125 + SAM8.32 
   231 SAM9.16 + SAM9.16 + CTT0.125 + AM1024 
   232 SAM9.16 + SAM9.16 + CTT0.125 + SAM8.32 
   233 SAM9.16 + SAM9.16 + CTX0.123 + AM1024 
   234 SAM9.16 + SAM9.16 + CTX0.123 + SAM8.32 
   235 SAM9.16 + ZOX0.02 + CAZ0.125 + AM1024 
   236 SAM9.16 + ZOX0.02 + CAZ0.125 + SAM8.32 
   237 SAM9.16 + ZOX0.02 + CTT0.125 + AM1024 
   238 SAM9.16 + ZOX0.02 + CTT0.125 + SAM8.32 
   239 SAM9.16 + ZOX0.02 + CTX0.123 + AM1024 
   240 SAM9.16 + ZOX0.02 + CTX0.123 + SAM8.32 
   241 TZP8.256 + CAZ0.0625 + CAZ0.125 + AM1024 
   242 TZP8.256 + CAZ0.0625 + CAZ0.125 + SAM8.32 
   243 TZP8.256 + CAZ0.0625 + CTT0.125 + AM1024 
   244 TZP8.256 + CAZ0.0625 + CTT0.125 + SAM8.32 
   245 TZP8.256 + CAZ0.0625 + CTX0.123 + AM1024 
   246 TZP8.256 + CAZ0.0625 + CTX0.123 + SAM8.32 
   247 TZP8.256 + SAM9.16 + CAZ0.125 + AM1024 
   248 TZP8.256 + SAM9.16 + CAZ0.125 + SAM8.32 
   249 TZP8.256 + SAM9.16 + CTT0.125 + AM1024 
   250 TZP8.256 + SAM9.16 + CTT0.125 + SAM8.32 
   251 TZP8.256 + SAM9.16 + CTX0.123 + AM1024 
   252 TZP8.256 + SAM9.16 + CTX0.123 + SAM8.32 
   253 ZOX0.063 + CAZ0.0625 + CAZ0.125 + AM1024 
   254 ZOX0.063 + CAZ0.0625 + CAZ0.125 + SAM8.32 
   255 ZOX0.063 + CAZ0.0625 + CTT0.125 + AM1024 
   256 ZOX0.063 + CAZ0.0625 + CTT0.125 + SAM8.32 
   257 ZOX0.063 + CAZ0.0625 + CTX0.123 + AM1024 
   258 ZOX0.063 + CAZ0.0625 + CTX0.123 + SAM8.32 
   259 ZOX0.063 + SAM9.16 + CAZ0.125 + AM1024 
   260 ZOX0.063 + SAM9.16 + CAZ0.125 + SAM8.32 
   261 ZOX0.063 + SAM9.16 + CTT0.125 + AM1024 
   262 ZOX0.063 + SAM9.16 + CTT0.125 + SAM8.32 
   263 ZOX0.063 + SAM9.16 + CTX0.123 + AM1024 
   264 ZOX0.063 + SAM9.16 + CTX0.123 + SAM8.32 

 [1  1  0  0] Prob =  1.000000e+00
    67 Plans found:
     1 CEC 1 + CTT0.125 + CAZ0.125 + AM1024 
     2 CEC 1 + CTT0.125 + CAZ0.125 + SAM8.32 
     3 CRO 0.045 + CTT0.125 + CAZ0.125 + AM1024 
     4 CRO 0.045 + CTT0.125 + CAZ0.125 + SAM8.32 
     5 CTX0.05 + CPD 2 + CAZ0.125 + AM1024 
     6 CTX0.05 + CPD 2 + CAZ0.125 + SAM8.32 
     7 CTX0.05 + CPR128 + CAZ0.125 + AM1024 
     8 CTX0.05 + CPR128 + CAZ0.125 + SAM8.32 
     9 CTX0.05 + CTT0.125 + CAZ0.125 + AM1024 
    10 CTX0.05 + CTT0.125 + CAZ0.125 + SAM8.32 
    11 CTX0.05 + CTX0.04 + CAZ0.125 + AM1024 
    12 CTX0.05 + CTX0.04 + CAZ0.125 + SAM8.32 
    13 CTX0.05 + CTX0.05 + CAZ0.125 + AM1024 
    14 CTX0.05 + CTX0.05 + CAZ0.125 + SAM8.32 
    15 CTX0.05 + CTX0.06 + CAZ0.125 + AM1024 
    16 CTX0.05 + CTX0.06 + CAZ0.125 + SAM8.32 
    17 CTX0.06 + CTT0.125 + CAZ0.125 + AM1024 
    18 CTX0.06 + CTT0.125 + CAZ0.125 + SAM8.32 
    19 CTX0.123 + ZOX0.02 + AM1024 + AM1024 
    20 CTX0.123 + ZOX0.02 + AM1024 + SAM8.32 
    21 CTX0.123 + ZOX0.02 + AMC8.1024 + CPR100 
    22 CTX0.123 + ZOX0.02 + ZOX0.03 + AM1024 
    23 CTX0.123 + ZOX0.02 + ZOX0.03 + SAM8.32 
    24 CXM1.5 + CPD 2 + CAZ0.125 + AM1024 
    25 CXM1.5 + CPD 2 + CAZ0.125 + SAM8.32 
    26 CXM1.5 + CPR128 + CAZ0.125 + AM1024 
    27 CXM1.5 + CPR128 + CAZ0.125 + SAM8.32 
    28 CXM1.5 + CTT0.125 + CAZ0.125 + AM1024 
    29 CXM1.5 + CTT0.125 + CAZ0.125 + SAM8.32 
    30 CXM1.5 + CTX0.04 + CAZ0.125 + AM1024 
    31 CXM1.5 + CTX0.04 + CAZ0.125 + SAM8.32 
    32 CXM1.5 + CTX0.05 + CAZ0.125 + AM1024 
    33 CXM1.5 + CTX0.05 + CAZ0.125 + SAM8.32 
    34 CXM1.5 + CTX0.06 + CAZ0.125 + AM1024 
    35 CXM1.5 + CTX0.06 + CAZ0.125 + SAM8.32 
    36 ZOX0.03 + CPD 2 + CAZ0.125 + AM1024 
    37 ZOX0.03 + CPD 2 + CAZ0.125 + SAM8.32 
    38 ZOX0.03 + CPR128 + CAZ0.125 + AM1024 
    39 ZOX0.03 + CPR128 + CAZ0.125 + SAM8.32 
    40 ZOX0.03 + CTT0.125 + CAZ0.125 + AM1024 
    41 ZOX0.03 + CTT0.125 + CAZ0.125 + SAM8.32 
    42 ZOX0.03 + CTX0.04 + CAZ0.125 + AM1024 
    43 ZOX0.03 + CTX0.04 + CAZ0.125 + SAM8.32 
    44 ZOX0.03 + CTX0.05 + CAZ0.125 + AM1024 
    45 ZOX0.03 + CTX0.05 + CAZ0.125 + SAM8.32 
    46 ZOX0.03 + CTX0.06 + CAZ0.125 + AM1024 
    47 ZOX0.03 + CTX0.06 + CAZ0.125 + SAM8.32 
    48 ZOX0.063 + CAZ0.1 + CAZ0.125 + AM1024 
    49 ZOX0.063 + CAZ0.1 + CAZ0.125 + SAM8.32 
    50 ZOX0.063 + CAZ0.125 + CAZ0.125 + AM1024 
    51 ZOX0.063 + CAZ0.125 + CAZ0.125 + SAM8.32 
    52 ZOX0.063 + CPR100 + CAZ0.125 + AM1024 
    53 ZOX0.063 + CPR100 + CAZ0.125 + SAM8.32 
    54 ZOX0.063 + CTT0.0625 + CAZ0.125 + AM1024 
    55 ZOX0.063 + CTT0.0625 + CAZ0.125 + SAM8.32 
    56 ZOX0.063 + CTT0.125 + CAZ0.125 + AM1024 
    57 ZOX0.063 + CTT0.125 + CAZ0.125 + SAM8.32 
    58 ZOX0.063 + CTX0.06 + AM1024 + AM1024 
    59 ZOX0.063 + CTX0.06 + AM1024 + SAM8.32 
    60 ZOX0.063 + CTX0.06 + AMC8.1024 + CPR100 
    61 ZOX0.063 + CTX0.06 + ZOX0.03 + AM1024 
    62 ZOX0.063 + CTX0.06 + ZOX0.03 + SAM8.32 
    63 ZOX0.063 + ZOX0.02 + AM1024 + AM1024 
    64 ZOX0.063 + ZOX0.02 + AM1024 + SAM8.32 
    65 ZOX0.063 + ZOX0.02 + AMC8.1024 + CPR100 
    66 ZOX0.063 + ZOX0.02 + ZOX0.03 + AM1024 
    67 ZOX0.063 + ZOX0.02 + ZOX0.03 + SAM8.32 

 [1  0  1  0] Prob =  1.000000e+00
     6 Plans found:
     1 AM1024 + SAM8.8 + AM1024 + AM1024 
     2 AM1024 + SAM8.8 + AMC8.1024 + CPR100 
     3 CTT0.125 + CTT0.0625 + CAZ0.125 + AM1024 
     4 CTT0.125 + CTT0.0625 + CAZ0.125 + SAM8.32 
     5 ZOX0.03 + SAM8.8 + AM1024 + AM1024 
     6 ZOX0.03 + SAM8.8 + AMC8.1024 + CPR100 

 [1  0  0  1] Prob =  1.000000e+00
     6 Plans found:
     1 CTT0.125 + AMP512 + CAZ0.125 + AM1024 
     2 CTT0.125 + AMP512 + CAZ0.125 + SAM8.32 
     3 CTT0.125 + AMP512 + CTT0.125 + AM1024 
     4 CTT0.125 + AMP512 + CTT0.125 + SAM8.32 
     5 CTT0.125 + AMP512 + CTX0.123 + AM1024 
     6 CTT0.125 + AMP512 + CTX0.123 + SAM8.32 

 [0  1  1  0] Prob =  1.000000e+00
     6 Plans found:
     1 AMC8.512 + CTT0.125 + CAZ0.125 + AM1024 
     2 AMC8.512 + CTT0.125 + CAZ0.125 + SAM8.32 
     3 CAZ0.125 + SAM8.8 + AM1024 + AM1024 
     4 CAZ0.125 + SAM8.8 + AMC8.1024 + CPR100 
     5 CTX0.123 + CPR100 + CAZ0.125 + AM1024 
     6 CTX0.123 + CPR100 + CAZ0.125 + SAM8.32 

 [0  1  0  1] Prob =  1.000000e+00
    38 Plans found:
     1 CTX0.05 + CTT0.125 + CAZ0.125 + AM1024 
     2 CTX0.05 + CTT0.125 + CAZ0.125 + SAM8.32 
     3 CTX0.06 + CPD 2 + CAZ0.125 + AM1024 
     4 CTX0.06 + CPD 2 + CAZ0.125 + SAM8.32 
     5 CTX0.06 + CPR128 + CAZ0.125 + AM1024 
     6 CTX0.06 + CPR128 + CAZ0.125 + SAM8.32 
     7 CTX0.06 + CTT0.125 + CAZ0.125 + AM1024 
     8 CTX0.06 + CTT0.125 + CAZ0.125 + SAM8.32 
     9 CTX0.06 + CTX0.04 + CAZ0.125 + AM1024 
    10 CTX0.06 + CTX0.04 + CAZ0.125 + SAM8.32 
    11 CTX0.06 + CTX0.05 + CAZ0.125 + AM1024 
    12 CTX0.06 + CTX0.05 + CAZ0.125 + SAM8.32 
    13 CTX0.06 + CTX0.06 + CAZ0.125 + AM1024 
    14 CTX0.06 + CTX0.06 + CAZ0.125 + SAM8.32 
    15 TZP8.256 + CAZ0.0625 + CAZ0.125 + AM1024 
    16 TZP8.256 + CAZ0.0625 + CAZ0.125 + SAM8.32 
    17 TZP8.256 + CAZ0.0625 + CTT0.125 + AM1024 
    18 TZP8.256 + CAZ0.0625 + CTT0.125 + SAM8.32 
    19 TZP8.256 + CAZ0.0625 + CTX0.123 + AM1024 
    20 TZP8.256 + CAZ0.0625 + CTX0.123 + SAM8.32 
    21 TZP8.256 + SAM9.16 + CAZ0.125 + AM1024 
    22 TZP8.256 + SAM9.16 + CAZ0.125 + SAM8.32 
    23 TZP8.256 + SAM9.16 + CTT0.125 + AM1024 
    24 TZP8.256 + SAM9.16 + CTT0.125 + SAM8.32 
    25 TZP8.256 + SAM9.16 + CTX0.123 + AM1024 
    26 TZP8.256 + SAM9.16 + CTX0.123 + SAM8.32 
    27 ZOX0.02 + CPD 2 + CAZ0.125 + AM1024 
    28 ZOX0.02 + CPD 2 + CAZ0.125 + SAM8.32 
    29 ZOX0.02 + CPR128 + CAZ0.125 + AM1024 
    30 ZOX0.02 + CPR128 + CAZ0.125 + SAM8.32 
    31 ZOX0.02 + CTT0.125 + CAZ0.125 + AM1024 
    32 ZOX0.02 + CTT0.125 + CAZ0.125 + SAM8.32 
    33 ZOX0.02 + CTX0.04 + CAZ0.125 + AM1024 
    34 ZOX0.02 + CTX0.04 + CAZ0.125 + SAM8.32 
    35 ZOX0.02 + CTX0.05 + CAZ0.125 + AM1024 
    36 ZOX0.02 + CTX0.05 + CAZ0.125 + SAM8.32 
    37 ZOX0.02 + CTX0.06 + CAZ0.125 + AM1024 
    38 ZOX0.02 + CTX0.06 + CAZ0.125 + SAM8.32 

 [0  0  1  1] Prob =  1.000000e+00
     6 Plans found:
     1 CAZ0.125 + SAM8.8 + AM1024 + AM1024 
     2 CAZ0.125 + SAM8.8 + AMC8.1024 + CPR100 
     3 CTT0.125 + SAM8.8 + AM1024 + AM1024 
     4 CTT0.125 + SAM8.8 + AMC8.1024 + CPR100 
     5 CTX0.123 + SAM8.8 + AM1024 + AM1024 
     6 CTX0.123 + SAM8.8 + AMC8.1024 + CPR100 

 [1  1  1  0] Prob =  1.000000e+00
   386 Plans found:
     1 AMP512 + CAZ0.1 + CAZ0.125 + AM1024 
     2 AMP512 + CAZ0.1 + CAZ0.125 + SAM8.32 
     3 AMP512 + CAZ0.125 + CAZ0.125 + AM1024 
     4 AMP512 + CAZ0.125 + CAZ0.125 + SAM8.32 
     5 AMP512 + CPR100 + CAZ0.125 + AM1024 
     6 AMP512 + CPR100 + CAZ0.125 + SAM8.32 
     7 AMP512 + CTT0.0625 + CAZ0.125 + AM1024 
     8 AMP512 + CTT0.0625 + CAZ0.125 + SAM8.32 
     9 AMP512 + CTT0.125 + CAZ0.125 + AM1024 
    10 AMP512 + CTT0.125 + CAZ0.125 + SAM8.32 
    11 AMP512 + CTX0.06 + AM1024 + AM1024 
    12 AMP512 + CTX0.06 + AM1024 + SAM8.32 
    13 AMP512 + CTX0.06 + AMC8.1024 + CPR100 
    14 AMP512 + CTX0.06 + ZOX0.03 + AM1024 
    15 AMP512 + CTX0.06 + ZOX0.03 + SAM8.32 
    16 AMP512 + ZOX0.02 + AM1024 + AM1024 
    17 AMP512 + ZOX0.02 + AM1024 + SAM8.32 
    18 AMP512 + ZOX0.02 + AMC8.1024 + CPR100 
    19 AMP512 + ZOX0.02 + ZOX0.03 + AM1024 
    20 AMP512 + ZOX0.02 + ZOX0.03 + SAM8.32 
    21 CAZ0.0625 + CAZ0.1 + CAZ0.125 + AM1024 
    22 CAZ0.0625 + CAZ0.1 + CAZ0.125 + SAM8.32 
    23 CAZ0.0625 + CAZ0.125 + CAZ0.125 + AM1024 
    24 CAZ0.0625 + CAZ0.125 + CAZ0.125 + SAM8.32 
    25 CAZ0.0625 + CPR100 + CAZ0.125 + AM1024 
    26 CAZ0.0625 + CPR100 + CAZ0.125 + SAM8.32 
    27 CAZ0.0625 + CTT0.0625 + CAZ0.125 + AM1024 
    28 CAZ0.0625 + CTT0.0625 + CAZ0.125 + SAM8.32 
    29 CAZ0.0625 + CTT0.125 + CAZ0.125 + AM1024 
    30 CAZ0.0625 + CTT0.125 + CAZ0.125 + SAM8.32 
    31 CAZ0.0625 + CTX0.06 + AM1024 + AM1024 
    32 CAZ0.0625 + CTX0.06 + AM1024 + SAM8.32 
    33 CAZ0.0625 + CTX0.06 + AMC8.1024 + CPR100 
    34 CAZ0.0625 + CTX0.06 + ZOX0.03 + AM1024 
    35 CAZ0.0625 + CTX0.06 + ZOX0.03 + SAM8.32 
    36 CAZ0.0625 + ZOX0.02 + AM1024 + AM1024 
    37 CAZ0.0625 + ZOX0.02 + AM1024 + SAM8.32 
    38 CAZ0.0625 + ZOX0.02 + AMC8.1024 + CPR100 
    39 CAZ0.0625 + ZOX0.02 + ZOX0.03 + AM1024 
    40 CAZ0.0625 + ZOX0.02 + ZOX0.03 + SAM8.32 
    41 CAZ0.1 + AMC8.1024 + CAZ0.125 + AM1024 
    42 CAZ0.1 + AMC8.1024 + CAZ0.125 + SAM8.32 
    43 CAZ0.1 + AMP2048 + CAZ0.125 + AM1024 
    44 CAZ0.1 + AMP2048 + CAZ0.125 + SAM8.32 
    45 CAZ0.1 + CAZ0.1 + CAZ0.125 + AM1024 
    46 CAZ0.1 + CAZ0.1 + CAZ0.125 + SAM8.32 
    47 CAZ0.1 + CAZ0.125 + AM 512 + AM1024 
    48 CAZ0.1 + CAZ0.125 + AM 512 + SAM8.32 
    49 CAZ0.1 + CAZ0.125 + AM1024 + AM1024 
    50 CAZ0.1 + CAZ0.125 + AM1024 + FEP0.0156 
    51 CAZ0.1 + CAZ0.125 + CAZ0.125 + AM1024 
    52 CAZ0.1 + CAZ0.125 + CAZ0.125 + SAM8.32 
    53 CAZ0.1 + CAZ0.125 + CTX0.123 + AM1024 
    54 CAZ0.1 + CAZ0.125 + CTX0.123 + SAM8.32 
    55 CAZ0.1 + CAZ0.125 + SAM8.32 + AM1024 
    56 CAZ0.1 + CAZ0.125 + SAM8.32 + FEP0.0156 
    57 CAZ0.1 + CPR100 + CAZ0.125 + AM1024 
    58 CAZ0.1 + CPR100 + CAZ0.125 + SAM8.32 
    59 CAZ0.1 + CPR128 + CAZ0.125 + AM1024 
    60 CAZ0.1 + CPR128 + CAZ0.125 + SAM8.32 
    61 CAZ0.1 + CTT0.125 + CAZ0.125 + AM1024 
    62 CAZ0.1 + CTT0.125 + CAZ0.125 + SAM8.32 
    63 CAZ0.1 + CTX0.05 + CAZ0.125 + AM1024 
    64 CAZ0.1 + CTX0.05 + CAZ0.125 + SAM8.32 
    65 CAZ0.1 + TZP8.256 + CAZ0.125 + AM1024 
    66 CAZ0.1 + TZP8.256 + CAZ0.125 + SAM8.32 
    67 CAZ0.125 + AMC8.1024 + CAZ0.125 + AM1024 
    68 CAZ0.125 + AMC8.1024 + CAZ0.125 + SAM8.32 
    69 CAZ0.125 + AMP2048 + CAZ0.125 + AM1024 
    70 CAZ0.125 + AMP2048 + CAZ0.125 + SAM8.32 
    71 CAZ0.125 + CAZ0.1 + CAZ0.125 + AM1024 
    72 CAZ0.125 + CAZ0.1 + CAZ0.125 + SAM8.32 
    73 CAZ0.125 + CAZ0.125 + AM 512 + AM1024 
    74 CAZ0.125 + CAZ0.125 + AM 512 + SAM8.32 
    75 CAZ0.125 + CAZ0.125 + AM1024 + AM1024 
    76 CAZ0.125 + CAZ0.125 + AM1024 + FEP0.0156 
    77 CAZ0.125 + CAZ0.125 + CAZ0.125 + AM1024 
    78 CAZ0.125 + CAZ0.125 + CAZ0.125 + SAM8.32 
    79 CAZ0.125 + CAZ0.125 + CTX0.123 + AM1024 
    80 CAZ0.125 + CAZ0.125 + CTX0.123 + SAM8.32 
    81 CAZ0.125 + CAZ0.125 + SAM8.32 + AM1024 
    82 CAZ0.125 + CAZ0.125 + SAM8.32 + FEP0.0156 
    83 CAZ0.125 + CPR100 + CAZ0.125 + AM1024 
    84 CAZ0.125 + CPR100 + CAZ0.125 + SAM8.32 
    85 CAZ0.125 + CPR128 + CAZ0.125 + AM1024 
    86 CAZ0.125 + CPR128 + CAZ0.125 + SAM8.32 
    87 CAZ0.125 + CTT0.125 + CAZ0.125 + AM1024 
    88 CAZ0.125 + CTT0.125 + CAZ0.125 + SAM8.32 
    89 CAZ0.125 + CTX0.05 + CAZ0.125 + AM1024 
    90 CAZ0.125 + CTX0.05 + CAZ0.125 + SAM8.32 
    91 CAZ0.125 + TZP8.256 + CAZ0.125 + AM1024 
    92 CAZ0.125 + TZP8.256 + CAZ0.125 + SAM8.32 
    93 CEC 1 + CAZ0.1 + CAZ0.125 + AM1024 
    94 CEC 1 + CAZ0.1 + CAZ0.125 + SAM8.32 
    95 CEC 1 + CAZ0.125 + CAZ0.125 + AM1024 
    96 CEC 1 + CAZ0.125 + CAZ0.125 + SAM8.32 
    97 CEC 1 + CPR100 + CAZ0.125 + AM1024 
    98 CEC 1 + CPR100 + CAZ0.125 + SAM8.32 
    99 CEC 1 + CTT0.0625 + CAZ0.125 + AM1024 
   100 CEC 1 + CTT0.0625 + CAZ0.125 + SAM8.32 
   101 CEC 1 + CTT0.125 + CAZ0.125 + AM1024 
   102 CEC 1 + CTT0.125 + CAZ0.125 + SAM8.32 
   103 CEC 1 + CTX0.06 + AM1024 + AM1024 
   104 CEC 1 + CTX0.06 + AM1024 + SAM8.32 
   105 CEC 1 + CTX0.06 + AMC8.1024 + CPR100 
   106 CEC 1 + CTX0.06 + ZOX0.03 + AM1024 
   107 CEC 1 + CTX0.06 + ZOX0.03 + SAM8.32 
   108 CEC 1 + ZOX0.02 + AM1024 + AM1024 
   109 CEC 1 + ZOX0.02 + AM1024 + SAM8.32 
   110 CEC 1 + ZOX0.02 + AMC8.1024 + CPR100 
   111 CEC 1 + ZOX0.02 + ZOX0.03 + AM1024 
   112 CEC 1 + ZOX0.02 + ZOX0.03 + SAM8.32 
   113 CPR100 + AMC8.1024 + CAZ0.125 + AM1024 
   114 CPR100 + AMC8.1024 + CAZ0.125 + SAM8.32 
   115 CPR100 + AMP2048 + CAZ0.125 + AM1024 
   116 CPR100 + AMP2048 + CAZ0.125 + SAM8.32 
   117 CPR100 + CAZ0.1 + CAZ0.125 + AM1024 
   118 CPR100 + CAZ0.1 + CAZ0.125 + SAM8.32 
   119 CPR100 + CAZ0.125 + AM 512 + AM1024 
   120 CPR100 + CAZ0.125 + AM 512 + SAM8.32 
   121 CPR100 + CAZ0.125 + AM1024 + AM1024 
   122 CPR100 + CAZ0.125 + AM1024 + FEP0.0156 
   123 CPR100 + CAZ0.125 + CAZ0.125 + AM1024 
   124 CPR100 + CAZ0.125 + CAZ0.125 + SAM8.32 
   125 CPR100 + CAZ0.125 + CTX0.123 + AM1024 
   126 CPR100 + CAZ0.125 + CTX0.123 + SAM8.32 
   127 CPR100 + CAZ0.125 + SAM8.32 + AM1024 
   128 CPR100 + CAZ0.125 + SAM8.32 + FEP0.0156 
   129 CPR100 + CPR100 + CAZ0.125 + AM1024 
   130 CPR100 + CPR100 + CAZ0.125 + SAM8.32 
   131 CPR100 + CPR128 + CAZ0.125 + AM1024 
   132 CPR100 + CPR128 + CAZ0.125 + SAM8.32 
   133 CPR100 + CTT0.125 + CAZ0.125 + AM1024 
   134 CPR100 + CTT0.125 + CAZ0.125 + SAM8.32 
   135 CPR100 + CTX0.05 + CAZ0.125 + AM1024 
   136 CPR100 + CTX0.05 + CAZ0.125 + SAM8.32 
   137 CPR100 + TZP8.256 + CAZ0.125 + AM1024 
   138 CPR100 + TZP8.256 + CAZ0.125 + SAM8.32 
   139 CTT0.0325 + CAZ0.1 + CAZ0.125 + AM1024 
   140 CTT0.0325 + CAZ0.1 + CAZ0.125 + SAM8.32 
   141 CTT0.0325 + CAZ0.125 + CAZ0.125 + AM1024 
   142 CTT0.0325 + CAZ0.125 + CAZ0.125 + SAM8.32 
   143 CTT0.0325 + CPR100 + CAZ0.125 + AM1024 
   144 CTT0.0325 + CPR100 + CAZ0.125 + SAM8.32 
   145 CTT0.0325 + CTT0.0625 + CAZ0.125 + AM1024 
   146 CTT0.0325 + CTT0.0625 + CAZ0.125 + SAM8.32 
   147 CTT0.0325 + CTT0.125 + CAZ0.125 + AM1024 
   148 CTT0.0325 + CTT0.125 + CAZ0.125 + SAM8.32 
   149 CTT0.0325 + CTX0.06 + AM1024 + AM1024 
   150 CTT0.0325 + CTX0.06 + AM1024 + SAM8.32 
   151 CTT0.0325 + CTX0.06 + AMC8.1024 + CPR100 
   152 CTT0.0325 + CTX0.06 + ZOX0.03 + AM1024 
   153 CTT0.0325 + CTX0.06 + ZOX0.03 + SAM8.32 
   154 CTT0.0325 + ZOX0.02 + AM1024 + AM1024 
   155 CTT0.0325 + ZOX0.02 + AM1024 + SAM8.32 
   156 CTT0.0325 + ZOX0.02 + AMC8.1024 + CPR100 
   157 CTT0.0325 + ZOX0.02 + ZOX0.03 + AM1024 
   158 CTT0.0325 + ZOX0.02 + ZOX0.03 + SAM8.32 
   159 CTT0.0625 + AMC8.1024 + CAZ0.125 + AM1024 
   160 CTT0.0625 + AMC8.1024 + CAZ0.125 + SAM8.32 
   161 CTT0.0625 + AMP2048 + CAZ0.125 + AM1024 
   162 CTT0.0625 + AMP2048 + CAZ0.125 + SAM8.32 
   163 CTT0.0625 + CAZ0.1 + CAZ0.125 + AM1024 
   164 CTT0.0625 + CAZ0.1 + CAZ0.125 + SAM8.32 
   165 CTT0.0625 + CAZ0.125 + AM 512 + AM1024 
   166 CTT0.0625 + CAZ0.125 + AM 512 + SAM8.32 
   167 CTT0.0625 + CAZ0.125 + AM1024 + AM1024 
   168 CTT0.0625 + CAZ0.125 + AM1024 + FEP0.0156 
   169 CTT0.0625 + CAZ0.125 + CAZ0.125 + AM1024 
   170 CTT0.0625 + CAZ0.125 + CAZ0.125 + SAM8.32 
   171 CTT0.0625 + CAZ0.125 + CTX0.123 + AM1024 
   172 CTT0.0625 + CAZ0.125 + CTX0.123 + SAM8.32 
   173 CTT0.0625 + CAZ0.125 + SAM8.32 + AM1024 
   174 CTT0.0625 + CAZ0.125 + SAM8.32 + FEP0.0156 
   175 CTT0.0625 + CPR100 + CAZ0.125 + AM1024 
   176 CTT0.0625 + CPR100 + CAZ0.125 + SAM8.32 
   177 CTT0.0625 + CPR128 + CAZ0.125 + AM1024 
   178 CTT0.0625 + CPR128 + CAZ0.125 + SAM8.32 
   179 CTT0.0625 + CTT0.125 + CAZ0.125 + AM1024 
   180 CTT0.0625 + CTT0.125 + CAZ0.125 + SAM8.32 
   181 CTT0.0625 + CTX0.05 + CAZ0.125 + AM1024 
   182 CTT0.0625 + CTX0.05 + CAZ0.125 + SAM8.32 
   183 CTT0.0625 + TZP8.256 + CAZ0.125 + AM1024 
   184 CTT0.0625 + TZP8.256 + CAZ0.125 + SAM8.32 
   185 CTT0.125 + AMC8.1024 + CAZ0.125 + AM1024 
   186 CTT0.125 + AMC8.1024 + CAZ0.125 + SAM8.32 
   187 CTT0.125 + AMP2048 + CAZ0.125 + AM1024 
   188 CTT0.125 + AMP2048 + CAZ0.125 + SAM8.32 
   189 CTT0.125 + CAZ0.1 + CAZ0.125 + AM1024 
   190 CTT0.125 + CAZ0.1 + CAZ0.125 + SAM8.32 
   191 CTT0.125 + CAZ0.125 + AM 512 + AM1024 
   192 CTT0.125 + CAZ0.125 + AM 512 + SAM8.32 
   193 CTT0.125 + CAZ0.125 + AM1024 + AM1024 
   194 CTT0.125 + CAZ0.125 + AM1024 + FEP0.0156 
   195 CTT0.125 + CAZ0.125 + CAZ0.125 + AM1024 
   196 CTT0.125 + CAZ0.125 + CAZ0.125 + SAM8.32 
   197 CTT0.125 + CAZ0.125 + CTX0.123 + AM1024 
   198 CTT0.125 + CAZ0.125 + CTX0.123 + SAM8.32 
   199 CTT0.125 + CAZ0.125 + SAM8.32 + AM1024 
   200 CTT0.125 + CAZ0.125 + SAM8.32 + FEP0.0156 
   201 CTT0.125 + CPR100 + CAZ0.125 + AM1024 
   202 CTT0.125 + CPR100 + CAZ0.125 + SAM8.32 
   203 CTT0.125 + CPR128 + CAZ0.125 + AM1024 
   204 CTT0.125 + CPR128 + CAZ0.125 + SAM8.32 
   205 CTT0.125 + CTT0.125 + CAZ0.125 + AM1024 
   206 CTT0.125 + CTT0.125 + CAZ0.125 + SAM8.32 
   207 CTT0.125 + CTX0.05 + CAZ0.125 + AM1024 
   208 CTT0.125 + CTX0.05 + CAZ0.125 + SAM8.32 
   209 CTT0.125 + TZP8.256 + CAZ0.125 + AM1024 
   210 CTT0.125 + TZP8.256 + CAZ0.125 + SAM8.32 
   211 CTX0.06 + AM1024 + AM 512 + AM1024 
   212 CTX0.06 + AM1024 + AM 512 + SAM8.32 
   213 CTX0.06 + AM1024 + AM1024 + AM1024 
   214 CTX0.06 + AM1024 + AM1024 + FEP0.0156 
   215 CTX0.06 + AM1024 + CAZ0.125 + AM1024 
   216 CTX0.06 + AM1024 + CAZ0.125 + SAM8.32 
   217 CTX0.06 + AM1024 + CTX0.123 + AM1024 
   218 CTX0.06 + AM1024 + CTX0.123 + SAM8.32 
   219 CTX0.06 + AM1024 + SAM8.32 + AM1024 
   220 CTX0.06 + AM1024 + SAM8.32 + FEP0.0156 
   221 CTX0.06 + AMC8.1024 + AM 256 + CPR100 
   222 CTX0.06 + AMC8.1024 + CPR100 + AM1024 
   223 CTX0.06 + AMC8.1024 + CPR100 + FEP0.0156 
   224 CTX0.06 + AMC8.1024 + CPR128 + CPR100 
   225 CTX0.06 + AMC8.1024 + CTT0.0325 + CPR100 
   226 CTX0.06 + AMC8.1024 + CTT0.0625 + CPR100 
   227 CTX0.06 + AMC8.1024 + SAM9.16 + CPR100 
   228 CTX0.06 + AMC8.1024 + TZP8.128 + CPR100 
   229 CTX0.06 + CPD 2 + AM1024 + AM1024 
   230 CTX0.06 + CPD 2 + AM1024 + SAM8.32 
   231 CTX0.06 + CPD 2 + AMC8.1024 + CPR100 
   232 CTX0.06 + CPD 2 + ZOX0.03 + AM1024 
   233 CTX0.06 + CPD 2 + ZOX0.03 + SAM8.32 
   234 CTX0.06 + CRO 0.045 + AM1024 + AM1024 
   235 CTX0.06 + CRO 0.045 + AM1024 + SAM8.32 
   236 CTX0.06 + CRO 0.045 + AMC8.1024 + CPR100 
   237 CTX0.06 + CRO 0.045 + ZOX0.03 + AM1024 
   238 CTX0.06 + CRO 0.045 + ZOX0.03 + SAM8.32 
   239 CTX0.06 + CTX0.05 + AM1024 + AM1024 
   240 CTX0.06 + CTX0.05 + AM1024 + SAM8.32 
   241 CTX0.06 + CTX0.05 + AMC8.1024 + CPR100 
   242 CTX0.06 + CTX0.05 + ZOX0.03 + AM1024 
   243 CTX0.06 + CTX0.05 + ZOX0.03 + SAM8.32 
   244 CTX0.06 + CTX0.06 + AM1024 + AM1024 
   245 CTX0.06 + CTX0.06 + AM1024 + SAM8.32 
   246 CTX0.06 + CTX0.06 + AMC8.1024 + CPR100 
   247 CTX0.06 + CTX0.06 + ZOX0.03 + AM1024 
   248 CTX0.06 + CTX0.06 + ZOX0.03 + SAM8.32 
   249 CTX0.06 + FEP0.0156 + AM1024 + AM1024 
   250 CTX0.06 + FEP0.0156 + AM1024 + SAM8.32 
   251 CTX0.06 + FEP0.0156 + AMC8.1024 + CPR100 
   252 CTX0.06 + FEP0.0156 + ZOX0.03 + AM1024 
   253 CTX0.06 + FEP0.0156 + ZOX0.03 + SAM8.32 
   254 CTX0.06 + ZOX0.03 + AM 512 + AM1024 
   255 CTX0.06 + ZOX0.03 + AM 512 + SAM8.32 
   256 CTX0.06 + ZOX0.03 + AM1024 + AM1024 
   257 CTX0.06 + ZOX0.03 + AM1024 + FEP0.0156 
   258 CTX0.06 + ZOX0.03 + CAZ0.125 + AM1024 
   259 CTX0.06 + ZOX0.03 + CAZ0.125 + SAM8.32 
   260 CTX0.06 + ZOX0.03 + CTX0.123 + AM1024 
   261 CTX0.06 + ZOX0.03 + CTX0.123 + SAM8.32 
   262 CTX0.06 + ZOX0.03 + SAM8.32 + AM1024 
   263 CTX0.06 + ZOX0.03 + SAM8.32 + FEP0.0156 
   264 CTX0.06 + ZOX0.02 + AM1024 + AM1024 
   265 CTX0.06 + ZOX0.02 + AM1024 + SAM8.32 
   266 CTX0.06 + ZOX0.02 + AMC8.1024 + CPR100 
   267 CTX0.06 + ZOX0.02 + ZOX0.03 + AM1024 
   268 CTX0.06 + ZOX0.02 + ZOX0.03 + SAM8.32 
   269 CTX0.123 + CAZ0.1 + CAZ0.125 + AM1024 
   270 CTX0.123 + CAZ0.1 + CAZ0.125 + SAM8.32 
   271 CTX0.123 + CAZ0.125 + CAZ0.125 + AM1024 
   272 CTX0.123 + CAZ0.125 + CAZ0.125 + SAM8.32 
   273 CTX0.123 + CPR100 + CAZ0.125 + AM1024 
   274 CTX0.123 + CPR100 + CAZ0.125 + SAM8.32 
   275 CTX0.123 + CTT0.0625 + CAZ0.125 + AM1024 
   276 CTX0.123 + CTT0.0625 + CAZ0.125 + SAM8.32 
   277 CTX0.123 + CTT0.125 + CAZ0.125 + AM1024 
   278 CTX0.123 + CTT0.125 + CAZ0.125 + SAM8.32 
   279 CTX0.123 + CTX0.06 + AM1024 + AM1024 
   280 CTX0.123 + CTX0.06 + AM1024 + SAM8.32 
   281 CTX0.123 + CTX0.06 + AMC8.1024 + CPR100 
   282 CTX0.123 + CTX0.06 + ZOX0.03 + AM1024 
   283 CTX0.123 + CTX0.06 + ZOX0.03 + SAM8.32 
   284 CTX0.123 + ZOX0.02 + AM1024 + AM1024 
   285 CTX0.123 + ZOX0.02 + AM1024 + SAM8.32 
   286 CTX0.123 + ZOX0.02 + AMC8.1024 + CPR100 
   287 CTX0.123 + ZOX0.02 + ZOX0.03 + AM1024 
   288 CTX0.123 + ZOX0.02 + ZOX0.03 + SAM8.32 
   289 FEP0.0312 + CAZ0.1 + CAZ0.125 + AM1024 
   290 FEP0.0312 + CAZ0.1 + CAZ0.125 + SAM8.32 
   291 FEP0.0312 + CAZ0.125 + CAZ0.125 + AM1024 
   292 FEP0.0312 + CAZ0.125 + CAZ0.125 + SAM8.32 
   293 FEP0.0312 + CPR100 + CAZ0.125 + AM1024 
   294 FEP0.0312 + CPR100 + CAZ0.125 + SAM8.32 
   295 FEP0.0312 + CTT0.0625 + CAZ0.125 + AM1024 
   296 FEP0.0312 + CTT0.0625 + CAZ0.125 + SAM8.32 
   297 FEP0.0312 + CTT0.125 + CAZ0.125 + AM1024 
   298 FEP0.0312 + CTT0.125 + CAZ0.125 + SAM8.32 
   299 FEP0.0312 + CTX0.06 + AM1024 + AM1024 
   300 FEP0.0312 + CTX0.06 + AM1024 + SAM8.32 
   301 FEP0.0312 + CTX0.06 + AMC8.1024 + CPR100 
   302 FEP0.0312 + CTX0.06 + ZOX0.03 + AM1024 
   303 FEP0.0312 + CTX0.06 + ZOX0.03 + SAM8.32 
   304 FEP0.0312 + ZOX0.02 + AM1024 + AM1024 
   305 FEP0.0312 + ZOX0.02 + AM1024 + SAM8.32 
   306 FEP0.0312 + ZOX0.02 + AMC8.1024 + CPR100 
   307 FEP0.0312 + ZOX0.02 + ZOX0.03 + AM1024 
   308 FEP0.0312 + ZOX0.02 + ZOX0.03 + SAM8.32 
   309 ZOX0.02 + AM1024 + AM 512 + AM1024 
   310 ZOX0.02 + AM1024 + AM 512 + SAM8.32 
   311 ZOX0.02 + AM1024 + AM1024 + AM1024 
   312 ZOX0.02 + AM1024 + AM1024 + FEP0.0156 
   313 ZOX0.02 + AM1024 + CAZ0.125 + AM1024 
   314 ZOX0.02 + AM1024 + CAZ0.125 + SAM8.32 
   315 ZOX0.02 + AM1024 + CTX0.123 + AM1024 
   316 ZOX0.02 + AM1024 + CTX0.123 + SAM8.32 
   317 ZOX0.02 + AM1024 + SAM8.32 + AM1024 
   318 ZOX0.02 + AM1024 + SAM8.32 + FEP0.0156 
   319 ZOX0.02 + AMC8.1024 + AM 256 + CPR100 
   320 ZOX0.02 + AMC8.1024 + CPR100 + AM1024 
   321 ZOX0.02 + AMC8.1024 + CPR100 + FEP0.0156 
   322 ZOX0.02 + AMC8.1024 + CPR128 + CPR100 
   323 ZOX0.02 + AMC8.1024 + CTT0.0325 + CPR100 
   324 ZOX0.02 + AMC8.1024 + CTT0.0625 + CPR100 
   325 ZOX0.02 + AMC8.1024 + SAM9.16 + CPR100 
   326 ZOX0.02 + AMC8.1024 + TZP8.128 + CPR100 
   327 ZOX0.02 + CPD 2 + AM1024 + AM1024 
   328 ZOX0.02 + CPD 2 + AM1024 + SAM8.32 
   329 ZOX0.02 + CPD 2 + AMC8.1024 + CPR100 
   330 ZOX0.02 + CPD 2 + ZOX0.03 + AM1024 
   331 ZOX0.02 + CPD 2 + ZOX0.03 + SAM8.32 
   332 ZOX0.02 + CRO 0.045 + AM1024 + AM1024 
   333 ZOX0.02 + CRO 0.045 + AM1024 + SAM8.32 
   334 ZOX0.02 + CRO 0.045 + AMC8.1024 + CPR100 
   335 ZOX0.02 + CRO 0.045 + ZOX0.03 + AM1024 
   336 ZOX0.02 + CRO 0.045 + ZOX0.03 + SAM8.32 
   337 ZOX0.02 + CTX0.05 + AM1024 + AM1024 
   338 ZOX0.02 + CTX0.05 + AM1024 + SAM8.32 
   339 ZOX0.02 + CTX0.05 + AMC8.1024 + CPR100 
   340 ZOX0.02 + CTX0.05 + ZOX0.03 + AM1024 
   341 ZOX0.02 + CTX0.05 + ZOX0.03 + SAM8.32 
   342 ZOX0.02 + CTX0.06 + AM1024 + AM1024 
   343 ZOX0.02 + CTX0.06 + AM1024 + SAM8.32 
   344 ZOX0.02 + CTX0.06 + AMC8.1024 + CPR100 
   345 ZOX0.02 + CTX0.06 + ZOX0.03 + AM1024 
   346 ZOX0.02 + CTX0.06 + ZOX0.03 + SAM8.32 
   347 ZOX0.02 + FEP0.0156 + AM1024 + AM1024 
   348 ZOX0.02 + FEP0.0156 + AM1024 + SAM8.32 
   349 ZOX0.02 + FEP0.0156 + AMC8.1024 + CPR100 
   350 ZOX0.02 + FEP0.0156 + ZOX0.03 + AM1024 
   351 ZOX0.02 + FEP0.0156 + ZOX0.03 + SAM8.32 
   352 ZOX0.02 + ZOX0.03 + AM 512 + AM1024 
   353 ZOX0.02 + ZOX0.03 + AM 512 + SAM8.32 
   354 ZOX0.02 + ZOX0.03 + AM1024 + AM1024 
   355 ZOX0.02 + ZOX0.03 + AM1024 + FEP0.0156 
   356 ZOX0.02 + ZOX0.03 + CAZ0.125 + AM1024 
   357 ZOX0.02 + ZOX0.03 + CAZ0.125 + SAM8.32 
   358 ZOX0.02 + ZOX0.03 + CTX0.123 + AM1024 
   359 ZOX0.02 + ZOX0.03 + CTX0.123 + SAM8.32 
   360 ZOX0.02 + ZOX0.03 + SAM8.32 + AM1024 
   361 ZOX0.02 + ZOX0.03 + SAM8.32 + FEP0.0156 
   362 ZOX0.02 + ZOX0.02 + AM1024 + AM1024 
   363 ZOX0.02 + ZOX0.02 + AM1024 + SAM8.32 
   364 ZOX0.02 + ZOX0.02 + AMC8.1024 + CPR100 
   365 ZOX0.02 + ZOX0.02 + ZOX0.03 + AM1024 
   366 ZOX0.02 + ZOX0.02 + ZOX0.03 + SAM8.32 
   367 ZOX0.063 + CAZ0.1 + CAZ0.125 + AM1024 
   368 ZOX0.063 + CAZ0.1 + CAZ0.125 + SAM8.32 
   369 ZOX0.063 + CAZ0.125 + CAZ0.125 + AM1024 
   370 ZOX0.063 + CAZ0.125 + CAZ0.125 + SAM8.32 
   371 ZOX0.063 + CPR100 + CAZ0.125 + AM1024 
   372 ZOX0.063 + CPR100 + CAZ0.125 + SAM8.32 
   373 ZOX0.063 + CTT0.0625 + CAZ0.125 + AM1024 
   374 ZOX0.063 + CTT0.0625 + CAZ0.125 + SAM8.32 
   375 ZOX0.063 + CTT0.125 + CAZ0.125 + AM1024 
   376 ZOX0.063 + CTT0.125 + CAZ0.125 + SAM8.32 
   377 ZOX0.063 + CTX0.06 + AM1024 + AM1024 
   378 ZOX0.063 + CTX0.06 + AM1024 + SAM8.32 
   379 ZOX0.063 + CTX0.06 + AMC8.1024 + CPR100 
   380 ZOX0.063 + CTX0.06 + ZOX0.03 + AM1024 
   381 ZOX0.063 + CTX0.06 + ZOX0.03 + SAM8.32 
   382 ZOX0.063 + ZOX0.02 + AM1024 + AM1024 
   383 ZOX0.063 + ZOX0.02 + AM1024 + SAM8.32 
   384 ZOX0.063 + ZOX0.02 + AMC8.1024 + CPR100 
   385 ZOX0.063 + ZOX0.02 + ZOX0.03 + AM1024 
   386 ZOX0.063 + ZOX0.02 + ZOX0.03 + SAM8.32 

 [1  1  0  1] Prob =  8.743458e-01
    72 Plans found:
     1 AM 256 + AMP512 + TZP8.256 + AM1024 
     2 AM 256 + CAZ0.1 + TZP8.256 + AM1024 
     3 AM 256 + TZP8.128 + TZP8.256 + AM1024 
     4 AM 512 + AMP512 + TZP8.256 + AM1024 
     5 AM 512 + CAZ0.1 + TZP8.256 + AM1024 
     6 AM 512 + TZP8.128 + TZP8.256 + AM1024 
     7 AMC8.512 + AMP512 + TZP8.256 + AM1024 
     8 AMC8.512 + CAZ0.1 + TZP8.256 + AM1024 
     9 AMC8.512 + TZP8.128 + TZP8.256 + AM1024 
    10 AMP512 + AMP512 + TZP8.256 + AM1024 
    11 AMP512 + CAZ0.1 + TZP8.256 + AM1024 
    12 AMP512 + CAZ0.125 + TZP8.256 + AM1024 
    13 AMP512 + CPR100 + TZP8.256 + AM1024 
    14 AMP512 + CTX0.123 + TZP8.256 + AM1024 
    15 AMP512 + FEP0.0312 + TZP8.256 + AM1024 
    16 AMP512 + TZP8.128 + TZP8.256 + AM1024 
    17 AMP512 + TZP8.256 + AM1024 + AM1024 
    18 AMP512 + TZP8.256 + AM1024 + FEP0.0156 
    19 AMP512 + TZP8.256 + AMP1024 + AM1024 
    20 AMP512 + TZP8.256 + CTX0.04 + AM1024 
    21 AMP512 + TZP8.256 + TZP8.256 + AM1024 
    22 AMP512 + TZP8.256 + ZOX0.063 + AM1024 
    23 CAZ0.0625 + AMP512 + TZP8.256 + AM1024 
    24 CAZ0.0625 + CAZ0.1 + TZP8.256 + AM1024 
    25 CAZ0.0625 + TZP8.128 + TZP8.256 + AM1024 
    26 CAZ0.1 + AMP512 + TZP8.256 + AM1024 
    27 CAZ0.1 + CAZ0.1 + TZP8.256 + AM1024 
    28 CAZ0.1 + CAZ0.125 + TZP8.256 + AM1024 
    29 CAZ0.1 + CPR100 + TZP8.256 + AM1024 
    30 CAZ0.1 + CTX0.123 + TZP8.256 + AM1024 
    31 CAZ0.1 + FEP0.0312 + TZP8.256 + AM1024 
    32 CAZ0.1 + TZP8.128 + TZP8.256 + AM1024 
    33 CAZ0.1 + TZP8.256 + AM1024 + AM1024 
    34 CAZ0.1 + TZP8.256 + AM1024 + FEP0.0156 
    35 CAZ0.1 + TZP8.256 + AMP1024 + AM1024 
    36 CAZ0.1 + TZP8.256 + CTX0.04 + AM1024 
    37 CAZ0.1 + TZP8.256 + TZP8.256 + AM1024 
    38 CAZ0.1 + TZP8.256 + ZOX0.063 + AM1024 
    39 CPR128 + AMP512 + TZP8.256 + AM1024 
    40 CPR128 + CAZ0.1 + TZP8.256 + AM1024 
    41 CPR128 + TZP8.128 + TZP8.256 + AM1024 
    42 CTT0.0325 + AMP512 + TZP8.256 + AM1024 
    43 CTT0.0325 + CAZ0.1 + TZP8.256 + AM1024 
    44 CTT0.0325 + TZP8.128 + TZP8.256 + AM1024 
    45 CTT0.0625 + AMP512 + TZP8.256 + AM1024 
    46 CTT0.0625 + CAZ0.1 + TZP8.256 + AM1024 
    47 CTT0.0625 + TZP8.128 + TZP8.256 + AM1024 
    48 SAM9.16 + AMP512 + TZP8.256 + AM1024 
    49 SAM9.16 + CAZ0.1 + TZP8.256 + AM1024 
    50 SAM9.16 + TZP8.128 + TZP8.256 + AM1024 
    51 SAM8.32 + AMP512 + TZP8.256 + AM1024 
    52 SAM8.32 + CAZ0.1 + TZP8.256 + AM1024 
    53 SAM8.32 + TZP8.128 + TZP8.256 + AM1024 
    54 SAM8.64 + AMP512 + TZP8.256 + AM1024 
    55 SAM8.64 + CAZ0.1 + TZP8.256 + AM1024 
    56 SAM8.64 + TZP8.128 + TZP8.256 + AM1024 
    57 TZP8.128 + AMP512 + TZP8.256 + AM1024 
    58 TZP8.128 + CAZ0.1 + TZP8.256 + AM1024 
    59 TZP8.128 + CAZ0.125 + TZP8.256 + AM1024 
    60 TZP8.128 + CPR100 + TZP8.256 + AM1024 
    61 TZP8.128 + CTX0.123 + TZP8.256 + AM1024 
    62 TZP8.128 + FEP0.0312 + TZP8.256 + AM1024 
    63 TZP8.128 + TZP8.128 + TZP8.256 + AM1024 
    64 TZP8.128 + TZP8.256 + AM1024 + AM1024 
    65 TZP8.128 + TZP8.256 + AM1024 + FEP0.0156 
    66 TZP8.128 + TZP8.256 + AMP1024 + AM1024 
    67 TZP8.128 + TZP8.256 + CTX0.04 + AM1024 
    68 TZP8.128 + TZP8.256 + TZP8.256 + AM1024 
    69 TZP8.128 + TZP8.256 + ZOX0.063 + AM1024 
    70 TZP8.512 + AMP512 + TZP8.256 + AM1024 
    71 TZP8.512 + CAZ0.1 + TZP8.256 + AM1024 
    72 TZP8.512 + TZP8.128 + TZP8.256 + AM1024 

 [1  0  1  1] Prob =  1.000000e+00
   126 Plans found:
     1 AMP512 + AM 256 + CAZ0.125 + AM1024 
     2 AMP512 + AM 256 + CAZ0.125 + SAM8.32 
     3 AMP512 + AM 256 + CTT0.125 + AM1024 
     4 AMP512 + AM 256 + CTT0.125 + SAM8.32 
     5 AMP512 + AM 256 + CTX0.123 + AM1024 
     6 AMP512 + AM 256 + CTX0.123 + SAM8.32 
     7 AMP512 + AMP512 + CAZ0.125 + AM1024 
     8 AMP512 + AMP512 + CAZ0.125 + SAM8.32 
     9 AMP512 + AMP512 + CTT0.125 + AM1024 
    10 AMP512 + AMP512 + CTT0.125 + SAM8.32 
    11 AMP512 + AMP512 + CTX0.123 + AM1024 
    12 AMP512 + AMP512 + CTX0.123 + SAM8.32 
    13 AMP512 + AMP2048 + CAZ0.125 + AM1024 
    14 AMP512 + AMP2048 + CAZ0.125 + SAM8.32 
    15 AMP512 + AMP2048 + CTT0.125 + AM1024 
    16 AMP512 + AMP2048 + CTT0.125 + SAM8.32 
    17 AMP512 + AMP2048 + CTX0.123 + AM1024 
    18 AMP512 + AMP2048 + CTX0.123 + SAM8.32 
    19 AMP512 + CAZ0.1 + CAZ0.125 + AM1024 
    20 AMP512 + CAZ0.1 + CAZ0.125 + SAM8.32 
    21 AMP512 + CAZ0.1 + CTT0.125 + AM1024 
    22 AMP512 + CAZ0.1 + CTT0.125 + SAM8.32 
    23 AMP512 + CAZ0.1 + CTX0.123 + AM1024 
    24 AMP512 + CAZ0.1 + CTX0.123 + SAM8.32 
    25 AMP512 + CAZ0.125 + AM 512 + AM1024 
    26 AMP512 + CAZ0.125 + AM 512 + SAM8.32 
    27 AMP512 + CAZ0.125 + AM1024 + AM1024 
    28 AMP512 + CAZ0.125 + AM1024 + FEP0.0156 
    29 AMP512 + CAZ0.125 + CAZ0.125 + AM1024 
    30 AMP512 + CAZ0.125 + CAZ0.125 + SAM8.32 
    31 AMP512 + CAZ0.125 + CTX0.123 + AM1024 
    32 AMP512 + CAZ0.125 + CTX0.123 + SAM8.32 
    33 AMP512 + CAZ0.125 + SAM8.32 + AM1024 
    34 AMP512 + CAZ0.125 + SAM8.32 + FEP0.0156 
    35 AMP512 + CEC 1 + CAZ0.125 + AM1024 
    36 AMP512 + CEC 1 + CAZ0.125 + SAM8.32 
    37 AMP512 + CEC 1 + CTT0.125 + AM1024 
    38 AMP512 + CEC 1 + CTT0.125 + SAM8.32 
    39 AMP512 + CEC 1 + CTX0.123 + AM1024 
    40 AMP512 + CEC 1 + CTX0.123 + SAM8.32 
    41 AMP512 + CPR100 + CAZ0.125 + AM1024 
    42 AMP512 + CPR100 + CAZ0.125 + SAM8.32 
    43 AMP512 + CPR100 + CTT0.125 + AM1024 
    44 AMP512 + CPR100 + CTT0.125 + SAM8.32 
    45 AMP512 + CPR100 + CTX0.123 + AM1024 
    46 AMP512 + CPR100 + CTX0.123 + SAM8.32 
    47 AMP512 + CPR128 + CAZ0.125 + AM1024 
    48 AMP512 + CPR128 + CAZ0.125 + SAM8.32 
    49 AMP512 + CPR128 + CTT0.125 + AM1024 
    50 AMP512 + CPR128 + CTT0.125 + SAM8.32 
    51 AMP512 + CPR128 + CTX0.123 + AM1024 
    52 AMP512 + CPR128 + CTX0.123 + SAM8.32 
    53 AMP512 + CRO 0.045 + CAZ0.125 + AM1024 
    54 AMP512 + CRO 0.045 + CAZ0.125 + SAM8.32 
    55 AMP512 + CRO 0.045 + CTT0.125 + AM1024 
    56 AMP512 + CRO 0.045 + CTT0.125 + SAM8.32 
    57 AMP512 + CRO 0.045 + CTX0.123 + AM1024 
    58 AMP512 + CRO 0.045 + CTX0.123 + SAM8.32 
    59 AMP512 + CTT0.125 + AM 512 + AM1024 
    60 AMP512 + CTT0.125 + AM 512 + SAM8.32 
    61 AMP512 + CTT0.125 + AM1024 + AM1024 
    62 AMP512 + CTT0.125 + AM1024 + FEP0.0156 
    63 AMP512 + CTT0.125 + CAZ0.125 + AM1024 
    64 AMP512 + CTT0.125 + CAZ0.125 + SAM8.32 
    65 AMP512 + CTT0.125 + CTX0.123 + AM1024 
    66 AMP512 + CTT0.125 + CTX0.123 + SAM8.32 
    67 AMP512 + CTT0.125 + SAM8.32 + AM1024 
    68 AMP512 + CTT0.125 + SAM8.32 + FEP0.0156 
    69 AMP512 + CTX0.05 + CAZ0.125 + AM1024 
    70 AMP512 + CTX0.05 + CAZ0.125 + SAM8.32 
    71 AMP512 + CTX0.05 + CTT0.125 + AM1024 
    72 AMP512 + CTX0.05 + CTT0.125 + SAM8.32 
    73 AMP512 + CTX0.05 + CTX0.123 + AM1024 
    74 AMP512 + CTX0.05 + CTX0.123 + SAM8.32 
    75 AMP512 + CTX0.06 + CAZ0.125 + AM1024 
    76 AMP512 + CTX0.06 + CAZ0.125 + SAM8.32 
    77 AMP512 + CTX0.06 + CTT0.125 + AM1024 
    78 AMP512 + CTX0.06 + CTT0.125 + SAM8.32 
    79 AMP512 + CTX0.06 + CTX0.123 + AM1024 
    80 AMP512 + CTX0.06 + CTX0.123 + SAM8.32 
    81 AMP512 + CTX0.123 + AM 512 + AM1024 
    82 AMP512 + CTX0.123 + AM 512 + SAM8.32 
    83 AMP512 + CTX0.123 + AM1024 + AM1024 
    84 AMP512 + CTX0.123 + AM1024 + FEP0.0156 
    85 AMP512 + CTX0.123 + CAZ0.125 + AM1024 
    86 AMP512 + CTX0.123 + CAZ0.125 + SAM8.32 
    87 AMP512 + CTX0.123 + CTX0.123 + AM1024 
    88 AMP512 + CTX0.123 + CTX0.123 + SAM8.32 
    89 AMP512 + CTX0.123 + SAM8.32 + AM1024 
    90 AMP512 + CTX0.123 + SAM8.32 + FEP0.0156 
    91 AMP512 + FEP0.0156 + CAZ0.125 + AM1024 
    92 AMP512 + FEP0.0156 + CAZ0.125 + SAM8.32 
    93 AMP512 + FEP0.0156 + CTT0.125 + AM1024 
    94 AMP512 + FEP0.0156 + CTT0.125 + SAM8.32 
    95 AMP512 + FEP0.0156 + CTX0.123 + AM1024 
    96 AMP512 + FEP0.0156 + CTX0.123 + SAM8.32 
    97 AMP512 + SAM9.16 + CAZ0.125 + AM1024 
    98 AMP512 + SAM9.16 + CAZ0.125 + SAM8.32 
    99 AMP512 + SAM9.16 + CTT0.125 + AM1024 
   100 AMP512 + SAM9.16 + CTT0.125 + SAM8.32 
   101 AMP512 + SAM9.16 + CTX0.123 + AM1024 
   102 AMP512 + SAM9.16 + CTX0.123 + SAM8.32 
   103 AMP512 + ZOX0.02 + CAZ0.125 + AM1024 
   104 AMP512 + ZOX0.02 + CAZ0.125 + SAM8.32 
   105 AMP512 + ZOX0.02 + CTT0.125 + AM1024 
   106 AMP512 + ZOX0.02 + CTT0.125 + SAM8.32 
   107 AMP512 + ZOX0.02 + CTX0.123 + AM1024 
   108 AMP512 + ZOX0.02 + CTX0.123 + SAM8.32 
   109 CAZ0.0625 + AMP512 + CAZ0.125 + AM1024 
   110 CAZ0.0625 + AMP512 + CAZ0.125 + SAM8.32 
   111 CAZ0.0625 + AMP512 + CTT0.125 + AM1024 
   112 CAZ0.0625 + AMP512 + CTT0.125 + SAM8.32 
   113 CAZ0.0625 + AMP512 + CTX0.123 + AM1024 
   114 CAZ0.0625 + AMP512 + CTX0.123 + SAM8.32 
   115 CTT0.0625 + AMP512 + CAZ0.125 + AM1024 
   116 CTT0.0625 + AMP512 + CAZ0.125 + SAM8.32 
   117 CTT0.0625 + AMP512 + CTT0.125 + AM1024 
   118 CTT0.0625 + AMP512 + CTT0.125 + SAM8.32 
   119 CTT0.0625 + AMP512 + CTX0.123 + AM1024 
   120 CTT0.0625 + AMP512 + CTX0.123 + SAM8.32 
   121 FEP0.0312 + AMP512 + CAZ0.125 + AM1024 
   122 FEP0.0312 + AMP512 + CAZ0.125 + SAM8.32 
   123 FEP0.0312 + AMP512 + CTT0.125 + AM1024 
   124 FEP0.0312 + AMP512 + CTT0.125 + SAM8.32 
   125 FEP0.0312 + AMP512 + CTX0.123 + AM1024 
   126 FEP0.0312 + AMP512 + CTX0.123 + SAM8.32 

 [0  1  1  1] Prob =  1.000000e+00
    34 Plans found:
     1 CPR80 + CTT0.125 + CAZ0.125 + AM1024 
     2 CPR80 + CTT0.125 + CAZ0.125 + SAM8.32 
     3 CTT0.0325 + CTT0.125 + CAZ0.125 + AM1024 
     4 CTT0.0325 + CTT0.125 + CAZ0.125 + SAM8.32 
     5 CTT0.0625 + CTT0.125 + CAZ0.125 + AM1024 
     6 CTT0.0625 + CTT0.125 + CAZ0.125 + SAM8.32 
     7 CTT0.125 + AMP2048 + CAZ0.125 + AM1024 
     8 CTT0.125 + AMP2048 + CAZ0.125 + SAM8.32 
     9 CTT0.125 + CAZ0.1 + CAZ0.125 + AM1024 
    10 CTT0.125 + CAZ0.1 + CAZ0.125 + SAM8.32 
    11 CTT0.125 + CAZ0.125 + AM 512 + AM1024 
    12 CTT0.125 + CAZ0.125 + AM 512 + SAM8.32 
    13 CTT0.125 + CAZ0.125 + AM1024 + AM1024 
    14 CTT0.125 + CAZ0.125 + AM1024 + FEP0.0156 
    15 CTT0.125 + CAZ0.125 + CAZ0.125 + AM1024 
    16 CTT0.125 + CAZ0.125 + CAZ0.125 + SAM8.32 
    17 CTT0.125 + CAZ0.125 + CTX0.123 + AM1024 
    18 CTT0.125 + CAZ0.125 + CTX0.123 + SAM8.32 
    19 CTT0.125 + CAZ0.125 + SAM8.32 + AM1024 
    20 CTT0.125 + CAZ0.125 + SAM8.32 + FEP0.0156 
    21 CTT0.125 + CPR100 + CAZ0.125 + AM1024 
    22 CTT0.125 + CPR100 + CAZ0.125 + SAM8.32 
    23 CTT0.125 + CPR128 + CAZ0.125 + AM1024 
    24 CTT0.125 + CPR128 + CAZ0.125 + SAM8.32 
    25 CTT0.125 + CTT0.125 + CAZ0.125 + AM1024 
    26 CTT0.125 + CTT0.125 + CAZ0.125 + SAM8.32 
    27 CTT0.125 + CTX0.05 + CAZ0.125 + AM1024 
    28 CTT0.125 + CTX0.05 + CAZ0.125 + SAM8.32 
    29 CXM1.5 + CTT0.125 + CAZ0.125 + AM1024 
    30 CXM1.5 + CTT0.125 + CAZ0.125 + SAM8.32 
    31 SAM8.32 + CTT0.125 + CAZ0.125 + AM1024 
    32 SAM8.32 + CTT0.125 + CAZ0.125 + SAM8.32 
    33 ZOX0.03 + CTT0.125 + CAZ0.125 + AM1024 
    34 ZOX0.03 + CTT0.125 + CAZ0.125 + SAM8.32 

 [1  1  1  1] Prob =  1.000000e+00
   140 Plans found:
     1 CAZ0.125 + CAZ0.1 + CAZ0.125 + AM1024 
     2 CAZ0.125 + CAZ0.1 + CAZ0.125 + SAM8.32 
     3 CAZ0.125 + CAZ0.125 + CAZ0.125 + AM1024 
     4 CAZ0.125 + CAZ0.125 + CAZ0.125 + SAM8.32 
     5 CAZ0.125 + CPR100 + CAZ0.125 + AM1024 
     6 CAZ0.125 + CPR100 + CAZ0.125 + SAM8.32 
     7 CAZ0.125 + CTT0.0625 + CAZ0.125 + AM1024 
     8 CAZ0.125 + CTT0.0625 + CAZ0.125 + SAM8.32 
     9 CAZ0.125 + CTT0.125 + CAZ0.125 + AM1024 
    10 CAZ0.125 + CTT0.125 + CAZ0.125 + SAM8.32 
    11 CAZ0.125 + CTX0.06 + AM1024 + AM1024 
    12 CAZ0.125 + CTX0.06 + AM1024 + SAM8.32 
    13 CAZ0.125 + CTX0.06 + AMC8.1024 + CPR100 
    14 CAZ0.125 + CTX0.06 + ZOX0.03 + AM1024 
    15 CAZ0.125 + CTX0.06 + ZOX0.03 + SAM8.32 
    16 CAZ0.125 + ZOX0.02 + AM1024 + AM1024 
    17 CAZ0.125 + ZOX0.02 + AM1024 + SAM8.32 
    18 CAZ0.125 + ZOX0.02 + AMC8.1024 + CPR100 
    19 CAZ0.125 + ZOX0.02 + ZOX0.03 + AM1024 
    20 CAZ0.125 + ZOX0.02 + ZOX0.03 + SAM8.32 
    21 CEC 1 + CAZ0.1 + CAZ0.125 + AM1024 
    22 CEC 1 + CAZ0.1 + CAZ0.125 + SAM8.32 
    23 CEC 1 + CAZ0.125 + CAZ0.125 + AM1024 
    24 CEC 1 + CAZ0.125 + CAZ0.125 + SAM8.32 
    25 CEC 1 + CPR100 + CAZ0.125 + AM1024 
    26 CEC 1 + CPR100 + CAZ0.125 + SAM8.32 
    27 CEC 1 + CTT0.0625 + CAZ0.125 + AM1024 
    28 CEC 1 + CTT0.0625 + CAZ0.125 + SAM8.32 
    29 CEC 1 + CTT0.125 + CAZ0.125 + AM1024 
    30 CEC 1 + CTT0.125 + CAZ0.125 + SAM8.32 
    31 CEC 1 + CTX0.06 + AM1024 + AM1024 
    32 CEC 1 + CTX0.06 + AM1024 + SAM8.32 
    33 CEC 1 + CTX0.06 + AMC8.1024 + CPR100 
    34 CEC 1 + CTX0.06 + ZOX0.03 + AM1024 
    35 CEC 1 + CTX0.06 + ZOX0.03 + SAM8.32 
    36 CEC 1 + ZOX0.02 + AM1024 + AM1024 
    37 CEC 1 + ZOX0.02 + AM1024 + SAM8.32 
    38 CEC 1 + ZOX0.02 + AMC8.1024 + CPR100 
    39 CEC 1 + ZOX0.02 + ZOX0.03 + AM1024 
    40 CEC 1 + ZOX0.02 + ZOX0.03 + SAM8.32 
    41 CPR100 + CAZ0.1 + CAZ0.125 + AM1024 
    42 CPR100 + CAZ0.1 + CAZ0.125 + SAM8.32 
    43 CPR100 + CAZ0.125 + CAZ0.125 + AM1024 
    44 CPR100 + CAZ0.125 + CAZ0.125 + SAM8.32 
    45 CPR100 + CPR100 + CAZ0.125 + AM1024 
    46 CPR100 + CPR100 + CAZ0.125 + SAM8.32 
    47 CPR100 + CTT0.0625 + CAZ0.125 + AM1024 
    48 CPR100 + CTT0.0625 + CAZ0.125 + SAM8.32 
    49 CPR100 + CTT0.125 + CAZ0.125 + AM1024 
    50 CPR100 + CTT0.125 + CAZ0.125 + SAM8.32 
    51 CPR100 + CTX0.06 + AM1024 + AM1024 
    52 CPR100 + CTX0.06 + AM1024 + SAM8.32 
    53 CPR100 + CTX0.06 + AMC8.1024 + CPR100 
    54 CPR100 + CTX0.06 + ZOX0.03 + AM1024 
    55 CPR100 + CTX0.06 + ZOX0.03 + SAM8.32 
    56 CPR100 + ZOX0.02 + AM1024 + AM1024 
    57 CPR100 + ZOX0.02 + AM1024 + SAM8.32 
    58 CPR100 + ZOX0.02 + AMC8.1024 + CPR100 
    59 CPR100 + ZOX0.02 + ZOX0.03 + AM1024 
    60 CPR100 + ZOX0.02 + ZOX0.03 + SAM8.32 
    61 CTX0.06 + CAZ0.1 + CAZ0.125 + AM1024 
    62 CTX0.06 + CAZ0.1 + CAZ0.125 + SAM8.32 
    63 CTX0.06 + CAZ0.125 + CAZ0.125 + AM1024 
    64 CTX0.06 + CAZ0.125 + CAZ0.125 + SAM8.32 
    65 CTX0.06 + CPR100 + CAZ0.125 + AM1024 
    66 CTX0.06 + CPR100 + CAZ0.125 + SAM8.32 
    67 CTX0.06 + CTT0.0625 + CAZ0.125 + AM1024 
    68 CTX0.06 + CTT0.0625 + CAZ0.125 + SAM8.32 
    69 CTX0.06 + CTT0.125 + CAZ0.125 + AM1024 
    70 CTX0.06 + CTT0.125 + CAZ0.125 + SAM8.32 
    71 CTX0.06 + CTX0.06 + AM1024 + AM1024 
    72 CTX0.06 + CTX0.06 + AM1024 + SAM8.32 
    73 CTX0.06 + CTX0.06 + AMC8.1024 + CPR100 
    74 CTX0.06 + CTX0.06 + ZOX0.03 + AM1024 
    75 CTX0.06 + CTX0.06 + ZOX0.03 + SAM8.32 
    76 CTX0.06 + ZOX0.02 + AM1024 + AM1024 
    77 CTX0.06 + ZOX0.02 + AM1024 + SAM8.32 
    78 CTX0.06 + ZOX0.02 + AMC8.1024 + CPR100 
    79 CTX0.06 + ZOX0.02 + ZOX0.03 + AM1024 
    80 CTX0.06 + ZOX0.02 + ZOX0.03 + SAM8.32 
    81 CTX0.123 + CAZ0.1 + CAZ0.125 + AM1024 
    82 CTX0.123 + CAZ0.1 + CAZ0.125 + SAM8.32 
    83 CTX0.123 + CAZ0.125 + CAZ0.125 + AM1024 
    84 CTX0.123 + CAZ0.125 + CAZ0.125 + SAM8.32 
    85 CTX0.123 + CPR100 + CAZ0.125 + AM1024 
    86 CTX0.123 + CPR100 + CAZ0.125 + SAM8.32 
    87 CTX0.123 + CTT0.0625 + CAZ0.125 + AM1024 
    88 CTX0.123 + CTT0.0625 + CAZ0.125 + SAM8.32 
    89 CTX0.123 + CTT0.125 + CAZ0.125 + AM1024 
    90 CTX0.123 + CTT0.125 + CAZ0.125 + SAM8.32 
    91 CTX0.123 + CTX0.06 + AM1024 + AM1024 
    92 CTX0.123 + CTX0.06 + AM1024 + SAM8.32 
    93 CTX0.123 + CTX0.06 + AMC8.1024 + CPR100 
    94 CTX0.123 + CTX0.06 + ZOX0.03 + AM1024 
    95 CTX0.123 + CTX0.06 + ZOX0.03 + SAM8.32 
    96 CTX0.123 + ZOX0.02 + AM1024 + AM1024 
    97 CTX0.123 + ZOX0.02 + AM1024 + SAM8.32 
    98 CTX0.123 + ZOX0.02 + AMC8.1024 + CPR100 
    99 CTX0.123 + ZOX0.02 + ZOX0.03 + AM1024 
   100 CTX0.123 + ZOX0.02 + ZOX0.03 + SAM8.32 
   101 ZOX0.02 + CAZ0.1 + CAZ0.125 + AM1024 
   102 ZOX0.02 + CAZ0.1 + CAZ0.125 + SAM8.32 
   103 ZOX0.02 + CAZ0.125 + CAZ0.125 + AM1024 
   104 ZOX0.02 + CAZ0.125 + CAZ0.125 + SAM8.32 
   105 ZOX0.02 + CPR100 + CAZ0.125 + AM1024 
   106 ZOX0.02 + CPR100 + CAZ0.125 + SAM8.32 
   107 ZOX0.02 + CTT0.0625 + CAZ0.125 + AM1024 
   108 ZOX0.02 + CTT0.0625 + CAZ0.125 + SAM8.32 
   109 ZOX0.02 + CTT0.125 + CAZ0.125 + AM1024 
   110 ZOX0.02 + CTT0.125 + CAZ0.125 + SAM8.32 
   111 ZOX0.02 + CTX0.06 + AM1024 + AM1024 
   112 ZOX0.02 + CTX0.06 + AM1024 + SAM8.32 
   113 ZOX0.02 + CTX0.06 + AMC8.1024 + CPR100 
   114 ZOX0.02 + CTX0.06 + ZOX0.03 + AM1024 
   115 ZOX0.02 + CTX0.06 + ZOX0.03 + SAM8.32 
   116 ZOX0.02 + ZOX0.02 + AM1024 + AM1024 
   117 ZOX0.02 + ZOX0.02 + AM1024 + SAM8.32 
   118 ZOX0.02 + ZOX0.02 + AMC8.1024 + CPR100 
   119 ZOX0.02 + ZOX0.02 + ZOX0.03 + AM1024 
   120 ZOX0.02 + ZOX0.02 + ZOX0.03 + SAM8.32 
   121 ZOX0.063 + CAZ0.1 + CAZ0.125 + AM1024 
   122 ZOX0.063 + CAZ0.1 + CAZ0.125 + SAM8.32 
   123 ZOX0.063 + CAZ0.125 + CAZ0.125 + AM1024 
   124 ZOX0.063 + CAZ0.125 + CAZ0.125 + SAM8.32 
   125 ZOX0.063 + CPR100 + CAZ0.125 + AM1024 
   126 ZOX0.063 + CPR100 + CAZ0.125 + SAM8.32 
   127 ZOX0.063 + CTT0.0625 + CAZ0.125 + AM1024 
   128 ZOX0.063 + CTT0.0625 + CAZ0.125 + SAM8.32 
   129 ZOX0.063 + CTT0.125 + CAZ0.125 + AM1024 
   130 ZOX0.063 + CTT0.125 + CAZ0.125 + SAM8.32 
   131 ZOX0.063 + CTX0.06 + AM1024 + AM1024 
   132 ZOX0.063 + CTX0.06 + AM1024 + SAM8.32 
   133 ZOX0.063 + CTX0.06 + AMC8.1024 + CPR100 
   134 ZOX0.063 + CTX0.06 + ZOX0.03 + AM1024 
   135 ZOX0.063 + CTX0.06 + ZOX0.03 + SAM8.32 
   136 ZOX0.063 + ZOX0.02 + AM1024 + AM1024 
   137 ZOX0.063 + ZOX0.02 + AM1024 + SAM8.32 
   138 ZOX0.063 + ZOX0.02 + AMC8.1024 + CPR100 
   139 ZOX0.063 + ZOX0.02 + ZOX0.03 + AM1024 
   140 ZOX0.063 + ZOX0.02 + ZOX0.03 + SAM8.32 
