Output File name: T50Length4.out

 [1  0  0  0] Prob =  1.000000e+00
    15 Plans found:
     1 CTT 0.0325 + CTT 0.0325 + CTT 0.0325 + CPR 10 
     2 CTT 0.0325 + CTT 0.0325 + CPR 10 + FEP 0.0156 
     3 CTT 0.0325 + CTT 0.0325 + TZP 8.128 + CPR 10 
     4 CTT 0.0325 + CPR 10 + FEP 0.0156 + FEP 0.0156 
     5 CTT 0.0325 + TZP 8.128 + CTT 0.0325 + CPR 10 
     6 CTT 0.0325 + TZP 8.128 + CPR 10 + FEP 0.0156 
     7 CTT 0.0325 + TZP 8.128 + TZP 8.128 + CPR 10 
     8 CPR 10 + FEP 0.0156 + FEP 0.0156 + FEP 0.0156 
     9 TZP 8.128 + CTT 0.0325 + CTT 0.0325 + CPR 10 
    10 TZP 8.128 + CTT 0.0325 + CPR 10 + FEP 0.0156 
    11 TZP 8.128 + CTT 0.0325 + TZP 8.128 + CPR 10 
    12 TZP 8.128 + CPR 10 + FEP 0.0156 + FEP 0.0156 
    13 TZP 8.128 + TZP 8.128 + CTT 0.0325 + CPR 10 
    14 TZP 8.128 + TZP 8.128 + CPR 10 + FEP 0.0156 
    15 TZP 8.128 + TZP 8.128 + TZP 8.128 + CPR 10 

 [0  1  0  0] Prob =  6.171862e-01
   219 Plans found:
     1 AM 512 + FEP 0.0156 + FEP 0.0156 + FEP 0.0156 
     2 CEC 1 + AM 512 + FEP 0.0156 + FEP 0.0156 
     3 CEC 1 + CEC 1 + AM 512 + FEP 0.0156 
     4 CEC 1 + CEC 1 + CEC 1 + AM 512 
     5 CEC 1 + CEC 1 + CXM 1.5 + AM 512 
     6 CEC 1 + CEC 1 + CRO 0.045 + AM 512 
     7 CEC 1 + CEC 1 + AMC 8.512 + AM 512 
     8 CEC 1 + CEC 1 + CTT 0.0325 + AM 512 
     9 CEC 1 + CTX 0.05 + TZP 8.128 + AM 512 
    10 CEC 1 + CXM 1.5 + AM 512 + FEP 0.0156 
    11 CEC 1 + CXM 1.5 + CEC 1 + AM 512 
    12 CEC 1 + CXM 1.5 + CXM 1.5 + AM 512 
    13 CEC 1 + CXM 1.5 + CRO 0.045 + AM 512 
    14 CEC 1 + CXM 1.5 + AMC 8.512 + AM 512 
    15 CEC 1 + CXM 1.5 + CTT 0.0325 + AM 512 
    16 CEC 1 + CRO 0.045 + AM 512 + FEP 0.0156 
    17 CEC 1 + CRO 0.045 + CEC 1 + AM 512 
    18 CEC 1 + CRO 0.045 + CXM 1.5 + AM 512 
    19 CEC 1 + CRO 0.045 + CRO 0.045 + AM 512 
    20 CEC 1 + CRO 0.045 + AMC 8.512 + AM 512 
    21 CEC 1 + CRO 0.045 + CTT 0.0325 + AM 512 
    22 CEC 1 + AMC 8.512 + AM 512 + FEP 0.0156 
    23 CEC 1 + AMC 8.512 + CEC 1 + AM 512 
    24 CEC 1 + AMC 8.512 + CXM 1.5 + AM 512 
    25 CEC 1 + AMC 8.512 + CRO 0.045 + AM 512 
    26 CEC 1 + AMC 8.512 + AMC 8.512 + AM 512 
    27 CEC 1 + AMC 8.512 + CTT 0.0325 + AM 512 
    28 CEC 1 + CTT 0.0325 + AM 512 + FEP 0.0156 
    29 CEC 1 + CTT 0.0325 + CEC 1 + AM 512 
    30 CEC 1 + CTT 0.0325 + CXM 1.5 + AM 512 
    31 CEC 1 + CTT 0.0325 + CRO 0.045 + AM 512 
    32 CEC 1 + CTT 0.0325 + AMC 8.512 + AM 512 
    33 CEC 1 + CTT 0.0325 + CTT 0.0325 + AM 512 
    34 CEC 1 + SAM 8.8 + CTX 0.05 + AM 512 
    35 CEC 1 + SAM 8.8 + ZOX 0.3 + AM 512 
    36 CEC 1 + SAM 8.8 + CXM 1.5 + AM 512 
    37 CEC 1 + CPD 2 + TZP 8.128 + AM 512 
    38 CTX 0.05 + AMP8X 256 + TZP 8.128 + AM 512 
    39 CTX 0.05 + CTX 0.05 + TZP 8.128 + AM 512 
    40 CTX 0.05 + CAZ 0.1 + TZP 8.128 + AM 512 
    41 CTX 0.05 + CPR 10 + TZP 8.128 + AM 512 
    42 CTX 0.05 + TZP 8.128 + AM 512 + FEP 0.0156 
    43 CTX 0.05 + TZP 8.128 + CEC 1 + AM 512 
    44 CTX 0.05 + TZP 8.128 + CXM 1.5 + AM 512 
    45 CTX 0.05 + TZP 8.128 + CRO 0.045 + AM 512 
    46 CTX 0.05 + TZP 8.128 + AMC 8.512 + AM 512 
    47 CTX 0.05 + TZP 8.128 + CTT 0.0325 + AM 512 
    48 CXM 1.5 + AM 512 + FEP 0.0156 + FEP 0.0156 
    49 CXM 1.5 + CEC 1 + AM 512 + FEP 0.0156 
    50 CXM 1.5 + CEC 1 + CEC 1 + AM 512 
    51 CXM 1.5 + CEC 1 + CXM 1.5 + AM 512 
    52 CXM 1.5 + CEC 1 + CRO 0.045 + AM 512 
    53 CXM 1.5 + CEC 1 + AMC 8.512 + AM 512 
    54 CXM 1.5 + CEC 1 + CTT 0.0325 + AM 512 
    55 CXM 1.5 + CTX 0.05 + TZP 8.128 + AM 512 
    56 CXM 1.5 + CXM 1.5 + AM 512 + FEP 0.0156 
    57 CXM 1.5 + CXM 1.5 + CEC 1 + AM 512 
    58 CXM 1.5 + CXM 1.5 + CXM 1.5 + AM 512 
    59 CXM 1.5 + CXM 1.5 + CRO 0.045 + AM 512 
    60 CXM 1.5 + CXM 1.5 + AMC 8.512 + AM 512 
    61 CXM 1.5 + CXM 1.5 + CTT 0.0325 + AM 512 
    62 CXM 1.5 + CRO 0.045 + AM 512 + FEP 0.0156 
    63 CXM 1.5 + CRO 0.045 + CEC 1 + AM 512 
    64 CXM 1.5 + CRO 0.045 + CXM 1.5 + AM 512 
    65 CXM 1.5 + CRO 0.045 + CRO 0.045 + AM 512 
    66 CXM 1.5 + CRO 0.045 + AMC 8.512 + AM 512 
    67 CXM 1.5 + CRO 0.045 + CTT 0.0325 + AM 512 
    68 CXM 1.5 + AMC 8.512 + AM 512 + FEP 0.0156 
    69 CXM 1.5 + AMC 8.512 + CEC 1 + AM 512 
    70 CXM 1.5 + AMC 8.512 + CXM 1.5 + AM 512 
    71 CXM 1.5 + AMC 8.512 + CRO 0.045 + AM 512 
    72 CXM 1.5 + AMC 8.512 + AMC 8.512 + AM 512 
    73 CXM 1.5 + AMC 8.512 + CTT 0.0325 + AM 512 
    74 CXM 1.5 + CTT 0.0325 + AM 512 + FEP 0.0156 
    75 CXM 1.5 + CTT 0.0325 + CEC 1 + AM 512 
    76 CXM 1.5 + CTT 0.0325 + CXM 1.5 + AM 512 
    77 CXM 1.5 + CTT 0.0325 + CRO 0.045 + AM 512 
    78 CXM 1.5 + CTT 0.0325 + AMC 8.512 + AM 512 
    79 CXM 1.5 + CTT 0.0325 + CTT 0.0325 + AM 512 
    80 CXM 1.5 + SAM 8.8 + CTX 0.05 + AM 512 
    81 CXM 1.5 + SAM 8.8 + ZOX 0.3 + AM 512 
    82 CXM 1.5 + SAM 8.8 + CXM 1.5 + AM 512 
    83 CXM 1.5 + CPD 2 + TZP 8.128 + AM 512 
    84 CRO 0.045 + AM 512 + FEP 0.0156 + FEP 0.0156 
    85 CRO 0.045 + CEC 1 + AM 512 + FEP 0.0156 
    86 CRO 0.045 + CEC 1 + CEC 1 + AM 512 
    87 CRO 0.045 + CEC 1 + CXM 1.5 + AM 512 
    88 CRO 0.045 + CEC 1 + CRO 0.045 + AM 512 
    89 CRO 0.045 + CEC 1 + AMC 8.512 + AM 512 
    90 CRO 0.045 + CEC 1 + CTT 0.0325 + AM 512 
    91 CRO 0.045 + CTX 0.05 + TZP 8.128 + AM 512 
    92 CRO 0.045 + CXM 1.5 + AM 512 + FEP 0.0156 
    93 CRO 0.045 + CXM 1.5 + CEC 1 + AM 512 
    94 CRO 0.045 + CXM 1.5 + CXM 1.5 + AM 512 
    95 CRO 0.045 + CXM 1.5 + CRO 0.045 + AM 512 
    96 CRO 0.045 + CXM 1.5 + AMC 8.512 + AM 512 
    97 CRO 0.045 + CXM 1.5 + CTT 0.0325 + AM 512 
    98 CRO 0.045 + CRO 0.045 + AM 512 + FEP 0.0156 
    99 CRO 0.045 + CRO 0.045 + CEC 1 + AM 512 
   100 CRO 0.045 + CRO 0.045 + CXM 1.5 + AM 512 
   101 CRO 0.045 + CRO 0.045 + CRO 0.045 + AM 512 
   102 CRO 0.045 + CRO 0.045 + AMC 8.512 + AM 512 
   103 CRO 0.045 + CRO 0.045 + CTT 0.0325 + AM 512 
   104 CRO 0.045 + AMC 8.512 + AM 512 + FEP 0.0156 
   105 CRO 0.045 + AMC 8.512 + CEC 1 + AM 512 
   106 CRO 0.045 + AMC 8.512 + CXM 1.5 + AM 512 
   107 CRO 0.045 + AMC 8.512 + CRO 0.045 + AM 512 
   108 CRO 0.045 + AMC 8.512 + AMC 8.512 + AM 512 
   109 CRO 0.045 + AMC 8.512 + CTT 0.0325 + AM 512 
   110 CRO 0.045 + CTT 0.0325 + AM 512 + FEP 0.0156 
   111 CRO 0.045 + CTT 0.0325 + CEC 1 + AM 512 
   112 CRO 0.045 + CTT 0.0325 + CXM 1.5 + AM 512 
   113 CRO 0.045 + CTT 0.0325 + CRO 0.045 + AM 512 
   114 CRO 0.045 + CTT 0.0325 + AMC 8.512 + AM 512 
   115 CRO 0.045 + CTT 0.0325 + CTT 0.0325 + AM 512 
   116 CRO 0.045 + SAM 8.8 + CTX 0.05 + AM 512 
   117 CRO 0.045 + SAM 8.8 + ZOX 0.3 + AM 512 
   118 CRO 0.045 + SAM 8.8 + CXM 1.5 + AM 512 
   119 CRO 0.045 + CPD 2 + TZP 8.128 + AM 512 
   120 AMC 8.512 + AM 512 + FEP 0.0156 + FEP 0.0156 
   121 AMC 8.512 + CEC 1 + AM 512 + FEP 0.0156 
   122 AMC 8.512 + CEC 1 + CEC 1 + AM 512 
   123 AMC 8.512 + CEC 1 + CXM 1.5 + AM 512 
   124 AMC 8.512 + CEC 1 + CRO 0.045 + AM 512 
   125 AMC 8.512 + CEC 1 + AMC 8.512 + AM 512 
   126 AMC 8.512 + CEC 1 + CTT 0.0325 + AM 512 
   127 AMC 8.512 + CTX 0.05 + TZP 8.128 + AM 512 
   128 AMC 8.512 + CXM 1.5 + AM 512 + FEP 0.0156 
   129 AMC 8.512 + CXM 1.5 + CEC 1 + AM 512 
   130 AMC 8.512 + CXM 1.5 + CXM 1.5 + AM 512 
   131 AMC 8.512 + CXM 1.5 + CRO 0.045 + AM 512 
   132 AMC 8.512 + CXM 1.5 + AMC 8.512 + AM 512 
   133 AMC 8.512 + CXM 1.5 + CTT 0.0325 + AM 512 
   134 AMC 8.512 + CRO 0.045 + AM 512 + FEP 0.0156 
   135 AMC 8.512 + CRO 0.045 + CEC 1 + AM 512 
   136 AMC 8.512 + CRO 0.045 + CXM 1.5 + AM 512 
   137 AMC 8.512 + CRO 0.045 + CRO 0.045 + AM 512 
   138 AMC 8.512 + CRO 0.045 + AMC 8.512 + AM 512 
   139 AMC 8.512 + CRO 0.045 + CTT 0.0325 + AM 512 
   140 AMC 8.512 + AMC 8.512 + AM 512 + FEP 0.0156 
   141 AMC 8.512 + AMC 8.512 + CEC 1 + AM 512 
   142 AMC 8.512 + AMC 8.512 + CXM 1.5 + AM 512 
   143 AMC 8.512 + AMC 8.512 + CRO 0.045 + AM 512 
   144 AMC 8.512 + AMC 8.512 + AMC 8.512 + AM 512 
   145 AMC 8.512 + AMC 8.512 + CTT 0.0325 + AM 512 
   146 AMC 8.512 + CTT 0.0325 + AM 512 + FEP 0.0156 
   147 AMC 8.512 + CTT 0.0325 + CEC 1 + AM 512 
   148 AMC 8.512 + CTT 0.0325 + CXM 1.5 + AM 512 
   149 AMC 8.512 + CTT 0.0325 + CRO 0.045 + AM 512 
   150 AMC 8.512 + CTT 0.0325 + AMC 8.512 + AM 512 
   151 AMC 8.512 + CTT 0.0325 + CTT 0.0325 + AM 512 
   152 AMC 8.512 + SAM 8.8 + CTX 0.05 + AM 512 
   153 AMC 8.512 + SAM 8.8 + ZOX 0.3 + AM 512 
   154 AMC 8.512 + SAM 8.8 + CXM 1.5 + AM 512 
   155 AMC 8.512 + CPD 2 + TZP 8.128 + AM 512 
   156 CTT 0.0325 + AM 512 + FEP 0.0156 + FEP 0.0156 
   157 CTT 0.0325 + CEC 1 + AM 512 + FEP 0.0156 
   158 CTT 0.0325 + CEC 1 + CEC 1 + AM 512 
   159 CTT 0.0325 + CEC 1 + CXM 1.5 + AM 512 
   160 CTT 0.0325 + CEC 1 + CRO 0.045 + AM 512 
   161 CTT 0.0325 + CEC 1 + AMC 8.512 + AM 512 
   162 CTT 0.0325 + CEC 1 + CTT 0.0325 + AM 512 
   163 CTT 0.0325 + CTX 0.05 + TZP 8.128 + AM 512 
   164 CTT 0.0325 + CXM 1.5 + AM 512 + FEP 0.0156 
   165 CTT 0.0325 + CXM 1.5 + CEC 1 + AM 512 
   166 CTT 0.0325 + CXM 1.5 + CXM 1.5 + AM 512 
   167 CTT 0.0325 + CXM 1.5 + CRO 0.045 + AM 512 
   168 CTT 0.0325 + CXM 1.5 + AMC 8.512 + AM 512 
   169 CTT 0.0325 + CXM 1.5 + CTT 0.0325 + AM 512 
   170 CTT 0.0325 + CRO 0.045 + AM 512 + FEP 0.0156 
   171 CTT 0.0325 + CRO 0.045 + CEC 1 + AM 512 
   172 CTT 0.0325 + CRO 0.045 + CXM 1.5 + AM 512 
   173 CTT 0.0325 + CRO 0.045 + CRO 0.045 + AM 512 
   174 CTT 0.0325 + CRO 0.045 + AMC 8.512 + AM 512 
   175 CTT 0.0325 + CRO 0.045 + CTT 0.0325 + AM 512 
   176 CTT 0.0325 + AMC 8.512 + AM 512 + FEP 0.0156 
   177 CTT 0.0325 + AMC 8.512 + CEC 1 + AM 512 
   178 CTT 0.0325 + AMC 8.512 + CXM 1.5 + AM 512 
   179 CTT 0.0325 + AMC 8.512 + CRO 0.045 + AM 512 
   180 CTT 0.0325 + AMC 8.512 + AMC 8.512 + AM 512 
   181 CTT 0.0325 + AMC 8.512 + CTT 0.0325 + AM 512 
   182 CTT 0.0325 + CTT 0.0325 + AM 512 + FEP 0.0156 
   183 CTT 0.0325 + CTT 0.0325 + CEC 1 + AM 512 
   184 CTT 0.0325 + CTT 0.0325 + CXM 1.5 + AM 512 
   185 CTT 0.0325 + CTT 0.0325 + CRO 0.045 + AM 512 
   186 CTT 0.0325 + CTT 0.0325 + AMC 8.512 + AM 512 
   187 CTT 0.0325 + CTT 0.0325 + CTT 0.0325 + AM 512 
   188 CTT 0.0325 + SAM 8.8 + CTX 0.05 + AM 512 
   189 CTT 0.0325 + SAM 8.8 + ZOX 0.3 + AM 512 
   190 CTT 0.0325 + SAM 8.8 + CXM 1.5 + AM 512 
   191 CTT 0.0325 + CPD 2 + TZP 8.128 + AM 512 
   192 SAM 8.8 + CTX 0.05 + AM 512 + FEP 0.0156 
   193 SAM 8.8 + CTX 0.05 + CEC 1 + AM 512 
   194 SAM 8.8 + CTX 0.05 + CXM 1.5 + AM 512 
   195 SAM 8.8 + CTX 0.05 + CRO 0.045 + AM 512 
   196 SAM 8.8 + CTX 0.05 + AMC 8.512 + AM 512 
   197 SAM 8.8 + CTX 0.05 + CTT 0.0325 + AM 512 
   198 SAM 8.8 + ZOX 0.3 + AM 512 + FEP 0.0156 
   199 SAM 8.8 + ZOX 0.3 + CEC 1 + AM 512 
   200 SAM 8.8 + ZOX 0.3 + CXM 1.5 + AM 512 
   201 SAM 8.8 + ZOX 0.3 + CRO 0.045 + AM 512 
   202 SAM 8.8 + ZOX 0.3 + AMC 8.512 + AM 512 
   203 SAM 8.8 + ZOX 0.3 + CTT 0.0325 + AM 512 
   204 SAM 8.8 + CXM 1.5 + AM 512 + FEP 0.0156 
   205 SAM 8.8 + CXM 1.5 + CEC 1 + AM 512 
   206 SAM 8.8 + CXM 1.5 + CXM 1.5 + AM 512 
   207 SAM 8.8 + CXM 1.5 + CRO 0.045 + AM 512 
   208 SAM 8.8 + CXM 1.5 + AMC 8.512 + AM 512 
   209 SAM 8.8 + CXM 1.5 + CTT 0.0325 + AM 512 
   210 CPD 2 + AMP8X 256 + TZP 8.128 + AM 512 
   211 CPD 2 + CTX 0.05 + TZP 8.128 + AM 512 
   212 CPD 2 + CAZ 0.1 + TZP 8.128 + AM 512 
   213 CPD 2 + CPR 10 + TZP 8.128 + AM 512 
   214 CPD 2 + TZP 8.128 + AM 512 + FEP 0.0156 
   215 CPD 2 + TZP 8.128 + CEC 1 + AM 512 
   216 CPD 2 + TZP 8.128 + CXM 1.5 + AM 512 
   217 CPD 2 + TZP 8.128 + CRO 0.045 + AM 512 
   218 CPD 2 + TZP 8.128 + AMC 8.512 + AM 512 
   219 CPD 2 + TZP 8.128 + CTT 0.0325 + AM 512 

 [0  0  1  0] Prob =  7.146233e-01
     4 Plans found:
     1 AM 512 + AM 512 + AM 512 + TZP 8.128 
     2 AM 512 + AM 512 + TZP 8.128 + FEP 0.0156 
     3 AM 512 + TZP 8.128 + FEP 0.0156 + FEP 0.0156 
     4 TZP 8.128 + FEP 0.0156 + FEP 0.0156 + FEP 0.0156 

 [0  0  0  1] Prob =  5.919044e-01
    18 Plans found:
     1 AMC 8.512 + CRO 0.045 + AM 512 + FEP 0.0156 
     2 AMC 8.512 + CRO 0.045 + CEC 1 + AM 512 
     3 AMC 8.512 + CRO 0.045 + CXM 1.5 + AM 512 
     4 AMC 8.512 + CRO 0.045 + CRO 0.045 + AM 512 
     5 AMC 8.512 + CRO 0.045 + AMC 8.512 + AM 512 
     6 AMC 8.512 + CRO 0.045 + CTT 0.0325 + AM 512 
     7 AMC 8.512 + CAZ 0.1 + CRO 0.045 + AM 512 
     8 AMC 8.512 + CPR 10 + CRO 0.045 + AM 512 
     9 AMC 8.512 + TZP 8.128 + CRO 0.045 + AM 512 
    10 TZP 8.128 + CRO 0.045 + AM 512 + FEP 0.0156 
    11 TZP 8.128 + CRO 0.045 + CEC 1 + AM 512 
    12 TZP 8.128 + CRO 0.045 + CXM 1.5 + AM 512 
    13 TZP 8.128 + CRO 0.045 + CRO 0.045 + AM 512 
    14 TZP 8.128 + CRO 0.045 + AMC 8.512 + AM 512 
    15 TZP 8.128 + CRO 0.045 + CTT 0.0325 + AM 512 
    16 TZP 8.128 + CAZ 0.1 + CRO 0.045 + AM 512 
    17 TZP 8.128 + CPR 10 + CRO 0.045 + AM 512 
    18 TZP 8.128 + TZP 8.128 + CRO 0.045 + AM 512 

 [1  1  0  0] Prob =  6.171862e-01
   108 Plans found:
     1 CTX 0.05 + AM 512 + FEP 0.0156 + FEP 0.0156 
     2 CTX 0.05 + CEC 1 + AM 512 + FEP 0.0156 
     3 CTX 0.05 + CEC 1 + CEC 1 + AM 512 
     4 CTX 0.05 + CEC 1 + CXM 1.5 + AM 512 
     5 CTX 0.05 + CEC 1 + CRO 0.045 + AM 512 
     6 CTX 0.05 + CEC 1 + AMC 8.512 + AM 512 
     7 CTX 0.05 + CEC 1 + CTT 0.0325 + AM 512 
     8 CTX 0.05 + CTX 0.05 + TZP 8.128 + AM 512 
     9 CTX 0.05 + CXM 1.5 + AM 512 + FEP 0.0156 
    10 CTX 0.05 + CXM 1.5 + CEC 1 + AM 512 
    11 CTX 0.05 + CXM 1.5 + CXM 1.5 + AM 512 
    12 CTX 0.05 + CXM 1.5 + CRO 0.045 + AM 512 
    13 CTX 0.05 + CXM 1.5 + AMC 8.512 + AM 512 
    14 CTX 0.05 + CXM 1.5 + CTT 0.0325 + AM 512 
    15 CTX 0.05 + CRO 0.045 + AM 512 + FEP 0.0156 
    16 CTX 0.05 + CRO 0.045 + CEC 1 + AM 512 
    17 CTX 0.05 + CRO 0.045 + CXM 1.5 + AM 512 
    18 CTX 0.05 + CRO 0.045 + CRO 0.045 + AM 512 
    19 CTX 0.05 + CRO 0.045 + AMC 8.512 + AM 512 
    20 CTX 0.05 + CRO 0.045 + CTT 0.0325 + AM 512 
    21 CTX 0.05 + AMC 8.512 + AM 512 + FEP 0.0156 
    22 CTX 0.05 + AMC 8.512 + CEC 1 + AM 512 
    23 CTX 0.05 + AMC 8.512 + CXM 1.5 + AM 512 
    24 CTX 0.05 + AMC 8.512 + CRO 0.045 + AM 512 
    25 CTX 0.05 + AMC 8.512 + AMC 8.512 + AM 512 
    26 CTX 0.05 + AMC 8.512 + CTT 0.0325 + AM 512 
    27 CTX 0.05 + CTT 0.0325 + AM 512 + FEP 0.0156 
    28 CTX 0.05 + CTT 0.0325 + CEC 1 + AM 512 
    29 CTX 0.05 + CTT 0.0325 + CXM 1.5 + AM 512 
    30 CTX 0.05 + CTT 0.0325 + CRO 0.045 + AM 512 
    31 CTX 0.05 + CTT 0.0325 + AMC 8.512 + AM 512 
    32 CTX 0.05 + CTT 0.0325 + CTT 0.0325 + AM 512 
    33 CTX 0.05 + SAM 8.8 + CTX 0.05 + AM 512 
    34 CTX 0.05 + SAM 8.8 + ZOX 0.3 + AM 512 
    35 CTX 0.05 + SAM 8.8 + CXM 1.5 + AM 512 
    36 CTX 0.05 + CPD 2 + TZP 8.128 + AM 512 
    37 ZOX 0.3 + AM 512 + FEP 0.0156 + FEP 0.0156 
    38 ZOX 0.3 + CEC 1 + AM 512 + FEP 0.0156 
    39 ZOX 0.3 + CEC 1 + CEC 1 + AM 512 
    40 ZOX 0.3 + CEC 1 + CXM 1.5 + AM 512 
    41 ZOX 0.3 + CEC 1 + CRO 0.045 + AM 512 
    42 ZOX 0.3 + CEC 1 + AMC 8.512 + AM 512 
    43 ZOX 0.3 + CEC 1 + CTT 0.0325 + AM 512 
    44 ZOX 0.3 + CTX 0.05 + TZP 8.128 + AM 512 
    45 ZOX 0.3 + CXM 1.5 + AM 512 + FEP 0.0156 
    46 ZOX 0.3 + CXM 1.5 + CEC 1 + AM 512 
    47 ZOX 0.3 + CXM 1.5 + CXM 1.5 + AM 512 
    48 ZOX 0.3 + CXM 1.5 + CRO 0.045 + AM 512 
    49 ZOX 0.3 + CXM 1.5 + AMC 8.512 + AM 512 
    50 ZOX 0.3 + CXM 1.5 + CTT 0.0325 + AM 512 
    51 ZOX 0.3 + CRO 0.045 + AM 512 + FEP 0.0156 
    52 ZOX 0.3 + CRO 0.045 + CEC 1 + AM 512 
    53 ZOX 0.3 + CRO 0.045 + CXM 1.5 + AM 512 
    54 ZOX 0.3 + CRO 0.045 + CRO 0.045 + AM 512 
    55 ZOX 0.3 + CRO 0.045 + AMC 8.512 + AM 512 
    56 ZOX 0.3 + CRO 0.045 + CTT 0.0325 + AM 512 
    57 ZOX 0.3 + AMC 8.512 + AM 512 + FEP 0.0156 
    58 ZOX 0.3 + AMC 8.512 + CEC 1 + AM 512 
    59 ZOX 0.3 + AMC 8.512 + CXM 1.5 + AM 512 
    60 ZOX 0.3 + AMC 8.512 + CRO 0.045 + AM 512 
    61 ZOX 0.3 + AMC 8.512 + AMC 8.512 + AM 512 
    62 ZOX 0.3 + AMC 8.512 + CTT 0.0325 + AM 512 
    63 ZOX 0.3 + CTT 0.0325 + AM 512 + FEP 0.0156 
    64 ZOX 0.3 + CTT 0.0325 + CEC 1 + AM 512 
    65 ZOX 0.3 + CTT 0.0325 + CXM 1.5 + AM 512 
    66 ZOX 0.3 + CTT 0.0325 + CRO 0.045 + AM 512 
    67 ZOX 0.3 + CTT 0.0325 + AMC 8.512 + AM 512 
    68 ZOX 0.3 + CTT 0.0325 + CTT 0.0325 + AM 512 
    69 ZOX 0.3 + SAM 8.8 + CTX 0.05 + AM 512 
    70 ZOX 0.3 + SAM 8.8 + ZOX 0.3 + AM 512 
    71 ZOX 0.3 + SAM 8.8 + CXM 1.5 + AM 512 
    72 ZOX 0.3 + CPD 2 + TZP 8.128 + AM 512 
    73 CXM 1.5 + AM 512 + FEP 0.0156 + FEP 0.0156 
    74 CXM 1.5 + CEC 1 + AM 512 + FEP 0.0156 
    75 CXM 1.5 + CEC 1 + CEC 1 + AM 512 
    76 CXM 1.5 + CEC 1 + CXM 1.5 + AM 512 
    77 CXM 1.5 + CEC 1 + CRO 0.045 + AM 512 
    78 CXM 1.5 + CEC 1 + AMC 8.512 + AM 512 
    79 CXM 1.5 + CEC 1 + CTT 0.0325 + AM 512 
    80 CXM 1.5 + CTX 0.05 + TZP 8.128 + AM 512 
    81 CXM 1.5 + CXM 1.5 + AM 512 + FEP 0.0156 
    82 CXM 1.5 + CXM 1.5 + CEC 1 + AM 512 
    83 CXM 1.5 + CXM 1.5 + CXM 1.5 + AM 512 
    84 CXM 1.5 + CXM 1.5 + CRO 0.045 + AM 512 
    85 CXM 1.5 + CXM 1.5 + AMC 8.512 + AM 512 
    86 CXM 1.5 + CXM 1.5 + CTT 0.0325 + AM 512 
    87 CXM 1.5 + CRO 0.045 + AM 512 + FEP 0.0156 
    88 CXM 1.5 + CRO 0.045 + CEC 1 + AM 512 
    89 CXM 1.5 + CRO 0.045 + CXM 1.5 + AM 512 
    90 CXM 1.5 + CRO 0.045 + CRO 0.045 + AM 512 
    91 CXM 1.5 + CRO 0.045 + AMC 8.512 + AM 512 
    92 CXM 1.5 + CRO 0.045 + CTT 0.0325 + AM 512 
    93 CXM 1.5 + AMC 8.512 + AM 512 + FEP 0.0156 
    94 CXM 1.5 + AMC 8.512 + CEC 1 + AM 512 
    95 CXM 1.5 + AMC 8.512 + CXM 1.5 + AM 512 
    96 CXM 1.5 + AMC 8.512 + CRO 0.045 + AM 512 
    97 CXM 1.5 + AMC 8.512 + AMC 8.512 + AM 512 
    98 CXM 1.5 + AMC 8.512 + CTT 0.0325 + AM 512 
    99 CXM 1.5 + CTT 0.0325 + AM 512 + FEP 0.0156 
   100 CXM 1.5 + CTT 0.0325 + CEC 1 + AM 512 
   101 CXM 1.5 + CTT 0.0325 + CXM 1.5 + AM 512 
   102 CXM 1.5 + CTT 0.0325 + CRO 0.045 + AM 512 
   103 CXM 1.5 + CTT 0.0325 + AMC 8.512 + AM 512 
   104 CXM 1.5 + CTT 0.0325 + CTT 0.0325 + AM 512 
   105 CXM 1.5 + SAM 8.8 + CTX 0.05 + AM 512 
   106 CXM 1.5 + SAM 8.8 + ZOX 0.3 + AM 512 
   107 CXM 1.5 + SAM 8.8 + CXM 1.5 + AM 512 
   108 CXM 1.5 + CPD 2 + TZP 8.128 + AM 512 

 [1  0  1  0] Prob =  7.146233e-01
    27 Plans found:
     1 CTX 0.05 + CTX 0.05 + ZOX 0.3 + TZP 8.128 
     2 CTX 0.05 + ZOX 0.3 + AM 512 + TZP 8.128 
     3 CTX 0.05 + ZOX 0.3 + TZP 8.128 + FEP 0.0156 
     4 CTX 0.05 + CRO 0.045 + ZOX 0.3 + TZP 8.128 
     5 CTX 0.05 + CPD 2 + ZOX 0.3 + TZP 8.128 
     6 CTX 0.05 + FEP 0.0156 + ZOX 0.3 + TZP 8.128 
     7 ZOX 0.3 + AM 512 + AM 512 + TZP 8.128 
     8 ZOX 0.3 + AM 512 + TZP 8.128 + FEP 0.0156 
     9 ZOX 0.3 + TZP 8.128 + FEP 0.0156 + FEP 0.0156 
    10 CRO 0.045 + CTX 0.05 + ZOX 0.3 + TZP 8.128 
    11 CRO 0.045 + ZOX 0.3 + AM 512 + TZP 8.128 
    12 CRO 0.045 + ZOX 0.3 + TZP 8.128 + FEP 0.0156 
    13 CRO 0.045 + CRO 0.045 + ZOX 0.3 + TZP 8.128 
    14 CRO 0.045 + CPD 2 + ZOX 0.3 + TZP 8.128 
    15 CRO 0.045 + FEP 0.0156 + ZOX 0.3 + TZP 8.128 
    16 CPD 2 + CTX 0.05 + ZOX 0.3 + TZP 8.128 
    17 CPD 2 + ZOX 0.3 + AM 512 + TZP 8.128 
    18 CPD 2 + ZOX 0.3 + TZP 8.128 + FEP 0.0156 
    19 CPD 2 + CRO 0.045 + ZOX 0.3 + TZP 8.128 
    20 CPD 2 + CPD 2 + ZOX 0.3 + TZP 8.128 
    21 CPD 2 + FEP 0.0156 + ZOX 0.3 + TZP 8.128 
    22 FEP 0.0156 + CTX 0.05 + ZOX 0.3 + TZP 8.128 
    23 FEP 0.0156 + ZOX 0.3 + AM 512 + TZP 8.128 
    24 FEP 0.0156 + ZOX 0.3 + TZP 8.128 + FEP 0.0156 
    25 FEP 0.0156 + CRO 0.045 + ZOX 0.3 + TZP 8.128 
    26 FEP 0.0156 + CPD 2 + ZOX 0.3 + TZP 8.128 
    27 FEP 0.0156 + FEP 0.0156 + ZOX 0.3 + TZP 8.128 

 [1  0  0  1] Prob =  7.263697e-01
     1 Plans found:
     1 CTX 0.05 + TZP 8.128 + CTT 0.0325 + CPR 10 

 [0  1  1  0] Prob =  6.171862e-01
    78 Plans found:
     1 AMP8X 256 + AMP8X 256 + TZP 8.128 + AM 512 
     2 AMP8X 256 + CTX 0.05 + TZP 8.128 + AM 512 
     3 AMP8X 256 + CAZ 0.1 + TZP 8.128 + AM 512 
     4 AMP8X 256 + CPR 10 + TZP 8.128 + AM 512 
     5 AMP8X 256 + TZP 8.128 + AM 512 + FEP 0.0156 
     6 AMP8X 256 + TZP 8.128 + CEC 1 + AM 512 
     7 AMP8X 256 + TZP 8.128 + CXM 1.5 + AM 512 
     8 AMP8X 256 + TZP 8.128 + CRO 0.045 + AM 512 
     9 AMP8X 256 + TZP 8.128 + AMC 8.512 + AM 512 
    10 AMP8X 256 + TZP 8.128 + CTT 0.0325 + AM 512 
    11 CTX 0.05 + AMP8X 256 + TZP 8.128 + AM 512 
    12 CTX 0.05 + CTX 0.05 + TZP 8.128 + AM 512 
    13 CTX 0.05 + CAZ 0.1 + TZP 8.128 + AM 512 
    14 CTX 0.05 + CPR 10 + TZP 8.128 + AM 512 
    15 CTX 0.05 + TZP 8.128 + AM 512 + FEP 0.0156 
    16 CTX 0.05 + TZP 8.128 + CEC 1 + AM 512 
    17 CTX 0.05 + TZP 8.128 + CXM 1.5 + AM 512 
    18 CTX 0.05 + TZP 8.128 + CRO 0.045 + AM 512 
    19 CTX 0.05 + TZP 8.128 + AMC 8.512 + AM 512 
    20 CTX 0.05 + TZP 8.128 + CTT 0.0325 + AM 512 
    21 CAZ 0.1 + AMP8X 256 + TZP 8.128 + AM 512 
    22 CAZ 0.1 + CTX 0.05 + TZP 8.128 + AM 512 
    23 CAZ 0.1 + CAZ 0.1 + TZP 8.128 + AM 512 
    24 CAZ 0.1 + CPR 10 + TZP 8.128 + AM 512 
    25 CAZ 0.1 + TZP 8.128 + AM 512 + FEP 0.0156 
    26 CAZ 0.1 + TZP 8.128 + CEC 1 + AM 512 
    27 CAZ 0.1 + TZP 8.128 + CXM 1.5 + AM 512 
    28 CAZ 0.1 + TZP 8.128 + CRO 0.045 + AM 512 
    29 CAZ 0.1 + TZP 8.128 + AMC 8.512 + AM 512 
    30 CAZ 0.1 + TZP 8.128 + CTT 0.0325 + AM 512 
    31 CPR 10 + AMP8X 256 + TZP 8.128 + AM 512 
    32 CPR 10 + CTX 0.05 + TZP 8.128 + AM 512 
    33 CPR 10 + CAZ 0.1 + TZP 8.128 + AM 512 
    34 CPR 10 + CPR 10 + TZP 8.128 + AM 512 
    35 CPR 10 + TZP 8.128 + AM 512 + FEP 0.0156 
    36 CPR 10 + TZP 8.128 + CEC 1 + AM 512 
    37 CPR 10 + TZP 8.128 + CXM 1.5 + AM 512 
    38 CPR 10 + TZP 8.128 + CRO 0.045 + AM 512 
    39 CPR 10 + TZP 8.128 + AMC 8.512 + AM 512 
    40 CPR 10 + TZP 8.128 + CTT 0.0325 + AM 512 
    41 TZP 8.128 + AM 512 + FEP 0.0156 + FEP 0.0156 
    42 TZP 8.128 + CEC 1 + AM 512 + FEP 0.0156 
    43 TZP 8.128 + CEC 1 + CEC 1 + AM 512 
    44 TZP 8.128 + CEC 1 + CXM 1.5 + AM 512 
    45 TZP 8.128 + CEC 1 + CRO 0.045 + AM 512 
    46 TZP 8.128 + CEC 1 + AMC 8.512 + AM 512 
    47 TZP 8.128 + CEC 1 + CTT 0.0325 + AM 512 
    48 TZP 8.128 + CTX 0.05 + TZP 8.128 + AM 512 
    49 TZP 8.128 + CXM 1.5 + AM 512 + FEP 0.0156 
    50 TZP 8.128 + CXM 1.5 + CEC 1 + AM 512 
    51 TZP 8.128 + CXM 1.5 + CXM 1.5 + AM 512 
    52 TZP 8.128 + CXM 1.5 + CRO 0.045 + AM 512 
    53 TZP 8.128 + CXM 1.5 + AMC 8.512 + AM 512 
    54 TZP 8.128 + CXM 1.5 + CTT 0.0325 + AM 512 
    55 TZP 8.128 + CRO 0.045 + AM 512 + FEP 0.0156 
    56 TZP 8.128 + CRO 0.045 + CEC 1 + AM 512 
    57 TZP 8.128 + CRO 0.045 + CXM 1.5 + AM 512 
    58 TZP 8.128 + CRO 0.045 + CRO 0.045 + AM 512 
    59 TZP 8.128 + CRO 0.045 + AMC 8.512 + AM 512 
    60 TZP 8.128 + CRO 0.045 + CTT 0.0325 + AM 512 
    61 TZP 8.128 + AMC 8.512 + AM 512 + FEP 0.0156 
    62 TZP 8.128 + AMC 8.512 + CEC 1 + AM 512 
    63 TZP 8.128 + AMC 8.512 + CXM 1.5 + AM 512 
    64 TZP 8.128 + AMC 8.512 + CRO 0.045 + AM 512 
    65 TZP 8.128 + AMC 8.512 + AMC 8.512 + AM 512 
    66 TZP 8.128 + AMC 8.512 + CTT 0.0325 + AM 512 
    67 TZP 8.128 + CTT 0.0325 + AM 512 + FEP 0.0156 
    68 TZP 8.128 + CTT 0.0325 + CEC 1 + AM 512 
    69 TZP 8.128 + CTT 0.0325 + CXM 1.5 + AM 512 
    70 TZP 8.128 + CTT 0.0325 + CRO 0.045 + AM 512 
    71 TZP 8.128 + CTT 0.0325 + AMC 8.512 + AM 512 
    72 TZP 8.128 + CTT 0.0325 + CTT 0.0325 + AM 512 
    73 TZP 8.128 + SAM 8.8 + CTX 0.05 + AM 512 
    74 TZP 8.128 + SAM 8.8 + ZOX 0.3 + AM 512 
    75 TZP 8.128 + SAM 8.8 + CXM 1.5 + AM 512 
    76 TZP 8.128 + CPD 2 + TZP 8.128 + AM 512 
    77 FEP 0.0156 + CAZ 0.1 + TZP 8.128 + AM 512 
    78 FEP 0.0156 + CPR 10 + TZP 8.128 + AM 512 

 [0  1  0  1] Prob =  6.117687e-01
     1 Plans found:
     1 CEC 1 + AMC 8.512 + CRO 0.045 + AM 512 

 [0  0  1  1] Prob =  5.856736e-01
     2 Plans found:
     1 ZOX 0.3 + TZP 8.128 + CRO 0.045 + AM 512 
     2 CPD 2 + TZP 8.128 + CRO 0.045 + AM 512 

 [1  1  1  0] Prob =  6.171862e-01
    24 Plans found:
     1 CEC 1 + CAZ 0.1 + TZP 8.128 + AM 512 
     2 CEC 1 + CPR 10 + TZP 8.128 + AM 512 
     3 CAZ 0.1 + AMP8X 256 + TZP 8.128 + AM 512 
     4 CAZ 0.1 + CTX 0.05 + TZP 8.128 + AM 512 
     5 CAZ 0.1 + CAZ 0.1 + TZP 8.128 + AM 512 
     6 CAZ 0.1 + CPR 10 + TZP 8.128 + AM 512 
     7 CAZ 0.1 + TZP 8.128 + AM 512 + FEP 0.0156 
     8 CAZ 0.1 + TZP 8.128 + CEC 1 + AM 512 
     9 CAZ 0.1 + TZP 8.128 + CXM 1.5 + AM 512 
    10 CAZ 0.1 + TZP 8.128 + CRO 0.045 + AM 512 
    11 CAZ 0.1 + TZP 8.128 + AMC 8.512 + AM 512 
    12 CAZ 0.1 + TZP 8.128 + CTT 0.0325 + AM 512 
    13 CTT 0.0325 + CAZ 0.1 + TZP 8.128 + AM 512 
    14 CTT 0.0325 + CPR 10 + TZP 8.128 + AM 512 
    15 CPR 10 + AMP8X 256 + TZP 8.128 + AM 512 
    16 CPR 10 + CTX 0.05 + TZP 8.128 + AM 512 
    17 CPR 10 + CAZ 0.1 + TZP 8.128 + AM 512 
    18 CPR 10 + CPR 10 + TZP 8.128 + AM 512 
    19 CPR 10 + TZP 8.128 + AM 512 + FEP 0.0156 
    20 CPR 10 + TZP 8.128 + CEC 1 + AM 512 
    21 CPR 10 + TZP 8.128 + CXM 1.5 + AM 512 
    22 CPR 10 + TZP 8.128 + CRO 0.045 + AM 512 
    23 CPR 10 + TZP 8.128 + AMC 8.512 + AM 512 
    24 CPR 10 + TZP 8.128 + CTT 0.0325 + AM 512 

 [1  1  0  1] Prob =  5.919044e-01
    24 Plans found:
     1 AM 512 + CAZ 0.1 + CRO 0.045 + AM 512 
     2 AM 512 + TZP 8.128 + CRO 0.045 + AM 512 
     3 AMC 8.512 + CAZ 0.1 + CRO 0.045 + AM 512 
     4 AMC 8.512 + TZP 8.128 + CRO 0.045 + AM 512 
     5 CAZ 0.1 + CRO 0.045 + AM 512 + FEP 0.0156 
     6 CAZ 0.1 + CRO 0.045 + CEC 1 + AM 512 
     7 CAZ 0.1 + CRO 0.045 + CXM 1.5 + AM 512 
     8 CAZ 0.1 + CRO 0.045 + CRO 0.045 + AM 512 
     9 CAZ 0.1 + CRO 0.045 + AMC 8.512 + AM 512 
    10 CAZ 0.1 + CRO 0.045 + CTT 0.0325 + AM 512 
    11 CAZ 0.1 + CAZ 0.1 + CRO 0.045 + AM 512 
    12 CAZ 0.1 + CPR 10 + CRO 0.045 + AM 512 
    13 CAZ 0.1 + TZP 8.128 + CRO 0.045 + AM 512 
    14 CTT 0.0325 + CAZ 0.1 + CRO 0.045 + AM 512 
    15 CTT 0.0325 + TZP 8.128 + CRO 0.045 + AM 512 
    16 TZP 8.128 + CRO 0.045 + AM 512 + FEP 0.0156 
    17 TZP 8.128 + CRO 0.045 + CEC 1 + AM 512 
    18 TZP 8.128 + CRO 0.045 + CXM 1.5 + AM 512 
    19 TZP 8.128 + CRO 0.045 + CRO 0.045 + AM 512 
    20 TZP 8.128 + CRO 0.045 + AMC 8.512 + AM 512 
    21 TZP 8.128 + CRO 0.045 + CTT 0.0325 + AM 512 
    22 TZP 8.128 + CAZ 0.1 + CRO 0.045 + AM 512 
    23 TZP 8.128 + CPR 10 + CRO 0.045 + AM 512 
    24 TZP 8.128 + TZP 8.128 + CRO 0.045 + AM 512 

 [1  0  1  1] Prob =  5.319472e-01
     1 Plans found:
     1 TZP 8.128 + CTT 0.0325 + CPR 10 + FEP 0.0156 

 [0  1  1  1] Prob =  5.997049e-01
     1 Plans found:
     1 TZP 8.128 + TZP 8.128 + CRO 0.045 + AM 512 

 [1  1  1  1] Prob =  6.171862e-01
     4 Plans found:
     1 CEC 1 + CAZ 0.1 + TZP 8.128 + AM 512 
     2 CEC 1 + CPR 10 + TZP 8.128 + AM 512 
     3 CPR 10 + CAZ 0.1 + TZP 8.128 + AM 512 
     4 CPR 10 + CPR 10 + TZP 8.128 + AM 512 
