Output File name: T50Length2.out

 [1  0  0  0] Prob =  1.000000e+00
     3 Plans found:
     1 CTT 0.0325 + CPR 10 
     2 CPR 10 + FEP 0.0156 
     3 TZP 8.128 + CPR 10 

 [0  1  0  0] Prob =  6.171862e-01
     6 Plans found:
     1 AM 512 + FEP 0.0156 
     2 CEC 1 + AM 512 
     3 CXM 1.5 + AM 512 
     4 CRO 0.045 + AM 512 
     5 AMC 8.512 + AM 512 
     6 CTT 0.0325 + AM 512 

 [0  0  1  0] Prob =  7.146233e-01
     2 Plans found:
     1 AM 512 + TZP 8.128 
     2 TZP 8.128 + FEP 0.0156 

 [0  0  0  1] Prob =  2.871467e-01
     1 Plans found:
     1 CEC 1 + FEP 0.0156 

 [1  1  0  0] Prob =  6.171862e-01
     3 Plans found:
     1 CTX 0.05 + AM 512 
     2 ZOX 0.3 + AM 512 
     3 CXM 1.5 + AM 512 

 [1  0  1  0] Prob =  7.146233e-01
     1 Plans found:
     1 ZOX 0.3 + TZP 8.128 

 [1  0  0  1] Prob =  5.589744e-01
     1 Plans found:
     1 CTT 0.0325 + CPR 10 

 [0  1  1  0] Prob =  6.171862e-01
     1 Plans found:
     1 TZP 8.128 + AM 512 

 [0  1  0  1] Prob =  5.919044e-01
     1 Plans found:
     1 CRO 0.045 + AM 512 

 [0  0  1  1] Prob =  3.614667e-01
     1 Plans found:
     1 AM 512 + TZP 8.128 
