Output File name: T50Length3.out

 [1  0  0  0] Prob =  1.000000e+00
     7 Plans found:
     1 CTT 0.0325+CTT 0.0325+CPR 10 
     2 CTT 0.0325+CPR 10+FEP 0.0156 
     3 CTT 0.0325+TZP 8.128+CPR 10 
     4 CPR 10+FEP 0.0156+FEP 0.0156 
     5 TZP 8.128+CTT 0.0325+CPR 10 
     6 TZP 8.128+CPR 10+FEP 0.0156 
     7 TZP 8.128+TZP 8.128+CPR 10 

 [0  1  0  0] Prob =  6.171862e-01
    36 Plans found:
     1 AM 512+FEP 0.0156+FEP 0.0156 
     2 CEC 1+AM 512+FEP 0.0156 
     3 CEC 1+CEC 1+AM 512 
     4 CEC 1+CXM 1.5+AM 512 
     5 CEC 1+CRO 0.045+AM 512 
     6 CEC 1+AMC 8.512+AM 512 
     7 CEC 1+CTT 0.0325+AM 512 
     8 CTX 0.05+TZP 8.128+AM 512 
     9 CXM 1.5+AM 512+FEP 0.0156 
    10 CXM 1.5+CEC 1+AM 512 
    11 CXM 1.5+CXM 1.5+AM 512 
    12 CXM 1.5+CRO 0.045+AM 512 
    13 CXM 1.5+AMC 8.512+AM 512 
    14 CXM 1.5+CTT 0.0325+AM 512 
    15 CRO 0.045+AM 512+FEP 0.0156 
    16 CRO 0.045+CEC 1+AM 512 
    17 CRO 0.045+CXM 1.5+AM 512 
    18 CRO 0.045+CRO 0.045+AM 512 
    19 CRO 0.045+AMC 8.512+AM 512 
    20 CRO 0.045+CTT 0.0325+AM 512 
    21 AMC 8.512+AM 512+FEP 0.0156 
    22 AMC 8.512+CEC 1+AM 512 
    23 AMC 8.512+CXM 1.5+AM 512 
    24 AMC 8.512+CRO 0.045+AM 512 
    25 AMC 8.512+AMC 8.512+AM 512 
    26 AMC 8.512+CTT 0.0325+AM 512 
    27 CTT 0.0325+AM 512+FEP 0.0156 
    28 CTT 0.0325+CEC 1+AM 512 
    29 CTT 0.0325+CXM 1.5+AM 512 
    30 CTT 0.0325+CRO 0.045+AM 512 
    31 CTT 0.0325+AMC 8.512+AM 512 
    32 CTT 0.0325+CTT 0.0325+AM 512 
    33 SAM 8.8+CTX 0.05+AM 512 
    34 SAM 8.8+ZOX 0.3+AM 512 
    35 SAM 8.8+CXM 1.5+AM 512 
    36 CPD 2+TZP 8.128+AM 512 

 [0  0  1  0] Prob =  7.146233e-01
     3 Plans found:
     1 AM 512+AM 512+TZP 8.128 
     2 AM 512+TZP 8.128+FEP 0.0156 
     3 TZP 8.128+FEP 0.0156+FEP 0.0156 

 [0  0  0  1] Prob =  5.919044e-01
     2 Plans found:
     1 AMC 8.512+CRO 0.045+AM 512 
     2 TZP 8.128+CRO 0.045+AM 512 

 [1  1  0  0] Prob =  6.171862e-01
    18 Plans found:
     1 CTX 0.05+AM 512+FEP 0.0156 
     2 CTX 0.05+CEC 1+AM 512 
     3 CTX 0.05+CXM 1.5+AM 512 
     4 CTX 0.05+CRO 0.045+AM 512 
     5 CTX 0.05+AMC 8.512+AM 512 
     6 CTX 0.05+CTT 0.0325+AM 512 
     7 ZOX 0.3+AM 512+FEP 0.0156 
     8 ZOX 0.3+CEC 1+AM 512 
     9 ZOX 0.3+CXM 1.5+AM 512 
    10 ZOX 0.3+CRO 0.045+AM 512 
    11 ZOX 0.3+AMC 8.512+AM 512 
    12 ZOX 0.3+CTT 0.0325+AM 512 
    13 CXM 1.5+AM 512+FEP 0.0156 
    14 CXM 1.5+CEC 1+AM 512 
    15 CXM 1.5+CXM 1.5+AM 512 
    16 CXM 1.5+CRO 0.045+AM 512 
    17 CXM 1.5+AMC 8.512+AM 512 
    18 CXM 1.5+CTT 0.0325+AM 512 

 [1  0  1  0] Prob =  7.146233e-01
     6 Plans found:
     1 CTX 0.05+ZOX 0.3+TZP 8.128 
     2 ZOX 0.3+AM 512+TZP 8.128 
     3 ZOX 0.3+TZP 8.128+FEP 0.0156 
     4 CRO 0.045+ZOX 0.3+TZP 8.128 
     5 CPD 2+ZOX 0.3+TZP 8.128 
     6 FEP 0.0156+ZOX 0.3+TZP 8.128 

 [1  0  0  1] Prob =  5.589744e-01
     4 Plans found:
     1 ZOX 0.3+CTT 0.0325+CPR 10 
     2 CTT 0.0325+CTT 0.0325+CPR 10 
     3 CTT 0.0325+CPR 10+FEP 0.0156 
     4 CTT 0.0325+TZP 8.128+CPR 10 

 [0  1  1  0] Prob =  6.171862e-01
    10 Plans found:
     1 AMP8X 256+TZP 8.128+AM 512 
     2 CTX 0.05+TZP 8.128+AM 512 
     3 CAZ 0.1+TZP 8.128+AM 512 
     4 CPR 10+TZP 8.128+AM 512 
     5 TZP 8.128+AM 512+FEP 0.0156 
     6 TZP 8.128+CEC 1+AM 512 
     7 TZP 8.128+CXM 1.5+AM 512 
     8 TZP 8.128+CRO 0.045+AM 512 
     9 TZP 8.128+AMC 8.512+AM 512 
    10 TZP 8.128+CTT 0.0325+AM 512 

 [0  1  0  1] Prob =  5.919044e-01
     9 Plans found:
     1 CRO 0.045+AM 512+FEP 0.0156 
     2 CRO 0.045+CEC 1+AM 512 
     3 CRO 0.045+CXM 1.5+AM 512 
     4 CRO 0.045+CRO 0.045+AM 512 
     5 CRO 0.045+AMC 8.512+AM 512 
     6 CRO 0.045+CTT 0.0325+AM 512 
     7 CAZ 0.1+CRO 0.045+AM 512 
     8 CPR 10+CRO 0.045+AM 512 
     9 TZP 8.128+CRO 0.045+AM 512 

 [0  0  1  1] Prob =  3.614667e-01
     9 Plans found:
     1 AMP8X 256+AM 512+TZP 8.128 
     2 AM 512+AM 512+TZP 8.128 
     3 AM 512+TZP 8.128+FEP 0.0156 
     4 CEC 1+AM 512+TZP 8.128 
     5 CTX 0.05+AM 512+TZP 8.128 
     6 CRO 0.045+AM 512+TZP 8.128 
     7 CAZ 0.1+AM 512+TZP 8.128 
     8 CPR 10+AM 512+TZP 8.128 
     9 FEP 0.0156+AM 512+TZP 8.128 

 [1  1  1  0] Prob =  6.171862e-01
     2 Plans found:
     1 CAZ 0.1+TZP 8.128+AM 512 
     2 CPR 10+TZP 8.128+AM 512 

 [1  1  0  1] Prob =  5.919044e-01
     2 Plans found:
     1 CAZ 0.1+CRO 0.045+AM 512 
     2 TZP 8.128+CRO 0.045+AM 512 

 [1  0  1  1] Prob =  5.319472e-01
     1 Plans found:
     1 TZP 8.128+CTT 0.0325+CPR 10 

 [0  1  1  1] Prob =  5.856736e-01
     1 Plans found:
     1 TZP 8.128+CRO 0.045+AM 512 

 [1  1  1  1] No Plans Found Run time =  2.590000e+00
